0 verbose cli /usr/local/bin/node /usr/local/bin/npm
1 info using npm@11.11.0
2 info using node@v24.14.1
3 silly config load:file:/usr/local/lib/node_modules/npm/npmrc
4 silly config load:file:/Users/mucellabilican/myfrAIm/.npmrc
5 silly config load:file:/Users/mucellabilican/.npmrc
6 silly config load:file:/usr/local/etc/npmrc
7 verbose title npm install @types/pg @types/nodemailer
8 verbose argv "install" "--save-dev" "@types/pg" "@types/nodemailer"
9 verbose logfile logs-max:10 dir:/Users/mucellabilican/myfrAIm/.npm-cache/_logs/2026-04-15T10_15_57_943Z-
10 verbose logfile /Users/mucellabilican/myfrAIm/.npm-cache/_logs/2026-04-15T10_15_57_943Z-debug-0.log
11 silly logfile done cleaning log files
12 silly packumentCache heap:2348810240 maxSize:587202560 maxEntrySize:293601280
13 silly idealTree buildDeps
14 silly fetch manifest @types/pg@*
15 silly packumentCache full:https://registry.npmjs.org/@types%2fpg cache-miss
16 http fetch GET 200 https://registry.npmjs.org/@types%2fpg 589ms (cache miss)
17 silly packumentCache full:https://registry.npmjs.org/@types%2fpg set size:undefined disposed:false
18 silly fetch manifest @types/nodemailer@*
19 silly packumentCache full:https://registry.npmjs.org/@types%2fnodemailer cache-miss
20 http fetch GET 200 https://registry.npmjs.org/@types%2fnodemailer 828ms (cache miss)
21 silly packumentCache full:https://registry.npmjs.org/@types%2fnodemailer set size:undefined disposed:false
22 silly placeDep ROOT @types/nodemailer@8.0.0 OK for: myfraim@0.1.0 want: *
23 silly placeDep ROOT @types/pg@8.20.0 OK for: myfraim@0.1.0 want: *
24 silly reify moves {}
25 silly audit bulk request {
25 silly audit   '@alloc/quick-lru': [ '5.2.0' ],
25 silly audit   '@babel/runtime': [ '7.29.2' ],
25 silly audit   '@emnapi/core': [ '1.9.2' ],
25 silly audit   '@emnapi/runtime': [ '1.9.2' ],
25 silly audit   '@emnapi/wasi-threads': [ '1.2.1' ],
25 silly audit   '@eslint-community/eslint-utils': [ '4.9.1' ],
25 silly audit   '@eslint-community/regexpp': [ '4.12.2' ],
25 silly audit   '@eslint/config-array': [ '0.21.2' ],
25 silly audit   'balanced-match': [ '1.0.2', '4.0.4' ],
25 silly audit   'brace-expansion': [ '1.1.14', '5.0.5' ],
25 silly audit   minimatch: [ '3.1.5', '10.2.5' ],
25 silly audit   '@eslint/config-helpers': [ '0.4.2' ],
25 silly audit   '@eslint/core': [ '0.17.0' ],
25 silly audit   '@eslint/eslintrc': [ '3.3.5' ],
25 silly audit   globals: [ '14.0.0' ],
25 silly audit   ignore: [ '5.3.2', '7.0.5' ],
25 silly audit   '@eslint/js': [ '9.39.4' ],
25 silly audit   '@eslint/object-schema': [ '2.1.7' ],
25 silly audit   '@eslint/plugin-kit': [ '0.4.1' ],
25 silly audit   '@humanfs/core': [ '0.19.1' ],
25 silly audit   '@humanfs/node': [ '0.16.7' ],
25 silly audit   '@humanwhocodes/module-importer': [ '1.0.1' ],
25 silly audit   '@humanwhocodes/retry': [ '0.4.3' ],
25 silly audit   '@jridgewell/gen-mapping': [ '0.3.13' ],
25 silly audit   '@jridgewell/resolve-uri': [ '3.1.2' ],
25 silly audit   '@jridgewell/sourcemap-codec': [ '1.5.5' ],
25 silly audit   '@jridgewell/trace-mapping': [ '0.3.31' ],
25 silly audit   '@napi-rs/wasm-runtime': [ '0.2.12' ],
25 silly audit   '@next/env': [ '14.2.35' ],
25 silly audit   '@next/eslint-plugin-next': [ '15.5.15' ],
25 silly audit   '@next/swc-darwin-arm64': [ '14.2.33' ],
25 silly audit   '@next/swc-darwin-x64': [ '14.2.33' ],
25 silly audit   '@next/swc-linux-arm64-gnu': [ '14.2.33' ],
25 silly audit   '@next/swc-linux-arm64-musl': [ '14.2.33' ],
25 silly audit   '@next/swc-linux-x64-gnu': [ '14.2.33' ],
25 silly audit   '@next/swc-linux-x64-musl': [ '14.2.33' ],
25 silly audit   '@next/swc-win32-arm64-msvc': [ '14.2.33' ],
25 silly audit   '@next/swc-win32-ia32-msvc': [ '14.2.33' ],
25 silly audit   '@next/swc-win32-x64-msvc': [ '14.2.33' ],
25 silly audit   '@nodelib/fs.scandir': [ '2.1.5' ],
25 silly audit   '@nodelib/fs.stat': [ '2.0.5' ],
25 silly audit   '@nodelib/fs.walk': [ '1.2.8' ],
25 silly audit   '@nolyfill/is-core-module': [ '1.0.39' ],
25 silly audit   '@panva/hkdf': [ '1.2.1' ],
25 silly audit   '@rtsao/scc': [ '1.1.0' ],
25 silly audit   '@rushstack/eslint-patch': [ '1.16.1' ],
25 silly audit   '@swc/counter': [ '0.1.3' ],
25 silly audit   '@swc/helpers': [ '0.5.5' ],
25 silly audit   '@tybys/wasm-util': [ '0.10.1' ],
25 silly audit   '@types/estree': [ '1.0.8' ],
25 silly audit   '@types/json-schema': [ '7.0.15' ],
25 silly audit   '@types/json5': [ '0.0.29' ],
25 silly audit   '@types/node': [ '24.12.2' ],
25 silly audit   '@types/react': [ '19.2.14' ],
25 silly audit   '@types/react-dom': [ '19.2.3' ],
25 silly audit   '@typescript-eslint/eslint-plugin': [ '8.58.2' ],
25 silly audit   '@typescript-eslint/parser': [ '8.58.2' ],
25 silly audit   '@typescript-eslint/project-service': [ '8.58.2' ],
25 silly audit   '@typescript-eslint/scope-manager': [ '8.58.2' ],
25 silly audit   '@typescript-eslint/tsconfig-utils': [ '8.58.2' ],
25 silly audit   '@typescript-eslint/type-utils': [ '8.58.2' ],
25 silly audit   '@typescript-eslint/types': [ '8.58.2' ],
25 silly audit   '@typescript-eslint/typescript-estree': [ '8.58.2' ],
25 silly audit   '@typescript-eslint/utils': [ '8.58.2' ],
25 silly audit   '@typescript-eslint/visitor-keys': [ '8.58.2' ],
25 silly audit   'eslint-visitor-keys': [ '5.0.1', '3.4.3', '4.2.1' ],
25 silly audit   '@unrs/resolver-binding-android-arm-eabi': [ '1.11.1' ],
25 silly audit   '@unrs/resolver-binding-android-arm64': [ '1.11.1' ],
25 silly audit   '@unrs/resolver-binding-darwin-arm64': [ '1.11.1' ],
25 silly audit   '@unrs/resolver-binding-darwin-x64': [ '1.11.1' ],
25 silly audit   '@unrs/resolver-binding-freebsd-x64': [ '1.11.1' ],
25 silly audit   '@unrs/resolver-binding-linux-arm-gnueabihf': [ '1.11.1' ],
25 silly audit   '@unrs/resolver-binding-linux-arm-musleabihf': [ '1.11.1' ],
25 silly audit   '@unrs/resolver-binding-linux-arm64-gnu': [ '1.11.1' ],
25 silly audit   '@unrs/resolver-binding-linux-arm64-musl': [ '1.11.1' ],
25 silly audit   '@unrs/resolver-binding-linux-ppc64-gnu': [ '1.11.1' ],
25 silly audit   '@unrs/resolver-binding-linux-riscv64-gnu': [ '1.11.1' ],
25 silly audit   '@unrs/resolver-binding-linux-riscv64-musl': [ '1.11.1' ],
25 silly audit   '@unrs/resolver-binding-linux-s390x-gnu': [ '1.11.1' ],
25 silly audit   '@unrs/resolver-binding-linux-x64-gnu': [ '1.11.1' ],
25 silly audit   '@unrs/resolver-binding-linux-x64-musl': [ '1.11.1' ],
25 silly audit   '@unrs/resolver-binding-wasm32-wasi': [ '1.11.1' ],
25 silly audit   '@unrs/resolver-binding-win32-arm64-msvc': [ '1.11.1' ],
25 silly audit   '@unrs/resolver-binding-win32-ia32-msvc': [ '1.11.1' ],
25 silly audit   '@unrs/resolver-binding-win32-x64-msvc': [ '1.11.1' ],
25 silly audit   acorn: [ '8.16.0' ],
25 silly audit   'acorn-jsx': [ '5.3.2' ],
25 silly audit   ajv: [ '6.14.0' ],
25 silly audit   'ansi-styles': [ '4.3.0' ],
25 silly audit   'any-promise': [ '1.3.0' ],
25 silly audit   anymatch: [ '3.1.3' ],
25 silly audit   arg: [ '5.0.2' ],
25 silly audit   argparse: [ '2.0.1' ],
25 silly audit   'aria-query': [ '5.3.2' ],
25 silly audit   'array-buffer-byte-length': [ '1.0.2' ],
25 silly audit   'array-includes': [ '3.1.9' ],
25 silly audit   'array.prototype.findlast': [ '1.2.5' ],
25 silly audit   'array.prototype.findlastindex': [ '1.2.6' ],
25 silly audit   'array.prototype.flat': [ '1.3.3' ],
25 silly audit   'array.prototype.flatmap': [ '1.3.3' ],
25 silly audit   'array.prototype.tosorted': [ '1.1.4' ],
25 silly audit   'arraybuffer.prototype.slice': [ '1.0.4' ],
25 silly audit   'ast-types-flow': [ '0.0.8' ],
25 silly audit   'async-function': [ '1.0.0' ],
25 silly audit   autoprefixer: [ '10.5.0' ],
25 silly audit   'available-typed-arrays': [ '1.0.7' ],
25 silly audit   'axe-core': [ '4.11.3' ],
25 silly audit   'axobject-query': [ '4.1.0' ],
25 silly audit   'baseline-browser-mapping': [ '2.10.19' ],
25 silly audit   bcryptjs: [ '3.0.3' ],
25 silly audit   'binary-extensions': [ '2.3.0' ],
25 silly audit   braces: [ '3.0.3' ],
25 silly audit   browserslist: [ '4.28.2' ],
25 silly audit   'buffer-equal-constant-time': [ '1.0.1' ],
25 silly audit   busboy: [ '1.6.0' ],
25 silly audit   'call-bind': [ '1.0.9' ],
25 silly audit   'call-bind-apply-helpers': [ '1.0.2' ],
25 silly audit   'call-bound': [ '1.0.4' ],
25 silly audit   callsites: [ '3.1.0' ],
25 silly audit   'camelcase-css': [ '2.0.1' ],
25 silly audit   'caniuse-lite': [ '1.0.30001788' ],
25 silly audit   chalk: [ '4.1.2' ],
25 silly audit   chokidar: [ '3.6.0' ],
25 silly audit   'glob-parent': [ '5.1.2', '6.0.2' ],
25 silly audit   'client-only': [ '0.0.1' ],
25 silly audit   'color-convert': [ '2.0.1' ],
25 silly audit   'color-name': [ '1.1.4' ],
25 silly audit   commander: [ '4.1.1' ],
25 silly audit   'concat-map': [ '0.0.1' ],
25 silly audit   cookie: [ '0.7.2' ],
25 silly audit   'cross-spawn': [ '7.0.6' ],
25 silly audit   cssesc: [ '3.0.0' ],
25 silly audit   csstype: [ '3.2.3' ],
25 silly audit   'damerau-levenshtein': [ '1.0.8' ],
25 silly audit   'data-view-buffer': [ '1.0.2' ],
25 silly audit   'data-view-byte-length': [ '1.0.2' ],
25 silly audit   'data-view-byte-offset': [ '1.0.1' ],
25 silly audit   debug: [ '4.4.3', '3.2.7' ],
25 silly audit   'deep-is': [ '0.1.4' ],
25 silly audit   'define-data-property': [ '1.1.4' ],
25 silly audit   'define-properties': [ '1.2.1' ],
25 silly audit   didyoumean: [ '1.2.2' ],
25 silly audit   dlv: [ '1.1.3' ],
25 silly audit   doctrine: [ '2.1.0' ],
25 silly audit   dotenv: [ '17.4.2' ],
25 silly audit   'dunder-proto': [ '1.0.1' ],
25 silly audit   'ecdsa-sig-formatter': [ '1.0.11' ],
25 silly audit   'electron-to-chromium': [ '1.5.336' ],
25 silly audit   'emoji-regex': [ '9.2.2' ],
25 silly audit   'es-abstract': [ '1.24.2' ],
25 silly audit   'es-define-property': [ '1.0.1' ],
25 silly audit   'es-errors': [ '1.3.0' ],
25 silly audit   'es-iterator-helpers': [ '1.3.2' ],
25 silly audit   'es-object-atoms': [ '1.1.1' ],
25 silly audit   'es-set-tostringtag': [ '2.1.0' ],
25 silly audit   'es-shim-unscopables': [ '1.1.0' ],
25 silly audit   'es-to-primitive': [ '1.3.0' ],
25 silly audit   escalade: [ '3.2.0' ],
25 silly audit   'escape-string-regexp': [ '4.0.0' ],
25 silly audit   eslint: [ '9.39.4' ],
25 silly audit   'eslint-config-next': [ '15.5.15' ],
25 silly audit   'eslint-import-resolver-node': [ '0.3.10' ],
25 silly audit   'eslint-import-resolver-typescript': [ '3.10.1' ],
25 silly audit   'eslint-module-utils': [ '2.12.1' ],
25 silly audit   'eslint-plugin-import': [ '2.32.0' ],
25 silly audit   semver: [ '6.3.1', '7.7.4' ],
25 silly audit   'eslint-plugin-jsx-a11y': [ '6.10.2' ],
25 silly audit   'eslint-plugin-react': [ '7.37.5' ],
25 silly audit   'eslint-plugin-react-hooks': [ '5.2.0' ],
25 silly audit   'eslint-scope': [ '8.4.0' ],
25 silly audit   espree: [ '10.4.0' ],
25 silly audit   esquery: [ '1.7.0' ],
25 silly audit   esrecurse: [ '4.3.0' ],
25 silly audit   estraverse: [ '5.3.0' ],
25 silly audit   esutils: [ '2.0.3' ],
25 silly audit   'fast-deep-equal': [ '3.1.3' ],
25 silly audit   'fast-glob': [ '3.3.1', '3.3.3' ],
25 silly audit   'fast-json-stable-stringify': [ '2.1.0' ],
25 silly audit   'fast-levenshtein': [ '2.0.6' ],
25 silly audit   fastq: [ '1.20.1' ],
25 silly audit   'file-entry-cache': [ '8.0.0' ],
25 silly audit   'fill-range': [ '7.1.1' ],
25 silly audit   'find-up': [ '5.0.0' ],
25 silly audit   'flat-cache': [ '4.0.1' ],
25 silly audit   flatted: [ '3.4.2' ],
25 silly audit   'for-each': [ '0.3.5' ],
25 silly audit   'fraction.js': [ '5.3.4' ],
25 silly audit   fsevents: [ '2.3.3' ],
25 silly audit   'function-bind': [ '1.1.2' ],
25 silly audit   'function.prototype.name': [ '1.1.8' ],
25 silly audit   'functions-have-names': [ '1.2.3' ],
25 silly audit   'generator-function': [ '2.0.1' ],
25 silly audit   'get-intrinsic': [ '1.3.0' ],
25 silly audit   'get-proto': [ '1.0.1' ],
25 silly audit   'get-symbol-description': [ '1.1.0' ],
25 silly audit   'get-tsconfig': [ '4.14.0' ],
25 silly audit   globalthis: [ '1.0.4' ],
25 silly audit   gopd: [ '1.2.0' ],
25 silly audit   'graceful-fs': [ '4.2.11' ],
25 silly audit   'has-bigints': [ '1.1.0' ],
25 silly audit   'has-flag': [ '4.0.0' ],
25 silly audit   'has-property-descriptors': [ '1.0.2' ],
25 silly audit   'has-proto': [ '1.2.0' ],
25 silly audit   'has-symbols': [ '1.1.0' ],
25 silly audit   'has-tostringtag': [ '1.0.2' ],
25 silly audit   hasown: [ '2.0.2' ],
25 silly audit   'import-fresh': [ '3.3.1' ],
25 silly audit   imurmurhash: [ '0.1.4' ],
25 silly audit   'internal-slot': [ '1.1.0' ],
25 silly audit   'is-array-buffer': [ '3.0.5' ],
25 silly audit   'is-async-function': [ '2.1.1' ],
25 silly audit   'is-bigint': [ '1.1.0' ],
25 silly audit   'is-binary-path': [ '2.1.0' ],
25 silly audit   'is-boolean-object': [ '1.2.2' ],
25 silly audit   'is-bun-module': [ '2.0.0' ],
25 silly audit   'is-callable': [ '1.2.7' ],
25 silly audit   'is-core-module': [ '2.16.1' ],
25 silly audit   'is-data-view': [ '1.0.2' ],
25 silly audit   'is-date-object': [ '1.1.0' ],
25 silly audit   'is-extglob': [ '2.1.1' ],
25 silly audit   'is-finalizationregistry': [ '1.1.1' ],
25 silly audit   'is-generator-function': [ '1.1.2' ],
25 silly audit   'is-glob': [ '4.0.3' ],
25 silly audit   'is-map': [ '2.0.3' ],
25 silly audit   'is-negative-zero': [ '2.0.3' ],
25 silly audit   'is-number': [ '7.0.0' ],
25 silly audit   'is-number-object': [ '1.1.1' ],
25 silly audit   'is-regex': [ '1.2.1' ],
25 silly audit   'is-set': [ '2.0.3' ],
25 silly audit   'is-shared-array-buffer': [ '1.0.4' ],
25 silly audit   'is-string': [ '1.1.1' ],
25 silly audit   'is-symbol': [ '1.1.1' ],
25 silly audit   'is-typed-array': [ '1.1.15' ],
25 silly audit   'is-weakmap': [ '2.0.2' ],
25 silly audit   'is-weakref': [ '1.1.1' ],
25 silly audit   'is-weakset': [ '2.0.4' ],
25 silly audit   isarray: [ '2.0.5' ],
25 silly audit   isexe: [ '2.0.0' ],
25 silly audit   'iterator.prototype': [ '1.1.5' ],
25 silly audit   jiti: [ '1.21.7' ],
25 silly audit   jose: [ '6.2.2', '4.15.9' ],
25 silly audit   'js-tokens': [ '4.0.0' ],
25 silly audit   'js-yaml': [ '4.1.1' ],
25 silly audit   'json-buffer': [ '3.0.1' ],
25 silly audit   'json-schema-traverse': [ '0.4.1' ],
25 silly audit   'json-stable-stringify-without-jsonify': [ '1.0.1' ],
25 silly audit   jsonwebtoken: [ '9.0.3' ],
25 silly audit   'jsx-ast-utils': [ '3.3.5' ],
25 silly audit   jwa: [ '2.0.1' ],
25 silly audit   jws: [ '4.0.1' ],
25 silly audit   keyv: [ '4.5.4' ],
25 silly audit   'language-subtag-registry': [ '0.3.23' ],
25 silly audit   'language-tags': [ '1.0.9' ],
25 silly audit   levn: [ '0.4.1' ],
25 silly audit   lilconfig: [ '3.1.3' ],
25 silly audit   'lines-and-columns': [ '1.2.4' ],
25 silly audit   'locate-path': [ '6.0.0' ],
25 silly audit   'lodash.includes': [ '4.3.0' ],
25 silly audit   'lodash.isboolean': [ '3.0.3' ],
25 silly audit   'lodash.isinteger': [ '4.0.4' ],
25 silly audit   'lodash.isnumber': [ '3.0.3' ],
25 silly audit   'lodash.isplainobject': [ '4.0.6' ],
25 silly audit   'lodash.isstring': [ '4.0.1' ],
25 silly audit   'lodash.merge': [ '4.6.2' ],
25 silly audit   'lodash.once': [ '4.1.1' ],
25 silly audit   'loose-envify': [ '1.4.0' ],
25 silly audit   'lru-cache': [ '6.0.0' ],
25 silly audit   'math-intrinsics': [ '1.1.0' ],
25 silly audit   merge2: [ '1.4.1' ],
25 silly audit   micromatch: [ '4.0.8' ],
25 silly audit   minimist: [ '1.2.8' ],
25 silly audit   ms: [ '2.1.3' ],
25 silly audit   mz: [ '2.7.0' ],
25 silly audit   nanoid: [ '3.3.11' ],
25 silly audit   'napi-postinstall': [ '0.3.4' ],
25 silly audit   'natural-compare': [ '1.4.0' ],
25 silly audit   next: [ '14.2.35' ],
25 silly audit   'next-auth': [ '4.24.14' ],
25 silly audit   postcss: [ '8.4.31', '8.5.9' ],
25 silly audit   'node-exports-info': [ '1.6.0' ],
25 silly audit   'node-releases': [ '2.0.37' ],
25 silly audit   nodemailer: [ '7.0.13' ],
25 silly audit   'normalize-path': [ '3.0.0' ],
25 silly audit   oauth: [ '0.9.15' ],
25 silly audit   'object-assign': [ '4.1.1' ],
25 silly audit   'object-hash': [ '2.2.0', '3.0.0' ],
25 silly audit   'object-inspect': [ '1.13.4' ],
25 silly audit   'object-keys': [ '1.1.1' ],
25 silly audit   'object.assign': [ '4.1.7' ],
25 silly audit   'object.entries': [ '1.1.9' ],
25 silly audit   'object.fromentries': [ '2.0.8' ],
25 silly audit   'object.groupby': [ '1.0.3' ],
25 silly audit   'object.values': [ '1.2.1' ],
25 silly audit   'oidc-token-hash': [ '5.2.0' ],
25 silly audit   'openid-client': [ '5.7.1' ],
25 silly audit   optionator: [ '0.9.4' ],
25 silly audit   'own-keys': [ '1.0.1' ],
25 silly audit   'p-limit': [ '3.1.0' ],
25 silly audit   'p-locate': [ '5.0.0' ],
25 silly audit   'parent-module': [ '1.0.1' ],
25 silly audit   'path-exists': [ '4.0.0' ],
25 silly audit   'path-key': [ '3.1.1' ],
25 silly audit   'path-parse': [ '1.0.7' ],
25 silly audit   pg: [ '8.20.0' ],
25 silly audit   'pg-cloudflare': [ '1.3.0' ],
25 silly audit   'pg-connection-string': [ '2.12.0' ],
25 silly audit   'pg-int8': [ '1.0.1' ],
25 silly audit   'pg-pool': [ '3.13.0' ],
25 silly audit   'pg-protocol': [ '1.13.0' ],
25 silly audit   'pg-types': [ '2.2.0' ],
25 silly audit   pgpass: [ '1.0.5' ],
25 silly audit   picocolors: [ '1.1.1' ],
25 silly audit   picomatch: [ '2.3.2', '4.0.4' ],
25 silly audit   pify: [ '2.3.0' ],
25 silly audit   pirates: [ '4.0.7' ],
25 silly audit   'possible-typed-array-names': [ '1.1.0' ],
25 silly audit   'postcss-import': [ '15.1.0' ],
25 silly audit   resolve: [ '1.22.12', '2.0.0-next.6' ],
25 silly audit   'postcss-js': [ '4.1.0' ],
25 silly audit   'postcss-nested': [ '6.2.0' ],
25 silly audit   'postcss-selector-parser': [ '6.1.2' ],
25 silly audit   'postcss-value-parser': [ '4.2.0' ],
25 silly audit   'postgres-array': [ '2.0.0' ],
25 silly audit   'postgres-bytea': [ '1.0.1' ],
25 silly audit   'postgres-date': [ '1.0.7' ],
25 silly audit   'postgres-interval': [ '1.2.0' ],
25 silly audit   preact: [ '10.29.1' ],
25 silly audit   'preact-render-to-string': [ '5.2.6' ],
25 silly audit   'prelude-ls': [ '1.2.1' ],
25 silly audit   'pretty-format': [ '3.8.0' ],
25 silly audit   'prop-types': [ '15.8.1' ],
25 silly audit   punycode: [ '2.3.1' ],
25 silly audit   'queue-microtask': [ '1.2.3' ],
25 silly audit   react: [ '18.3.1' ],
25 silly audit   'react-dom': [ '18.3.1' ],
25 silly audit   'react-is': [ '16.13.1' ],
25 silly audit   'read-cache': [ '1.0.0' ],
25 silly audit   readdirp: [ '3.6.0' ],
25 silly audit   'reflect.getprototypeof': [ '1.0.10' ],
25 silly audit   'regexp.prototype.flags': [ '1.5.4' ],
25 silly audit   'resolve-from': [ '4.0.0' ],
25 silly audit   'resolve-pkg-maps': [ '1.0.0' ],
25 silly audit   reusify: [ '1.1.0' ],
25 silly audit   'run-parallel': [ '1.2.0' ],
25 silly audit   'safe-array-concat': [ '1.1.3' ],
25 silly audit   'safe-buffer': [ '5.2.1' ],
25 silly audit   'safe-push-apply': [ '1.0.0' ],
25 silly audit   'safe-regex-test': [ '1.1.0' ],
25 silly audit   scheduler: [ '0.23.2' ],
25 silly audit   'set-function-length': [ '1.2.2' ],
25 silly audit   'set-function-name': [ '2.0.2' ],
25 silly audit   'set-proto': [ '1.0.0' ],
25 silly audit   'shebang-command': [ '2.0.0' ],
25 silly audit   'shebang-regex': [ '3.0.0' ],
25 silly audit   'side-channel': [ '1.1.0' ],
25 silly audit   'side-channel-list': [ '1.0.1' ],
25 silly audit   'side-channel-map': [ '1.0.1' ],
25 silly audit   'side-channel-weakmap': [ '1.0.2' ],
25 silly audit   'source-map-js': [ '1.2.1' ],
25 silly audit   split2: [ '4.2.0' ],
25 silly audit   'stable-hash': [ '0.0.5' ],
25 silly audit   'stop-iteration-iterator': [ '1.1.0' ],
25 silly audit   streamsearch: [ '1.1.0' ],
25 silly audit   'string.prototype.includes': [ '2.0.1' ],
25 silly audit   'string.prototype.matchall': [ '4.0.12' ],
25 silly audit   'string.prototype.repeat': [ '1.0.0' ],
25 silly audit   'string.prototype.trim': [ '1.2.10' ],
25 silly audit   'string.prototype.trimend': [ '1.0.9' ],
25 silly audit   'string.prototype.trimstart': [ '1.0.8' ],
25 silly audit   'strip-bom': [ '3.0.0' ],
25 silly audit   'strip-json-comments': [ '3.1.1' ],
25 silly audit   'styled-jsx': [ '5.1.1' ],
25 silly audit   sucrase: [ '3.35.1' ],
25 silly audit   'supports-color': [ '7.2.0' ],
25 silly audit   'supports-preserve-symlinks-flag': [ '1.0.0' ],
25 silly audit   tailwindcss: [ '3.4.17' ],
25 silly audit   'postcss-load-config': [ '4.0.2' ],
25 silly audit   thenify: [ '3.3.1' ],
25 silly audit   'thenify-all': [ '1.6.0' ],
25 silly audit   tinyglobby: [ '0.2.16' ],
25 silly audit   fdir: [ '6.5.0' ],
25 silly audit   'to-regex-range': [ '5.0.1' ],
25 silly audit   'ts-api-utils': [ '2.5.0' ],
25 silly audit   'ts-interface-checker': [ '0.1.13' ],
25 silly audit   'tsconfig-paths': [ '3.15.0' ],
25 silly audit   json5: [ '1.0.2' ],
25 silly audit   tslib: [ '2.8.1' ],
25 silly audit   'type-check': [ '0.4.0' ],
25 silly audit   'typed-array-buffer': [ '1.0.3' ],
25 silly audit   'typed-array-byte-length': [ '1.0.3' ],
25 silly audit   'typed-array-byte-offset': [ '1.0.4' ],
25 silly audit   'typed-array-length': [ '1.0.7' ],
25 silly audit   typescript: [ '5.9.3' ],
25 silly audit   'unbox-primitive': [ '1.1.0' ],
25 silly audit   'undici-types': [ '7.16.0' ],
25 silly audit   'unrs-resolver': [ '1.11.1' ],
25 silly audit   'update-browserslist-db': [ '1.2.3' ],
25 silly audit   'uri-js': [ '4.4.1' ],
25 silly audit   'util-deprecate': [ '1.0.2' ],
25 silly audit   uuid: [ '8.3.2' ],
25 silly audit   which: [ '2.0.2' ],
25 silly audit   'which-boxed-primitive': [ '1.1.1' ],
25 silly audit   'which-builtin-type': [ '1.2.1' ],
25 silly audit   'which-collection': [ '1.0.2' ],
25 silly audit   'which-typed-array': [ '1.1.20' ],
25 silly audit   'word-wrap': [ '1.2.5' ],
25 silly audit   xtend: [ '4.0.2' ],
25 silly audit   yallist: [ '4.0.0' ],
25 silly audit   yaml: [ '2.8.3' ],
25 silly audit   'yocto-queue': [ '0.1.0' ],
25 silly audit   zod: [ '4.3.6' ],
25 silly audit   '@types/nodemailer': [ '8.0.0' ],
25 silly audit   '@types/pg': [ '8.20.0' ]
25 silly audit }
26 http cache @types/nodemailer@https://registry.npmjs.org/@types/nodemailer/-/nodemailer-8.0.0.tgz 1ms (cache hit)
27 http cache @types/pg@https://registry.npmjs.org/@types/pg/-/pg-8.20.0.tgz 0ms (cache hit)
28 http cache fsevents@https://registry.npmjs.org/fsevents/-/fsevents-2.3.3.tgz 0ms (cache hit)
29 silly tarball no local data for @types/nodemailer@https://registry.npmjs.org/@types/nodemailer/-/nodemailer-8.0.0.tgz. Extracting by manifest.
30 silly tarball no local data for @types/pg@https://registry.npmjs.org/@types/pg/-/pg-8.20.0.tgz. Extracting by manifest.
31 http fetch POST 200 https://registry.npmjs.org/-/npm/v1/security/advisories/bulk 221ms
32 silly audit report {
32 silly audit report   next: [
32 silly audit report     {
32 silly audit report       id: 1112593,
32 silly audit report       url: 'https://github.com/advisories/GHSA-9g9p-9gw9-jx7f',
32 silly audit report       title: 'Next.js self-hosted applications vulnerable to DoS via Image Optimizer remotePatterns configuration',
32 silly audit report       severity: 'moderate',
32 silly audit report       vulnerable_versions: '>=10.0.0 <15.5.10',
32 silly audit report       cwe: [Array],
32 silly audit report       cvss: [Object]
32 silly audit report     },
32 silly audit report     {
32 silly audit report       id: 1112653,
32 silly audit report       url: 'https://github.com/advisories/GHSA-h25m-26qc-wcjf',
32 silly audit report       title: 'Next.js HTTP request deserialization can lead to DoS when using insecure React Server Components',
32 silly audit report       severity: 'high',
32 silly audit report       vulnerable_versions: '>=13.0.0 <15.0.8',
32 silly audit report       cwe: [Array],
32 silly audit report       cvss: [Object]
32 silly audit report     },
32 silly audit report     {
32 silly audit report       id: 1114897,
32 silly audit report       url: 'https://github.com/advisories/GHSA-ggv3-7p47-pfv8',
32 silly audit report       title: 'Next.js: HTTP request smuggling in rewrites',
32 silly audit report       severity: 'moderate',
32 silly audit report       vulnerable_versions: '>=9.5.0 <15.5.13',
32 silly audit report       cwe: [Array],
32 silly audit report       cvss: [Object]
32 silly audit report     },
32 silly audit report     {
32 silly audit report       id: 1114940,
32 silly audit report       url: 'https://github.com/advisories/GHSA-3x4c-7xq6-9pq8',
32 silly audit report       title: 'Next.js: Unbounded next/image disk cache growth can exhaust storage',
32 silly audit report       severity: 'moderate',
32 silly audit report       vulnerable_versions: '>=10.0.0 <15.5.14',
32 silly audit report       cwe: [Array],
32 silly audit report       cvss: [Object]
32 silly audit report     },
32 silly audit report     {
32 silly audit report       id: 1116376,
32 silly audit report       url: 'https://github.com/advisories/GHSA-q4gf-8mx6-v5v3',
32 silly audit report       title: 'Next.js has a Denial of Service with Server Components',
32 silly audit report       severity: 'high',
32 silly audit report       vulnerable_versions: '>=13.0.0 <15.5.15',
32 silly audit report       cwe: [Array],
32 silly audit report       cvss: [Object]
32 silly audit report     }
32 silly audit report   ],
32 silly audit report   nodemailer: [
32 silly audit report     {
32 silly audit report       id: 1115470,
32 silly audit report       url: 'https://github.com/advisories/GHSA-c7w3-x93f-qmm8',
32 silly audit report       title: 'Nodemailer has SMTP command injection due to unsanitized `envelope.size` parameter',
32 silly audit report       severity: 'low',
32 silly audit report       vulnerable_versions: '<8.0.4',
32 silly audit report       cwe: [Array],
32 silly audit report       cvss: [Object]
32 silly audit report     },
32 silly audit report     {
32 silly audit report       id: 1116270,
32 silly audit report       url: 'https://github.com/advisories/GHSA-vvjj-xcjg-gr5g',
32 silly audit report       title: 'Nodemailer Vulnerable to SMTP Command Injection via CRLF in Transport name Option (EHLO/HELO) ',
32 silly audit report       severity: 'moderate',
32 silly audit report       vulnerable_versions: '<=8.0.4',
32 silly audit report       cwe: [Array],
32 silly audit report       cvss: [Object]
32 silly audit report     }
32 silly audit report   ]
32 silly audit report }
33 silly packumentCache corgi:https://registry.npmjs.org/next cache-miss
34 silly packumentCache corgi:https://registry.npmjs.org/nodemailer cache-miss
35 http fetch GET 200 https://registry.npmjs.org/@types/pg/-/pg-8.20.0.tgz 308ms (cache miss)
36 http fetch GET 200 https://registry.npmjs.org/next 237ms (cache revalidated)
37 silly packumentCache corgi:https://registry.npmjs.org/next set size:24722204 disposed:false
38 http fetch GET 200 https://registry.npmjs.org/nodemailer 1737ms (cache revalidated)
39 silly packumentCache corgi:https://registry.npmjs.org/nodemailer set size:309772 disposed:false
40 silly packumentCache corgi:https://registry.npmjs.org/next-auth cache-miss
41 http cache https://registry.npmjs.org/next-auth 138ms (cache hit)
42 silly packumentCache corgi:https://registry.npmjs.org/next-auth set size:1814253 disposed:false
43 http fetch GET 200 https://registry.npmjs.org/@types/nodemailer/-/nodemailer-8.0.0.tgz 2298ms (cache miss)
44 silly ADD node_modules/@types/pg
45 silly ADD node_modules/@types/nodemailer
46 silly ADD node_modules/fsevents
47 verbose cwd /Users/mucellabilican/myfrAIm
48 verbose os Darwin 24.6.0
49 verbose node v24.14.1
50 verbose npm  v11.11.0
51 verbose exit 0
52 info ok
