0 verbose cli /usr/local/bin/node /usr/local/bin/npm
1 info using npm@11.11.0
2 info using node@v24.14.1
3 silly config load:file:/usr/local/lib/node_modules/npm/npmrc
4 silly config load:file:/Users/mucellabilican/myfrAIm/.npmrc
5 silly config load:file:/Users/mucellabilican/.npmrc
6 silly config load:file:/usr/local/etc/npmrc
7 verbose title npm install tailwindcss@3.4.17
8 verbose argv "install" "--save-dev" "tailwindcss@3.4.17"
9 verbose logfile logs-max:10 dir:/Users/mucellabilican/myfrAIm/.npm-cache/_logs/2026-04-15T10_15_03_541Z-
10 verbose logfile /Users/mucellabilican/myfrAIm/.npm-cache/_logs/2026-04-15T10_15_03_541Z-debug-0.log
11 silly logfile done cleaning log files
12 silly packumentCache heap:2348810240 maxSize:587202560 maxEntrySize:293601280
13 silly idealTree buildDeps
14 silly fetch manifest tailwindcss@3.4.17
15 silly packumentCache full:https://registry.npmjs.org/tailwindcss cache-miss
16 http cache https://registry.npmjs.org/tailwindcss 157ms (cache hit)
17 silly packumentCache full:https://registry.npmjs.org/tailwindcss set size:10331221 disposed:false
18 silly placeDep ROOT tailwindcss@3.4.17 REPLACE for: myfraim@0.1.0 want: 3.4.17
19 silly fetch manifest arg@^5.0.2
20 silly packumentCache full:https://registry.npmjs.org/arg cache-miss
21 silly fetch manifest dlv@^1.1.3
22 silly packumentCache full:https://registry.npmjs.org/dlv cache-miss
23 silly fetch manifest jiti@^1.21.6
24 silly packumentCache full:https://registry.npmjs.org/jiti cache-miss
25 silly fetch manifest resolve@^1.22.8
26 silly packumentCache full:https://registry.npmjs.org/resolve cache-miss
27 silly fetch manifest sucrase@^3.35.0
28 silly packumentCache full:https://registry.npmjs.org/sucrase cache-miss
29 silly fetch manifest chokidar@^3.6.0
30 silly packumentCache full:https://registry.npmjs.org/chokidar cache-miss
31 silly fetch manifest fast-glob@^3.3.2
32 silly packumentCache full:https://registry.npmjs.org/fast-glob cache-miss
33 http cache https://registry.npmjs.org/resolve 80ms (cache hit)
34 silly packumentCache full:https://registry.npmjs.org/resolve set size:252941 disposed:false
35 silly fetch manifest lilconfig@^3.1.3
36 silly packumentCache full:https://registry.npmjs.org/lilconfig cache-miss
37 http cache https://registry.npmjs.org/jiti 93ms (cache hit)
38 silly packumentCache full:https://registry.npmjs.org/jiti set size:382310 disposed:false
39 silly fetch manifest didyoumean@^1.2.2
40 silly packumentCache full:https://registry.npmjs.org/didyoumean cache-miss
41 http cache https://registry.npmjs.org/fast-glob 105ms (cache hit)
42 silly packumentCache full:https://registry.npmjs.org/fast-glob set size:220556 disposed:false
43 silly fetch manifest postcss-js@^4.0.1
44 silly packumentCache full:https://registry.npmjs.org/postcss-js cache-miss
45 http fetch GET 200 https://registry.npmjs.org/dlv 339ms (cache miss)
46 silly packumentCache full:https://registry.npmjs.org/dlv set size:undefined disposed:false
47 silly fetch manifest object-hash@^3.0.0
48 silly packumentCache full:https://registry.npmjs.org/object-hash cache-miss
49 http fetch GET 200 https://registry.npmjs.org/lilconfig 282ms (cache miss)
50 silly packumentCache full:https://registry.npmjs.org/lilconfig set size:undefined disposed:false
51 silly fetch manifest normalize-path@^3.0.0
52 silly packumentCache full:https://registry.npmjs.org/normalize-path cache-miss
53 http fetch GET 200 https://registry.npmjs.org/arg 383ms (cache miss)
54 silly packumentCache full:https://registry.npmjs.org/arg set size:undefined disposed:false
55 silly fetch manifest postcss-import@^15.1.0
56 silly packumentCache full:https://registry.npmjs.org/postcss-import cache-miss
57 http fetch GET 200 https://registry.npmjs.org/chokidar 390ms (cache miss)
58 silly packumentCache full:https://registry.npmjs.org/chokidar set size:undefined disposed:false
59 silly fetch manifest postcss-nested@^6.2.0
60 silly packumentCache full:https://registry.npmjs.org/postcss-nested cache-miss
61 http cache https://registry.npmjs.org/object-hash 82ms (cache hit)
62 silly packumentCache full:https://registry.npmjs.org/object-hash set size:100564 disposed:false
63 silly fetch manifest @alloc/quick-lru@^5.2.0
64 silly packumentCache full:https://registry.npmjs.org/@alloc%2fquick-lru cache-miss
65 http fetch GET 200 https://registry.npmjs.org/sucrase 427ms (cache miss)
66 silly packumentCache full:https://registry.npmjs.org/sucrase set size:undefined disposed:false
67 silly fetch manifest postcss-load-config@^4.0.2
68 silly packumentCache full:https://registry.npmjs.org/postcss-load-config cache-miss
69 http fetch GET 200 https://registry.npmjs.org/didyoumean 373ms (cache miss)
70 silly packumentCache full:https://registry.npmjs.org/didyoumean set size:undefined disposed:false
71 silly fetch manifest postcss-selector-parser@^6.1.2
72 silly packumentCache full:https://registry.npmjs.org/postcss-selector-parser cache-miss
73 http fetch GET 200 https://registry.npmjs.org/normalize-path 105ms (cache miss)
74 silly packumentCache full:https://registry.npmjs.org/normalize-path set size:undefined disposed:false
75 http fetch GET 200 https://registry.npmjs.org/postcss-nested 90ms (cache miss)
76 silly packumentCache full:https://registry.npmjs.org/postcss-nested set size:undefined disposed:false
77 http fetch GET 200 https://registry.npmjs.org/@alloc%2fquick-lru 101ms (cache miss)
78 silly packumentCache full:https://registry.npmjs.org/@alloc%2fquick-lru set size:undefined disposed:false
79 http fetch GET 200 https://registry.npmjs.org/postcss-load-config 98ms (cache miss)
80 silly packumentCache full:https://registry.npmjs.org/postcss-load-config set size:undefined disposed:false
81 http fetch GET 200 https://registry.npmjs.org/postcss-selector-parser 94ms (cache miss)
82 silly packumentCache full:https://registry.npmjs.org/postcss-selector-parser set size:undefined disposed:false
83 http fetch GET 200 https://registry.npmjs.org/postcss-js 667ms (cache miss)
84 silly packumentCache full:https://registry.npmjs.org/postcss-js set size:undefined disposed:false
85 http fetch GET 200 https://registry.npmjs.org/postcss-import 588ms (cache miss)
86 silly packumentCache full:https://registry.npmjs.org/postcss-import set size:undefined disposed:false
87 silly fetch manifest postcss@^8.4.47
88 silly packumentCache full:https://registry.npmjs.org/postcss cache-miss
89 http cache https://registry.npmjs.org/postcss 19ms (cache hit)
90 silly packumentCache full:https://registry.npmjs.org/postcss set size:705229 disposed:false
91 silly fetch manifest ts-node@>=9.0.0
92 silly packumentCache full:https://registry.npmjs.org/ts-node cache-miss
93 http fetch GET 200 https://registry.npmjs.org/ts-node 123ms (cache miss)
94 silly packumentCache full:https://registry.npmjs.org/ts-node set size:undefined disposed:false
95 silly fetch manifest @swc/core@>=1.2.50
96 silly packumentCache full:https://registry.npmjs.org/@swc%2fcore cache-miss
97 http fetch GET 200 https://registry.npmjs.org/@swc%2fcore 236ms (cache miss)
98 silly packumentCache full:https://registry.npmjs.org/@swc%2fcore set size:undefined disposed:false
99 silly fetch manifest @swc/helpers@>=0.5.17
100 silly packumentCache full:https://registry.npmjs.org/@swc%2fhelpers cache-miss
101 http cache https://registry.npmjs.org/@swc%2fhelpers 24ms (cache hit)
102 silly packumentCache full:https://registry.npmjs.org/@swc%2fhelpers set size:726705 disposed:false
103 silly fetch manifest @swc/wasm@>=1.2.50
104 silly packumentCache full:https://registry.npmjs.org/@swc%2fwasm cache-miss
105 http fetch GET 200 https://registry.npmjs.org/@swc%2fwasm 331ms (cache miss)
106 silly packumentCache full:https://registry.npmjs.org/@swc%2fwasm set size:undefined disposed:false
107 silly fetch manifest @types/node@*
108 silly packumentCache full:https://registry.npmjs.org/@types%2fnode cache-miss
109 http cache https://registry.npmjs.org/@types%2fnode 39ms (cache hit)
110 silly packumentCache full:https://registry.npmjs.org/@types%2fnode set size:10972342 disposed:false
111 silly fetch manifest typescript@>=2.7
112 silly packumentCache full:https://registry.npmjs.org/typescript cache-miss
113 http cache https://registry.npmjs.org/typescript 65ms (cache hit)
114 silly packumentCache full:https://registry.npmjs.org/typescript set size:15399465 disposed:false
115 silly placeDep ROOT @alloc/quick-lru@5.2.0 OK for: tailwindcss@3.4.17 want: ^5.2.0
116 silly placeDep ROOT arg@5.0.2 OK for: tailwindcss@3.4.17 want: ^5.0.2
117 silly placeDep ROOT chokidar@3.6.0 OK for: tailwindcss@3.4.17 want: ^3.6.0
118 silly placeDep ROOT didyoumean@1.2.2 OK for: tailwindcss@3.4.17 want: ^1.2.2
119 silly placeDep ROOT dlv@1.1.3 OK for: tailwindcss@3.4.17 want: ^1.1.3
120 silly placeDep node_modules/tailwindcss fast-glob@3.3.3 OK for: tailwindcss@3.4.17 want: ^3.3.2
121 silly placeDep ROOT jiti@1.21.7 OK for: tailwindcss@3.4.17 want: ^1.21.6
122 silly placeDep ROOT lilconfig@3.1.3 OK for: tailwindcss@3.4.17 want: ^3.1.3
123 silly placeDep ROOT normalize-path@3.0.0 OK for: tailwindcss@3.4.17 want: ^3.0.0
124 silly placeDep node_modules/tailwindcss object-hash@3.0.0 OK for: tailwindcss@3.4.17 want: ^3.0.0
125 silly placeDep ROOT postcss-import@15.1.0 OK for: tailwindcss@3.4.17 want: ^15.1.0
126 silly placeDep ROOT postcss-js@4.1.0 OK for: tailwindcss@3.4.17 want: ^4.0.1
127 silly placeDep node_modules/tailwindcss postcss-load-config@4.0.2 OK for: tailwindcss@3.4.17 want: ^4.0.2
128 silly placeDep ROOT postcss-nested@6.2.0 OK for: tailwindcss@3.4.17 want: ^6.2.0
129 silly placeDep ROOT postcss-selector-parser@6.1.2 OK for: tailwindcss@3.4.17 want: ^6.1.2
130 silly placeDep node_modules/tailwindcss resolve@1.22.12 OK for: tailwindcss@3.4.17 want: ^1.22.8
131 silly placeDep ROOT sucrase@3.35.1 OK for: tailwindcss@3.4.17 want: ^3.35.0
132 silly fetch manifest anymatch@~3.1.2
133 silly packumentCache full:https://registry.npmjs.org/anymatch cache-miss
134 silly fetch manifest readdirp@~3.6.0
135 silly packumentCache full:https://registry.npmjs.org/readdirp cache-miss
136 silly fetch manifest glob-parent@~5.1.2
137 silly packumentCache full:https://registry.npmjs.org/glob-parent cache-miss
138 silly fetch manifest is-binary-path@~2.1.0
139 silly packumentCache full:https://registry.npmjs.org/is-binary-path cache-miss
140 silly fetch manifest normalize-path@~3.0.0
141 silly packumentCache full:https://registry.npmjs.org/normalize-path cache-miss
142 silly fetch manifest fsevents@~2.3.2
143 silly packumentCache full:https://registry.npmjs.org/fsevents cache-miss
144 silly fetch manifest glob-parent@^5.1.2
145 silly packumentCache full:https://registry.npmjs.org/glob-parent cache-miss
146 http cache https://registry.npmjs.org/glob-parent 11ms (cache hit)
147 silly packumentCache full:https://registry.npmjs.org/glob-parent set size:42445 disposed:false
148 silly fetch manifest resolve@^1.1.7
149 silly packumentCache full:https://registry.npmjs.org/resolve cache-hit
150 silly fetch manifest read-cache@^1.0.0
151 silly packumentCache full:https://registry.npmjs.org/read-cache cache-miss
152 http cache https://registry.npmjs.org/normalize-path 16ms (cache hit)
153 silly packumentCache full:https://registry.npmjs.org/normalize-path set size:28713 disposed:false
154 silly fetch manifest camelcase-css@^2.0.1
155 silly packumentCache full:https://registry.npmjs.org/camelcase-css cache-miss
156 http cache https://registry.npmjs.org/glob-parent 23ms (cache hit)
157 silly packumentCache full:https://registry.npmjs.org/glob-parent set size:42445 disposed:false
158 silly packumentCache full:https://registry.npmjs.org/glob-parent dispose
159 silly fetch manifest yaml@^2.3.4
160 silly packumentCache full:https://registry.npmjs.org/yaml cache-miss
161 http fetch GET 200 https://registry.npmjs.org/is-binary-path 116ms (cache miss)
162 silly packumentCache full:https://registry.npmjs.org/is-binary-path set size:undefined disposed:false
163 silly fetch manifest postcss-selector-parser@^6.1.1
164 silly packumentCache full:https://registry.npmjs.org/postcss-selector-parser cache-miss
165 http fetch GET 200 https://registry.npmjs.org/read-cache 106ms (cache miss)
166 silly packumentCache full:https://registry.npmjs.org/read-cache set size:undefined disposed:false
167 silly fetch manifest cssesc@^3.0.0
168 silly packumentCache full:https://registry.npmjs.org/cssesc cache-miss
169 http fetch GET 200 https://registry.npmjs.org/anymatch 126ms (cache miss)
170 silly packumentCache full:https://registry.npmjs.org/anymatch set size:undefined disposed:false
171 silly fetch manifest util-deprecate@^1.0.2
172 silly packumentCache full:https://registry.npmjs.org/util-deprecate cache-miss
173 http fetch GET 200 https://registry.npmjs.org/fsevents 174ms (cache miss)
174 silly packumentCache full:https://registry.npmjs.org/fsevents set size:undefined disposed:false
175 silly fetch manifest @jridgewell/gen-mapping@^0.3.2
176 silly packumentCache full:https://registry.npmjs.org/@jridgewell%2fgen-mapping cache-miss
177 http cache https://registry.npmjs.org/postcss-selector-parser 61ms (cache hit)
178 silly packumentCache full:https://registry.npmjs.org/postcss-selector-parser set size:177140 disposed:false
179 silly fetch manifest commander@^4.0.0
180 silly packumentCache full:https://registry.npmjs.org/commander cache-miss
181 http fetch GET 200 https://registry.npmjs.org/readdirp 187ms (cache miss)
182 silly packumentCache full:https://registry.npmjs.org/readdirp set size:undefined disposed:false
183 silly fetch manifest lines-and-columns@^1.1.6
184 silly packumentCache full:https://registry.npmjs.org/lines-and-columns cache-miss
185 http fetch GET 200 https://registry.npmjs.org/yaml 167ms (cache miss)
186 silly packumentCache full:https://registry.npmjs.org/yaml set size:undefined disposed:false
187 silly fetch manifest mz@^2.7.0
188 silly packumentCache full:https://registry.npmjs.org/mz cache-miss
189 http fetch GET 200 https://registry.npmjs.org/util-deprecate 77ms (cache miss)
190 silly packumentCache full:https://registry.npmjs.org/util-deprecate set size:undefined disposed:false
191 silly fetch manifest pirates@^4.0.1
192 silly packumentCache full:https://registry.npmjs.org/pirates cache-miss
193 http fetch GET 200 https://registry.npmjs.org/cssesc 88ms (cache miss)
194 silly packumentCache full:https://registry.npmjs.org/cssesc set size:undefined disposed:false
195 silly fetch manifest ts-interface-checker@^0.1.9
196 silly packumentCache full:https://registry.npmjs.org/ts-interface-checker cache-miss
197 http cache https://registry.npmjs.org/@jridgewell%2fgen-mapping 39ms (cache hit)
198 silly packumentCache full:https://registry.npmjs.org/@jridgewell%2fgen-mapping set size:80719 disposed:false
199 http fetch GET 200 https://registry.npmjs.org/camelcase-css 254ms (cache miss)
200 silly packumentCache full:https://registry.npmjs.org/camelcase-css set size:undefined disposed:false
201 http fetch GET 200 https://registry.npmjs.org/mz 107ms (cache miss)
202 silly packumentCache full:https://registry.npmjs.org/mz set size:undefined disposed:false
203 http fetch GET 200 https://registry.npmjs.org/lines-and-columns 118ms (cache miss)
204 silly packumentCache full:https://registry.npmjs.org/lines-and-columns set size:undefined disposed:false
205 http fetch GET 200 https://registry.npmjs.org/commander 131ms (cache miss)
206 silly packumentCache full:https://registry.npmjs.org/commander set size:undefined disposed:false
207 http fetch GET 200 https://registry.npmjs.org/pirates 118ms (cache miss)
208 silly packumentCache full:https://registry.npmjs.org/pirates set size:undefined disposed:false
209 http fetch GET 200 https://registry.npmjs.org/ts-interface-checker 243ms (cache miss)
210 silly packumentCache full:https://registry.npmjs.org/ts-interface-checker set size:undefined disposed:false
211 silly placeDep ROOT anymatch@3.1.3 OK for: chokidar@3.6.0 want: ~3.1.2
212 silly placeDep ROOT fsevents@2.3.3 OK for: chokidar@3.6.0 want: ~2.3.2
213 silly placeDep node_modules/chokidar glob-parent@5.1.2 OK for: chokidar@3.6.0 want: ~5.1.2
214 silly placeDep ROOT is-binary-path@2.1.0 OK for: chokidar@3.6.0 want: ~2.1.0
215 silly placeDep ROOT readdirp@3.6.0 OK for: chokidar@3.6.0 want: ~3.6.0
216 silly fetch manifest binary-extensions@^2.0.0
217 silly packumentCache full:https://registry.npmjs.org/binary-extensions cache-miss
218 http fetch GET 200 https://registry.npmjs.org/binary-extensions 83ms (cache miss)
219 silly packumentCache full:https://registry.npmjs.org/binary-extensions set size:undefined disposed:false
220 silly placeDep ROOT binary-extensions@2.3.0 OK for: is-binary-path@2.1.0 want: ^2.0.0
221 silly placeDep ROOT read-cache@1.0.0 OK for: postcss-import@15.1.0 want: ^1.0.0
222 silly placeDep node_modules/postcss-import resolve@1.22.12 OK for: postcss-import@15.1.0 want: ^1.1.7
223 silly fetch manifest pify@^2.3.0
224 silly packumentCache full:https://registry.npmjs.org/pify cache-miss
225 http fetch GET 200 https://registry.npmjs.org/pify 231ms (cache miss)
226 silly packumentCache full:https://registry.npmjs.org/pify set size:undefined disposed:false
227 silly placeDep ROOT camelcase-css@2.0.1 OK for: postcss-js@4.1.0 want: ^2.0.1
228 silly placeDep ROOT cssesc@3.0.0 OK for: postcss-selector-parser@6.1.2 want: ^3.0.0
229 silly placeDep ROOT util-deprecate@1.0.2 OK for: postcss-selector-parser@6.1.2 want: ^1.0.2
230 silly placeDep ROOT pify@2.3.0 OK for: read-cache@1.0.0 want: ^2.3.0
231 silly placeDep ROOT @jridgewell/gen-mapping@0.3.13 OK for: sucrase@3.35.1 want: ^0.3.2
232 silly placeDep ROOT commander@4.1.1 OK for: sucrase@3.35.1 want: ^4.0.0
233 silly placeDep ROOT lines-and-columns@1.2.4 OK for: sucrase@3.35.1 want: ^1.1.6
234 silly placeDep ROOT mz@2.7.0 OK for: sucrase@3.35.1 want: ^2.7.0
235 silly placeDep ROOT pirates@4.0.7 OK for: sucrase@3.35.1 want: ^4.0.1
236 silly placeDep ROOT ts-interface-checker@0.1.13 OK for: sucrase@3.35.1 want: ^0.1.9
237 silly fetch manifest @jridgewell/sourcemap-codec@^1.5.0
238 silly packumentCache full:https://registry.npmjs.org/@jridgewell%2fsourcemap-codec cache-miss
239 silly fetch manifest @jridgewell/trace-mapping@^0.3.24
240 silly packumentCache full:https://registry.npmjs.org/@jridgewell%2ftrace-mapping cache-miss
241 silly fetch manifest any-promise@^1.0.0
242 silly packumentCache full:https://registry.npmjs.org/any-promise cache-miss
243 silly fetch manifest thenify-all@^1.0.0
244 silly packumentCache full:https://registry.npmjs.org/thenify-all cache-miss
245 http cache https://registry.npmjs.org/@jridgewell%2fsourcemap-codec 29ms (cache hit)
246 silly packumentCache full:https://registry.npmjs.org/@jridgewell%2fsourcemap-codec set size:59275 disposed:false
247 http cache https://registry.npmjs.org/@jridgewell%2ftrace-mapping 34ms (cache hit)
248 silly packumentCache full:https://registry.npmjs.org/@jridgewell%2ftrace-mapping set size:170909 disposed:false
249 http fetch GET 200 https://registry.npmjs.org/any-promise 73ms (cache miss)
250 silly packumentCache full:https://registry.npmjs.org/any-promise set size:undefined disposed:false
251 http fetch GET 200 https://registry.npmjs.org/thenify-all 74ms (cache miss)
252 silly packumentCache full:https://registry.npmjs.org/thenify-all set size:undefined disposed:false
253 silly placeDep ROOT @jridgewell/sourcemap-codec@1.5.5 OK for: @jridgewell/gen-mapping@0.3.13 want: ^1.5.0
254 silly placeDep ROOT @jridgewell/trace-mapping@0.3.31 OK for: @jridgewell/gen-mapping@0.3.13 want: ^0.3.24
255 silly fetch manifest @jridgewell/resolve-uri@^3.1.0
256 silly packumentCache full:https://registry.npmjs.org/@jridgewell%2fresolve-uri cache-miss
257 http cache https://registry.npmjs.org/@jridgewell%2fresolve-uri 39ms (cache hit)
258 silly packumentCache full:https://registry.npmjs.org/@jridgewell%2fresolve-uri set size:57361 disposed:false
259 silly placeDep ROOT @jridgewell/resolve-uri@3.1.2 OK for: @jridgewell/trace-mapping@0.3.31 want: ^3.1.0
260 silly placeDep ROOT any-promise@1.3.0 OK for: mz@2.7.0 want: ^1.0.0
261 silly placeDep ROOT thenify-all@1.6.0 OK for: mz@2.7.0 want: ^1.0.0
262 silly fetch manifest thenify@>= 3.1.0 < 4
263 silly packumentCache full:https://registry.npmjs.org/thenify cache-miss
264 http fetch GET 200 https://registry.npmjs.org/thenify 80ms (cache miss)
265 silly packumentCache full:https://registry.npmjs.org/thenify set size:undefined disposed:false
266 silly placeDep ROOT thenify@3.3.1 OK for: thenify-all@1.6.0 want: >= 3.1.0 < 4
267 silly placeDep node_modules/tailwindcss/node_modules/fast-glob glob-parent@5.1.2 OK for: fast-glob@3.3.3 want: ^5.1.2
268 silly placeDep ROOT yaml@2.8.3 OK for: postcss-load-config@4.0.2 want: ^2.3.4
269 silly reify mark retired [ '/Users/mucellabilican/myfrAIm/node_modules/tailwindcss' ]
270 silly reify moves {
270 silly reify   '/Users/mucellabilican/myfrAIm/node_modules/tailwindcss': '/Users/mucellabilican/myfrAIm/node_modules/.tailwindcss-Csh0tFCW'
270 silly reify }
271 silly audit bulk request {
271 silly audit   '@babel/runtime': [ '7.29.2' ],
271 silly audit   '@emnapi/core': [ '1.9.2' ],
271 silly audit   '@emnapi/runtime': [ '1.9.2' ],
271 silly audit   '@emnapi/wasi-threads': [ '1.2.1' ],
271 silly audit   '@eslint-community/eslint-utils': [ '4.9.1' ],
271 silly audit   '@eslint-community/regexpp': [ '4.12.2' ],
271 silly audit   '@eslint/config-array': [ '0.21.2' ],
271 silly audit   'balanced-match': [ '1.0.2', '4.0.4' ],
271 silly audit   'brace-expansion': [ '1.1.14', '5.0.5' ],
271 silly audit   minimatch: [ '3.1.5', '10.2.5' ],
271 silly audit   '@eslint/config-helpers': [ '0.4.2' ],
271 silly audit   '@eslint/core': [ '0.17.0' ],
271 silly audit   '@eslint/eslintrc': [ '3.3.5' ],
271 silly audit   globals: [ '14.0.0' ],
271 silly audit   ignore: [ '5.3.2', '7.0.5' ],
271 silly audit   '@eslint/js': [ '9.39.4' ],
271 silly audit   '@eslint/object-schema': [ '2.1.7' ],
271 silly audit   '@eslint/plugin-kit': [ '0.4.1' ],
271 silly audit   '@humanfs/core': [ '0.19.1' ],
271 silly audit   '@humanfs/node': [ '0.16.7' ],
271 silly audit   '@humanwhocodes/module-importer': [ '1.0.1' ],
271 silly audit   '@humanwhocodes/retry': [ '0.4.3' ],
271 silly audit   '@napi-rs/wasm-runtime': [ '0.2.12' ],
271 silly audit   '@next/env': [ '14.2.35' ],
271 silly audit   '@next/eslint-plugin-next': [ '15.5.15' ],
271 silly audit   '@next/swc-darwin-arm64': [ '14.2.33' ],
271 silly audit   '@next/swc-darwin-x64': [ '14.2.33' ],
271 silly audit   '@next/swc-linux-arm64-gnu': [ '14.2.33' ],
271 silly audit   '@next/swc-linux-arm64-musl': [ '14.2.33' ],
271 silly audit   '@next/swc-linux-x64-gnu': [ '14.2.33' ],
271 silly audit   '@next/swc-linux-x64-musl': [ '14.2.33' ],
271 silly audit   '@next/swc-win32-arm64-msvc': [ '14.2.33' ],
271 silly audit   '@next/swc-win32-ia32-msvc': [ '14.2.33' ],
271 silly audit   '@next/swc-win32-x64-msvc': [ '14.2.33' ],
271 silly audit   '@nodelib/fs.scandir': [ '2.1.5' ],
271 silly audit   '@nodelib/fs.stat': [ '2.0.5' ],
271 silly audit   '@nodelib/fs.walk': [ '1.2.8' ],
271 silly audit   '@nolyfill/is-core-module': [ '1.0.39' ],
271 silly audit   '@panva/hkdf': [ '1.2.1' ],
271 silly audit   '@rtsao/scc': [ '1.1.0' ],
271 silly audit   '@rushstack/eslint-patch': [ '1.16.1' ],
271 silly audit   '@swc/counter': [ '0.1.3' ],
271 silly audit   '@swc/helpers': [ '0.5.5' ],
271 silly audit   '@tybys/wasm-util': [ '0.10.1' ],
271 silly audit   '@types/estree': [ '1.0.8' ],
271 silly audit   '@types/json-schema': [ '7.0.15' ],
271 silly audit   '@types/json5': [ '0.0.29' ],
271 silly audit   '@types/node': [ '24.12.2' ],
271 silly audit   '@types/react': [ '19.2.14' ],
271 silly audit   '@types/react-dom': [ '19.2.3' ],
271 silly audit   '@typescript-eslint/eslint-plugin': [ '8.58.2' ],
271 silly audit   '@typescript-eslint/parser': [ '8.58.2' ],
271 silly audit   '@typescript-eslint/project-service': [ '8.58.2' ],
271 silly audit   '@typescript-eslint/scope-manager': [ '8.58.2' ],
271 silly audit   '@typescript-eslint/tsconfig-utils': [ '8.58.2' ],
271 silly audit   '@typescript-eslint/type-utils': [ '8.58.2' ],
271 silly audit   '@typescript-eslint/types': [ '8.58.2' ],
271 silly audit   '@typescript-eslint/typescript-estree': [ '8.58.2' ],
271 silly audit   '@typescript-eslint/utils': [ '8.58.2' ],
271 silly audit   '@typescript-eslint/visitor-keys': [ '8.58.2' ],
271 silly audit   'eslint-visitor-keys': [ '5.0.1', '3.4.3', '4.2.1' ],
271 silly audit   '@unrs/resolver-binding-android-arm-eabi': [ '1.11.1' ],
271 silly audit   '@unrs/resolver-binding-android-arm64': [ '1.11.1' ],
271 silly audit   '@unrs/resolver-binding-darwin-arm64': [ '1.11.1' ],
271 silly audit   '@unrs/resolver-binding-darwin-x64': [ '1.11.1' ],
271 silly audit   '@unrs/resolver-binding-freebsd-x64': [ '1.11.1' ],
271 silly audit   '@unrs/resolver-binding-linux-arm-gnueabihf': [ '1.11.1' ],
271 silly audit   '@unrs/resolver-binding-linux-arm-musleabihf': [ '1.11.1' ],
271 silly audit   '@unrs/resolver-binding-linux-arm64-gnu': [ '1.11.1' ],
271 silly audit   '@unrs/resolver-binding-linux-arm64-musl': [ '1.11.1' ],
271 silly audit   '@unrs/resolver-binding-linux-ppc64-gnu': [ '1.11.1' ],
271 silly audit   '@unrs/resolver-binding-linux-riscv64-gnu': [ '1.11.1' ],
271 silly audit   '@unrs/resolver-binding-linux-riscv64-musl': [ '1.11.1' ],
271 silly audit   '@unrs/resolver-binding-linux-s390x-gnu': [ '1.11.1' ],
271 silly audit   '@unrs/resolver-binding-linux-x64-gnu': [ '1.11.1' ],
271 silly audit   '@unrs/resolver-binding-linux-x64-musl': [ '1.11.1' ],
271 silly audit   '@unrs/resolver-binding-wasm32-wasi': [ '1.11.1' ],
271 silly audit   '@unrs/resolver-binding-win32-arm64-msvc': [ '1.11.1' ],
271 silly audit   '@unrs/resolver-binding-win32-ia32-msvc': [ '1.11.1' ],
271 silly audit   '@unrs/resolver-binding-win32-x64-msvc': [ '1.11.1' ],
271 silly audit   acorn: [ '8.16.0' ],
271 silly audit   'acorn-jsx': [ '5.3.2' ],
271 silly audit   ajv: [ '6.14.0' ],
271 silly audit   'ansi-styles': [ '4.3.0' ],
271 silly audit   argparse: [ '2.0.1' ],
271 silly audit   'aria-query': [ '5.3.2' ],
271 silly audit   'array-buffer-byte-length': [ '1.0.2' ],
271 silly audit   'array-includes': [ '3.1.9' ],
271 silly audit   'array.prototype.findlast': [ '1.2.5' ],
271 silly audit   'array.prototype.findlastindex': [ '1.2.6' ],
271 silly audit   'array.prototype.flat': [ '1.3.3' ],
271 silly audit   'array.prototype.flatmap': [ '1.3.3' ],
271 silly audit   'array.prototype.tosorted': [ '1.1.4' ],
271 silly audit   'arraybuffer.prototype.slice': [ '1.0.4' ],
271 silly audit   'ast-types-flow': [ '0.0.8' ],
271 silly audit   'async-function': [ '1.0.0' ],
271 silly audit   autoprefixer: [ '10.5.0' ],
271 silly audit   'available-typed-arrays': [ '1.0.7' ],
271 silly audit   'axe-core': [ '4.11.3' ],
271 silly audit   'axobject-query': [ '4.1.0' ],
271 silly audit   'baseline-browser-mapping': [ '2.10.19' ],
271 silly audit   bcryptjs: [ '3.0.3' ],
271 silly audit   braces: [ '3.0.3' ],
271 silly audit   browserslist: [ '4.28.2' ],
271 silly audit   'buffer-equal-constant-time': [ '1.0.1' ],
271 silly audit   busboy: [ '1.6.0' ],
271 silly audit   'call-bind': [ '1.0.9' ],
271 silly audit   'call-bind-apply-helpers': [ '1.0.2' ],
271 silly audit   'call-bound': [ '1.0.4' ],
271 silly audit   callsites: [ '3.1.0' ],
271 silly audit   'caniuse-lite': [ '1.0.30001788' ],
271 silly audit   chalk: [ '4.1.2' ],
271 silly audit   'client-only': [ '0.0.1' ],
271 silly audit   'color-convert': [ '2.0.1' ],
271 silly audit   'color-name': [ '1.1.4' ],
271 silly audit   'concat-map': [ '0.0.1' ],
271 silly audit   cookie: [ '0.7.2' ],
271 silly audit   'cross-spawn': [ '7.0.6' ],
271 silly audit   csstype: [ '3.2.3' ],
271 silly audit   'damerau-levenshtein': [ '1.0.8' ],
271 silly audit   'data-view-buffer': [ '1.0.2' ],
271 silly audit   'data-view-byte-length': [ '1.0.2' ],
271 silly audit   'data-view-byte-offset': [ '1.0.1' ],
271 silly audit   debug: [ '4.4.3', '3.2.7' ],
271 silly audit   'deep-is': [ '0.1.4' ],
271 silly audit   'define-data-property': [ '1.1.4' ],
271 silly audit   'define-properties': [ '1.2.1' ],
271 silly audit   doctrine: [ '2.1.0' ],
271 silly audit   dotenv: [ '17.4.2' ],
271 silly audit   'dunder-proto': [ '1.0.1' ],
271 silly audit   'ecdsa-sig-formatter': [ '1.0.11' ],
271 silly audit   'electron-to-chromium': [ '1.5.336' ],
271 silly audit   'emoji-regex': [ '9.2.2' ],
271 silly audit   'es-abstract': [ '1.24.2' ],
271 silly audit   'es-define-property': [ '1.0.1' ],
271 silly audit   'es-errors': [ '1.3.0' ],
271 silly audit   'es-iterator-helpers': [ '1.3.2' ],
271 silly audit   'es-object-atoms': [ '1.1.1' ],
271 silly audit   'es-set-tostringtag': [ '2.1.0' ],
271 silly audit   'es-shim-unscopables': [ '1.1.0' ],
271 silly audit   'es-to-primitive': [ '1.3.0' ],
271 silly audit   escalade: [ '3.2.0' ],
271 silly audit   'escape-string-regexp': [ '4.0.0' ],
271 silly audit   eslint: [ '9.39.4' ],
271 silly audit   'eslint-config-next': [ '15.5.15' ],
271 silly audit   'eslint-import-resolver-node': [ '0.3.10' ],
271 silly audit   'eslint-import-resolver-typescript': [ '3.10.1' ],
271 silly audit   'eslint-module-utils': [ '2.12.1' ],
271 silly audit   'eslint-plugin-import': [ '2.32.0' ],
271 silly audit   semver: [ '6.3.1', '7.7.4' ],
271 silly audit   'eslint-plugin-jsx-a11y': [ '6.10.2' ],
271 silly audit   'eslint-plugin-react': [ '7.37.5' ],
271 silly audit   'eslint-plugin-react-hooks': [ '5.2.0' ],
271 silly audit   'eslint-scope': [ '8.4.0' ],
271 silly audit   espree: [ '10.4.0' ],
271 silly audit   esquery: [ '1.7.0' ],
271 silly audit   esrecurse: [ '4.3.0' ],
271 silly audit   estraverse: [ '5.3.0' ],
271 silly audit   esutils: [ '2.0.3' ],
271 silly audit   'fast-deep-equal': [ '3.1.3' ],
271 silly audit   'fast-glob': [ '3.3.1', '3.3.3' ],
271 silly audit   'glob-parent': [ '5.1.2', '6.0.2' ],
271 silly audit   'fast-json-stable-stringify': [ '2.1.0' ],
271 silly audit   'fast-levenshtein': [ '2.0.6' ],
271 silly audit   fastq: [ '1.20.1' ],
271 silly audit   'file-entry-cache': [ '8.0.0' ],
271 silly audit   'fill-range': [ '7.1.1' ],
271 silly audit   'find-up': [ '5.0.0' ],
271 silly audit   'flat-cache': [ '4.0.1' ],
271 silly audit   flatted: [ '3.4.2' ],
271 silly audit   'for-each': [ '0.3.5' ],
271 silly audit   'fraction.js': [ '5.3.4' ],
271 silly audit   'function-bind': [ '1.1.2' ],
271 silly audit   'function.prototype.name': [ '1.1.8' ],
271 silly audit   'functions-have-names': [ '1.2.3' ],
271 silly audit   'generator-function': [ '2.0.1' ],
271 silly audit   'get-intrinsic': [ '1.3.0' ],
271 silly audit   'get-proto': [ '1.0.1' ],
271 silly audit   'get-symbol-description': [ '1.1.0' ],
271 silly audit   'get-tsconfig': [ '4.14.0' ],
271 silly audit   globalthis: [ '1.0.4' ],
271 silly audit   gopd: [ '1.2.0' ],
271 silly audit   'graceful-fs': [ '4.2.11' ],
271 silly audit   'has-bigints': [ '1.1.0' ],
271 silly audit   'has-flag': [ '4.0.0' ],
271 silly audit   'has-property-descriptors': [ '1.0.2' ],
271 silly audit   'has-proto': [ '1.2.0' ],
271 silly audit   'has-symbols': [ '1.1.0' ],
271 silly audit   'has-tostringtag': [ '1.0.2' ],
271 silly audit   hasown: [ '2.0.2' ],
271 silly audit   'import-fresh': [ '3.3.1' ],
271 silly audit   imurmurhash: [ '0.1.4' ],
271 silly audit   'internal-slot': [ '1.1.0' ],
271 silly audit   'is-array-buffer': [ '3.0.5' ],
271 silly audit   'is-async-function': [ '2.1.1' ],
271 silly audit   'is-bigint': [ '1.1.0' ],
271 silly audit   'is-boolean-object': [ '1.2.2' ],
271 silly audit   'is-bun-module': [ '2.0.0' ],
271 silly audit   'is-callable': [ '1.2.7' ],
271 silly audit   'is-core-module': [ '2.16.1' ],
271 silly audit   'is-data-view': [ '1.0.2' ],
271 silly audit   'is-date-object': [ '1.1.0' ],
271 silly audit   'is-extglob': [ '2.1.1' ],
271 silly audit   'is-finalizationregistry': [ '1.1.1' ],
271 silly audit   'is-generator-function': [ '1.1.2' ],
271 silly audit   'is-glob': [ '4.0.3' ],
271 silly audit   'is-map': [ '2.0.3' ],
271 silly audit   'is-negative-zero': [ '2.0.3' ],
271 silly audit   'is-number': [ '7.0.0' ],
271 silly audit   'is-number-object': [ '1.1.1' ],
271 silly audit   'is-regex': [ '1.2.1' ],
271 silly audit   'is-set': [ '2.0.3' ],
271 silly audit   'is-shared-array-buffer': [ '1.0.4' ],
271 silly audit   'is-string': [ '1.1.1' ],
271 silly audit   'is-symbol': [ '1.1.1' ],
271 silly audit   'is-typed-array': [ '1.1.15' ],
271 silly audit   'is-weakmap': [ '2.0.2' ],
271 silly audit   'is-weakref': [ '1.1.1' ],
271 silly audit   'is-weakset': [ '2.0.4' ],
271 silly audit   isarray: [ '2.0.5' ],
271 silly audit   isexe: [ '2.0.0' ],
271 silly audit   'iterator.prototype': [ '1.1.5' ],
271 silly audit   jose: [ '6.2.2', '4.15.9' ],
271 silly audit   'js-tokens': [ '4.0.0' ],
271 silly audit   'js-yaml': [ '4.1.1' ],
271 silly audit   'json-buffer': [ '3.0.1' ],
271 silly audit   'json-schema-traverse': [ '0.4.1' ],
271 silly audit   'json-stable-stringify-without-jsonify': [ '1.0.1' ],
271 silly audit   jsonwebtoken: [ '9.0.3' ],
271 silly audit   'jsx-ast-utils': [ '3.3.5' ],
271 silly audit   jwa: [ '2.0.1' ],
271 silly audit   jws: [ '4.0.1' ],
271 silly audit   keyv: [ '4.5.4' ],
271 silly audit   'language-subtag-registry': [ '0.3.23' ],
271 silly audit   'language-tags': [ '1.0.9' ],
271 silly audit   levn: [ '0.4.1' ],
271 silly audit   'locate-path': [ '6.0.0' ],
271 silly audit   'lodash.includes': [ '4.3.0' ],
271 silly audit   'lodash.isboolean': [ '3.0.3' ],
271 silly audit   'lodash.isinteger': [ '4.0.4' ],
271 silly audit   'lodash.isnumber': [ '3.0.3' ],
271 silly audit   'lodash.isplainobject': [ '4.0.6' ],
271 silly audit   'lodash.isstring': [ '4.0.1' ],
271 silly audit   'lodash.merge': [ '4.6.2' ],
271 silly audit   'lodash.once': [ '4.1.1' ],
271 silly audit   'loose-envify': [ '1.4.0' ],
271 silly audit   'lru-cache': [ '6.0.0' ],
271 silly audit   'math-intrinsics': [ '1.1.0' ],
271 silly audit   merge2: [ '1.4.1' ],
271 silly audit   micromatch: [ '4.0.8' ],
271 silly audit   minimist: [ '1.2.8' ],
271 silly audit   ms: [ '2.1.3' ],
271 silly audit   nanoid: [ '3.3.11' ],
271 silly audit   'napi-postinstall': [ '0.3.4' ],
271 silly audit   'natural-compare': [ '1.4.0' ],
271 silly audit   next: [ '14.2.35' ],
271 silly audit   'next-auth': [ '4.24.14' ],
271 silly audit   postcss: [ '8.4.31', '8.5.9' ],
271 silly audit   'node-exports-info': [ '1.6.0' ],
271 silly audit   'node-releases': [ '2.0.37' ],
271 silly audit   nodemailer: [ '7.0.13' ],
271 silly audit   oauth: [ '0.9.15' ],
271 silly audit   'object-assign': [ '4.1.1' ],
271 silly audit   'object-hash': [ '2.2.0', '3.0.0' ],
271 silly audit   'object-inspect': [ '1.13.4' ],
271 silly audit   'object-keys': [ '1.1.1' ],
271 silly audit   'object.assign': [ '4.1.7' ],
271 silly audit   'object.entries': [ '1.1.9' ],
271 silly audit   'object.fromentries': [ '2.0.8' ],
271 silly audit   'object.groupby': [ '1.0.3' ],
271 silly audit   'object.values': [ '1.2.1' ],
271 silly audit   'oidc-token-hash': [ '5.2.0' ],
271 silly audit   'openid-client': [ '5.7.1' ],
271 silly audit   optionator: [ '0.9.4' ],
271 silly audit   'own-keys': [ '1.0.1' ],
271 silly audit   'p-limit': [ '3.1.0' ],
271 silly audit   'p-locate': [ '5.0.0' ],
271 silly audit   'parent-module': [ '1.0.1' ],
271 silly audit   'path-exists': [ '4.0.0' ],
271 silly audit   'path-key': [ '3.1.1' ],
271 silly audit   'path-parse': [ '1.0.7' ],
271 silly audit   pg: [ '8.20.0' ],
271 silly audit   'pg-cloudflare': [ '1.3.0' ],
271 silly audit   'pg-connection-string': [ '2.12.0' ],
271 silly audit   'pg-int8': [ '1.0.1' ],
271 silly audit   'pg-pool': [ '3.13.0' ],
271 silly audit   'pg-protocol': [ '1.13.0' ],
271 silly audit   'pg-types': [ '2.2.0' ],
271 silly audit   pgpass: [ '1.0.5' ],
271 silly audit   picocolors: [ '1.1.1' ],
271 silly audit   picomatch: [ '2.3.2', '4.0.4' ],
271 silly audit   'possible-typed-array-names': [ '1.1.0' ],
271 silly audit   'postcss-value-parser': [ '4.2.0' ],
271 silly audit   'postgres-array': [ '2.0.0' ],
271 silly audit   'postgres-bytea': [ '1.0.1' ],
271 silly audit   'postgres-date': [ '1.0.7' ],
271 silly audit   'postgres-interval': [ '1.2.0' ],
271 silly audit   preact: [ '10.29.1' ],
271 silly audit   'preact-render-to-string': [ '5.2.6' ],
271 silly audit   'prelude-ls': [ '1.2.1' ],
271 silly audit   'pretty-format': [ '3.8.0' ],
271 silly audit   'prop-types': [ '15.8.1' ],
271 silly audit   punycode: [ '2.3.1' ],
271 silly audit   'queue-microtask': [ '1.2.3' ],
271 silly audit   react: [ '18.3.1' ],
271 silly audit   'react-dom': [ '18.3.1' ],
271 silly audit   'react-is': [ '16.13.1' ],
271 silly audit   'reflect.getprototypeof': [ '1.0.10' ],
271 silly audit   'regexp.prototype.flags': [ '1.5.4' ],
271 silly audit   resolve: [ '2.0.0-next.6', '1.22.12' ],
271 silly audit   'resolve-from': [ '4.0.0' ],
271 silly audit   'resolve-pkg-maps': [ '1.0.0' ],
271 silly audit   reusify: [ '1.1.0' ],
271 silly audit   'run-parallel': [ '1.2.0' ],
271 silly audit   'safe-array-concat': [ '1.1.3' ],
271 silly audit   'safe-buffer': [ '5.2.1' ],
271 silly audit   'safe-push-apply': [ '1.0.0' ],
271 silly audit   'safe-regex-test': [ '1.1.0' ],
271 silly audit   scheduler: [ '0.23.2' ],
271 silly audit   'set-function-length': [ '1.2.2' ],
271 silly audit   'set-function-name': [ '2.0.2' ],
271 silly audit   'set-proto': [ '1.0.0' ],
271 silly audit   'shebang-command': [ '2.0.0' ],
271 silly audit   'shebang-regex': [ '3.0.0' ],
271 silly audit   'side-channel': [ '1.1.0' ],
271 silly audit   'side-channel-list': [ '1.0.1' ],
271 silly audit   'side-channel-map': [ '1.0.1' ],
271 silly audit   'side-channel-weakmap': [ '1.0.2' ],
271 silly audit   'source-map-js': [ '1.2.1' ],
271 silly audit   split2: [ '4.2.0' ],
271 silly audit   'stable-hash': [ '0.0.5' ],
271 silly audit   'stop-iteration-iterator': [ '1.1.0' ],
271 silly audit   streamsearch: [ '1.1.0' ],
271 silly audit   'string.prototype.includes': [ '2.0.1' ],
271 silly audit   'string.prototype.matchall': [ '4.0.12' ],
271 silly audit   'string.prototype.repeat': [ '1.0.0' ],
271 silly audit   'string.prototype.trim': [ '1.2.10' ],
271 silly audit   'string.prototype.trimend': [ '1.0.9' ],
271 silly audit   'string.prototype.trimstart': [ '1.0.8' ],
271 silly audit   'strip-bom': [ '3.0.0' ],
271 silly audit   'strip-json-comments': [ '3.1.1' ],
271 silly audit   'styled-jsx': [ '5.1.1' ],
271 silly audit   'supports-color': [ '7.2.0' ],
271 silly audit   'supports-preserve-symlinks-flag': [ '1.0.0' ],
271 silly audit   tinyglobby: [ '0.2.16' ],
271 silly audit   fdir: [ '6.5.0' ],
271 silly audit   'to-regex-range': [ '5.0.1' ],
271 silly audit   'ts-api-utils': [ '2.5.0' ],
271 silly audit   'tsconfig-paths': [ '3.15.0' ],
271 silly audit   json5: [ '1.0.2' ],
271 silly audit   tslib: [ '2.8.1' ],
271 silly audit   'type-check': [ '0.4.0' ],
271 silly audit   'typed-array-buffer': [ '1.0.3' ],
271 silly audit   'typed-array-byte-length': [ '1.0.3' ],
271 silly audit   'typed-array-byte-offset': [ '1.0.4' ],
271 silly audit   'typed-array-length': [ '1.0.7' ],
271 silly audit   typescript: [ '5.9.3' ],
271 silly audit   'unbox-primitive': [ '1.1.0' ],
271 silly audit   'undici-types': [ '7.16.0' ],
271 silly audit   'unrs-resolver': [ '1.11.1' ],
271 silly audit   'update-browserslist-db': [ '1.2.3' ],
271 silly audit   'uri-js': [ '4.4.1' ],
271 silly audit   uuid: [ '8.3.2' ],
271 silly audit   which: [ '2.0.2' ],
271 silly audit   'which-boxed-primitive': [ '1.1.1' ],
271 silly audit   'which-builtin-type': [ '1.2.1' ],
271 silly audit   'which-collection': [ '1.0.2' ],
271 silly audit   'which-typed-array': [ '1.1.20' ],
271 silly audit   'word-wrap': [ '1.2.5' ],
271 silly audit   xtend: [ '4.0.2' ],
271 silly audit   yallist: [ '4.0.0' ],
271 silly audit   'yocto-queue': [ '0.1.0' ],
271 silly audit   zod: [ '4.3.6' ],
271 silly audit   tailwindcss: [ '3.4.17' ],
271 silly audit   '@alloc/quick-lru': [ '5.2.0' ],
271 silly audit   arg: [ '5.0.2' ],
271 silly audit   chokidar: [ '3.6.0' ],
271 silly audit   didyoumean: [ '1.2.2' ],
271 silly audit   dlv: [ '1.1.3' ],
271 silly audit   jiti: [ '1.21.7' ],
271 silly audit   lilconfig: [ '3.1.3' ],
271 silly audit   'normalize-path': [ '3.0.0' ],
271 silly audit   'postcss-import': [ '15.1.0' ],
271 silly audit   'postcss-js': [ '4.1.0' ],
271 silly audit   'postcss-load-config': [ '4.0.2' ],
271 silly audit   'postcss-nested': [ '6.2.0' ],
271 silly audit   'postcss-selector-parser': [ '6.1.2' ],
271 silly audit   sucrase: [ '3.35.1' ],
271 silly audit   anymatch: [ '3.1.3' ],
271 silly audit   fsevents: [ '2.3.3' ],
271 silly audit   'is-binary-path': [ '2.1.0' ],
271 silly audit   readdirp: [ '3.6.0' ],
271 silly audit   'binary-extensions': [ '2.3.0' ],
271 silly audit   'read-cache': [ '1.0.0' ],
271 silly audit   'camelcase-css': [ '2.0.1' ],
271 silly audit   cssesc: [ '3.0.0' ],
271 silly audit   'util-deprecate': [ '1.0.2' ],
271 silly audit   pify: [ '2.3.0' ],
271 silly audit   '@jridgewell/gen-mapping': [ '0.3.13' ],
271 silly audit   commander: [ '4.1.1' ],
271 silly audit   'lines-and-columns': [ '1.2.4' ],
271 silly audit   mz: [ '2.7.0' ],
271 silly audit   pirates: [ '4.0.7' ],
271 silly audit   'ts-interface-checker': [ '0.1.13' ],
271 silly audit   '@jridgewell/sourcemap-codec': [ '1.5.5' ],
271 silly audit   '@jridgewell/trace-mapping': [ '0.3.31' ],
271 silly audit   '@jridgewell/resolve-uri': [ '3.1.2' ],
271 silly audit   'any-promise': [ '1.3.0' ],
271 silly audit   'thenify-all': [ '1.6.0' ],
271 silly audit   thenify: [ '3.3.1' ],
271 silly audit   yaml: [ '2.8.3' ]
271 silly audit }
272 http cache any-promise@https://registry.npmjs.org/any-promise/-/any-promise-1.3.0.tgz 0ms (cache hit)
273 http cache yaml@https://registry.npmjs.org/yaml/-/yaml-2.8.3.tgz 0ms (cache hit)
274 http cache @jridgewell/resolve-uri@https://registry.npmjs.org/@jridgewell/resolve-uri/-/resolve-uri-3.1.2.tgz 0ms (cache hit)
275 http cache thenify-all@https://registry.npmjs.org/thenify-all/-/thenify-all-1.6.0.tgz 0ms (cache hit)
276 http cache ts-interface-checker@https://registry.npmjs.org/ts-interface-checker/-/ts-interface-checker-0.1.13.tgz 0ms (cache hit)
277 http cache thenify@https://registry.npmjs.org/thenify/-/thenify-3.3.1.tgz 0ms (cache hit)
278 http cache @jridgewell/sourcemap-codec@https://registry.npmjs.org/@jridgewell/sourcemap-codec/-/sourcemap-codec-1.5.5.tgz 0ms (cache hit)
279 http cache pirates@https://registry.npmjs.org/pirates/-/pirates-4.0.7.tgz 0ms (cache hit)
280 http cache @jridgewell/trace-mapping@https://registry.npmjs.org/@jridgewell/trace-mapping/-/trace-mapping-0.3.31.tgz 0ms (cache hit)
281 http cache mz@https://registry.npmjs.org/mz/-/mz-2.7.0.tgz 0ms (cache hit)
282 http cache commander@https://registry.npmjs.org/commander/-/commander-4.1.1.tgz 0ms (cache hit)
283 http cache @jridgewell/gen-mapping@https://registry.npmjs.org/@jridgewell/gen-mapping/-/gen-mapping-0.3.13.tgz 0ms (cache hit)
284 http cache lines-and-columns@https://registry.npmjs.org/lines-and-columns/-/lines-and-columns-1.2.4.tgz 0ms (cache hit)
285 http cache pify@https://registry.npmjs.org/pify/-/pify-2.3.0.tgz 0ms (cache hit)
286 http cache util-deprecate@https://registry.npmjs.org/util-deprecate/-/util-deprecate-1.0.2.tgz 0ms (cache hit)
287 http cache camelcase-css@https://registry.npmjs.org/camelcase-css/-/camelcase-css-2.0.1.tgz 1ms (cache hit)
288 http cache cssesc@https://registry.npmjs.org/cssesc/-/cssesc-3.0.0.tgz 0ms (cache hit)
289 http cache read-cache@https://registry.npmjs.org/read-cache/-/read-cache-1.0.0.tgz 0ms (cache hit)
290 http cache readdirp@https://registry.npmjs.org/readdirp/-/readdirp-3.6.0.tgz 0ms (cache hit)
291 http cache binary-extensions@https://registry.npmjs.org/binary-extensions/-/binary-extensions-2.3.0.tgz 0ms (cache hit)
292 http cache sucrase@https://registry.npmjs.org/sucrase/-/sucrase-3.35.1.tgz 0ms (cache hit)
293 http cache is-binary-path@https://registry.npmjs.org/is-binary-path/-/is-binary-path-2.1.0.tgz 0ms (cache hit)
294 http cache anymatch@https://registry.npmjs.org/anymatch/-/anymatch-3.1.3.tgz 0ms (cache hit)
295 http cache fsevents@https://registry.npmjs.org/fsevents/-/fsevents-2.3.3.tgz 0ms (cache hit)
296 http cache postcss-selector-parser@https://registry.npmjs.org/postcss-selector-parser/-/postcss-selector-parser-6.1.2.tgz 0ms (cache hit)
297 http cache postcss-js@https://registry.npmjs.org/postcss-js/-/postcss-js-4.1.0.tgz 0ms (cache hit)
298 http cache postcss-import@https://registry.npmjs.org/postcss-import/-/postcss-import-15.1.0.tgz 0ms (cache hit)
299 http cache postcss-nested@https://registry.npmjs.org/postcss-nested/-/postcss-nested-6.2.0.tgz 0ms (cache hit)
300 http cache lilconfig@https://registry.npmjs.org/lilconfig/-/lilconfig-3.1.3.tgz 0ms (cache hit)
301 http cache normalize-path@https://registry.npmjs.org/normalize-path/-/normalize-path-3.0.0.tgz 0ms (cache hit)
302 http cache jiti@https://registry.npmjs.org/jiti/-/jiti-1.21.7.tgz 0ms (cache hit)
303 http cache dlv@https://registry.npmjs.org/dlv/-/dlv-1.1.3.tgz 0ms (cache hit)
304 http cache chokidar@https://registry.npmjs.org/chokidar/-/chokidar-3.6.0.tgz 0ms (cache hit)
305 http cache didyoumean@https://registry.npmjs.org/didyoumean/-/didyoumean-1.2.2.tgz 0ms (cache hit)
306 http cache @alloc/quick-lru@https://registry.npmjs.org/@alloc/quick-lru/-/quick-lru-5.2.0.tgz 0ms (cache hit)
307 http cache tailwindcss@https://registry.npmjs.org/tailwindcss/-/tailwindcss-3.4.17.tgz 0ms (cache hit)
308 http cache arg@https://registry.npmjs.org/arg/-/arg-5.0.2.tgz 0ms (cache hit)
309 http cache glob-parent@https://registry.npmjs.org/glob-parent/-/glob-parent-5.1.2.tgz 0ms (cache hit)
310 http cache resolve@https://registry.npmjs.org/resolve/-/resolve-1.22.12.tgz 0ms (cache hit)
311 http cache resolve@https://registry.npmjs.org/resolve/-/resolve-1.22.12.tgz 0ms (cache hit)
312 http cache postcss-load-config@https://registry.npmjs.org/postcss-load-config/-/postcss-load-config-4.0.2.tgz 0ms (cache hit)
313 silly tarball no local data for any-promise@https://registry.npmjs.org/any-promise/-/any-promise-1.3.0.tgz. Extracting by manifest.
314 silly tarball no local data for yaml@https://registry.npmjs.org/yaml/-/yaml-2.8.3.tgz. Extracting by manifest.
315 silly tarball no local data for thenify-all@https://registry.npmjs.org/thenify-all/-/thenify-all-1.6.0.tgz. Extracting by manifest.
316 silly tarball no local data for ts-interface-checker@https://registry.npmjs.org/ts-interface-checker/-/ts-interface-checker-0.1.13.tgz. Extracting by manifest.
317 silly tarball no local data for thenify@https://registry.npmjs.org/thenify/-/thenify-3.3.1.tgz. Extracting by manifest.
318 silly tarball no local data for pirates@https://registry.npmjs.org/pirates/-/pirates-4.0.7.tgz. Extracting by manifest.
319 silly tarball no local data for mz@https://registry.npmjs.org/mz/-/mz-2.7.0.tgz. Extracting by manifest.
320 silly tarball no local data for commander@https://registry.npmjs.org/commander/-/commander-4.1.1.tgz. Extracting by manifest.
321 silly tarball no local data for lines-and-columns@https://registry.npmjs.org/lines-and-columns/-/lines-and-columns-1.2.4.tgz. Extracting by manifest.
322 silly tarball no local data for pify@https://registry.npmjs.org/pify/-/pify-2.3.0.tgz. Extracting by manifest.
323 silly tarball no local data for util-deprecate@https://registry.npmjs.org/util-deprecate/-/util-deprecate-1.0.2.tgz. Extracting by manifest.
324 silly tarball no local data for camelcase-css@https://registry.npmjs.org/camelcase-css/-/camelcase-css-2.0.1.tgz. Extracting by manifest.
325 silly tarball no local data for cssesc@https://registry.npmjs.org/cssesc/-/cssesc-3.0.0.tgz. Extracting by manifest.
326 silly tarball no local data for read-cache@https://registry.npmjs.org/read-cache/-/read-cache-1.0.0.tgz. Extracting by manifest.
327 silly tarball no local data for readdirp@https://registry.npmjs.org/readdirp/-/readdirp-3.6.0.tgz. Extracting by manifest.
328 silly tarball no local data for binary-extensions@https://registry.npmjs.org/binary-extensions/-/binary-extensions-2.3.0.tgz. Extracting by manifest.
329 silly tarball no local data for sucrase@https://registry.npmjs.org/sucrase/-/sucrase-3.35.1.tgz. Extracting by manifest.
330 silly tarball no local data for is-binary-path@https://registry.npmjs.org/is-binary-path/-/is-binary-path-2.1.0.tgz. Extracting by manifest.
331 silly tarball no local data for anymatch@https://registry.npmjs.org/anymatch/-/anymatch-3.1.3.tgz. Extracting by manifest.
332 silly tarball no local data for fsevents@https://registry.npmjs.org/fsevents/-/fsevents-2.3.3.tgz. Extracting by manifest.
333 http cache object-hash@https://registry.npmjs.org/object-hash/-/object-hash-3.0.0.tgz 0ms (cache hit)
334 silly tarball no local data for postcss-selector-parser@https://registry.npmjs.org/postcss-selector-parser/-/postcss-selector-parser-6.1.2.tgz. Extracting by manifest.
335 silly tarball no local data for postcss-js@https://registry.npmjs.org/postcss-js/-/postcss-js-4.1.0.tgz. Extracting by manifest.
336 silly tarball no local data for postcss-import@https://registry.npmjs.org/postcss-import/-/postcss-import-15.1.0.tgz. Extracting by manifest.
337 silly tarball no local data for lilconfig@https://registry.npmjs.org/lilconfig/-/lilconfig-3.1.3.tgz. Extracting by manifest.
338 silly tarball no local data for postcss-nested@https://registry.npmjs.org/postcss-nested/-/postcss-nested-6.2.0.tgz. Extracting by manifest.
339 silly tarball no local data for normalize-path@https://registry.npmjs.org/normalize-path/-/normalize-path-3.0.0.tgz. Extracting by manifest.
340 silly tarball no local data for jiti@https://registry.npmjs.org/jiti/-/jiti-1.21.7.tgz. Extracting by manifest.
341 http cache fast-glob@https://registry.npmjs.org/fast-glob/-/fast-glob-3.3.3.tgz 0ms (cache hit)
342 silly tarball no local data for chokidar@https://registry.npmjs.org/chokidar/-/chokidar-3.6.0.tgz. Extracting by manifest.
343 silly tarball no local data for dlv@https://registry.npmjs.org/dlv/-/dlv-1.1.3.tgz. Extracting by manifest.
344 silly tarball no local data for didyoumean@https://registry.npmjs.org/didyoumean/-/didyoumean-1.2.2.tgz. Extracting by manifest.
345 silly tarball no local data for @alloc/quick-lru@https://registry.npmjs.org/@alloc/quick-lru/-/quick-lru-5.2.0.tgz. Extracting by manifest.
346 silly tarball no local data for tailwindcss@https://registry.npmjs.org/tailwindcss/-/tailwindcss-3.4.17.tgz. Extracting by manifest.
347 http cache glob-parent@https://registry.npmjs.org/glob-parent/-/glob-parent-5.1.2.tgz 0ms (cache hit)
348 silly tarball no local data for arg@https://registry.npmjs.org/arg/-/arg-5.0.2.tgz. Extracting by manifest.
349 silly tarball no local data for resolve@https://registry.npmjs.org/resolve/-/resolve-1.22.12.tgz. Extracting by manifest.
350 silly tarball no local data for resolve@https://registry.npmjs.org/resolve/-/resolve-1.22.12.tgz. Extracting by manifest.
351 silly tarball no local data for postcss-load-config@https://registry.npmjs.org/postcss-load-config/-/postcss-load-config-4.0.2.tgz. Extracting by manifest.
352 silly tarball no local data for object-hash@https://registry.npmjs.org/object-hash/-/object-hash-3.0.0.tgz. Extracting by manifest.
353 silly tarball no local data for fast-glob@https://registry.npmjs.org/fast-glob/-/fast-glob-3.3.3.tgz. Extracting by manifest.
354 http fetch POST 200 https://registry.npmjs.org/-/npm/v1/security/advisories/bulk 256ms
355 silly audit report {
355 silly audit report   next: [
355 silly audit report     {
355 silly audit report       id: 1112593,
355 silly audit report       url: 'https://github.com/advisories/GHSA-9g9p-9gw9-jx7f',
355 silly audit report       title: 'Next.js self-hosted applications vulnerable to DoS via Image Optimizer remotePatterns configuration',
355 silly audit report       severity: 'moderate',
355 silly audit report       vulnerable_versions: '>=10.0.0 <15.5.10',
355 silly audit report       cwe: [Array],
355 silly audit report       cvss: [Object]
355 silly audit report     },
355 silly audit report     {
355 silly audit report       id: 1112653,
355 silly audit report       url: 'https://github.com/advisories/GHSA-h25m-26qc-wcjf',
355 silly audit report       title: 'Next.js HTTP request deserialization can lead to DoS when using insecure React Server Components',
355 silly audit report       severity: 'high',
355 silly audit report       vulnerable_versions: '>=13.0.0 <15.0.8',
355 silly audit report       cwe: [Array],
355 silly audit report       cvss: [Object]
355 silly audit report     },
355 silly audit report     {
355 silly audit report       id: 1114897,
355 silly audit report       url: 'https://github.com/advisories/GHSA-ggv3-7p47-pfv8',
355 silly audit report       title: 'Next.js: HTTP request smuggling in rewrites',
355 silly audit report       severity: 'moderate',
355 silly audit report       vulnerable_versions: '>=9.5.0 <15.5.13',
355 silly audit report       cwe: [Array],
355 silly audit report       cvss: [Object]
355 silly audit report     },
355 silly audit report     {
355 silly audit report       id: 1114940,
355 silly audit report       url: 'https://github.com/advisories/GHSA-3x4c-7xq6-9pq8',
355 silly audit report       title: 'Next.js: Unbounded next/image disk cache growth can exhaust storage',
355 silly audit report       severity: 'moderate',
355 silly audit report       vulnerable_versions: '>=10.0.0 <15.5.14',
355 silly audit report       cwe: [Array],
355 silly audit report       cvss: [Object]
355 silly audit report     },
355 silly audit report     {
355 silly audit report       id: 1116376,
355 silly audit report       url: 'https://github.com/advisories/GHSA-q4gf-8mx6-v5v3',
355 silly audit report       title: 'Next.js has a Denial of Service with Server Components',
355 silly audit report       severity: 'high',
355 silly audit report       vulnerable_versions: '>=13.0.0 <15.5.15',
355 silly audit report       cwe: [Array],
355 silly audit report       cvss: [Object]
355 silly audit report     }
355 silly audit report   ],
355 silly audit report   nodemailer: [
355 silly audit report     {
355 silly audit report       id: 1115470,
355 silly audit report       url: 'https://github.com/advisories/GHSA-c7w3-x93f-qmm8',
355 silly audit report       title: 'Nodemailer has SMTP command injection due to unsanitized `envelope.size` parameter',
355 silly audit report       severity: 'low',
355 silly audit report       vulnerable_versions: '<8.0.4',
355 silly audit report       cwe: [Array],
355 silly audit report       cvss: [Object]
355 silly audit report     },
355 silly audit report     {
355 silly audit report       id: 1116270,
355 silly audit report       url: 'https://github.com/advisories/GHSA-vvjj-xcjg-gr5g',
355 silly audit report       title: 'Nodemailer Vulnerable to SMTP Command Injection via CRLF in Transport name Option (EHLO/HELO) ',
355 silly audit report       severity: 'moderate',
355 silly audit report       vulnerable_versions: '<=8.0.4',
355 silly audit report       cwe: [Array],
355 silly audit report       cvss: [Object]
355 silly audit report     }
355 silly audit report   ]
355 silly audit report }
356 silly packumentCache corgi:https://registry.npmjs.org/next cache-miss
357 silly packumentCache corgi:https://registry.npmjs.org/nodemailer cache-miss
358 http fetch GET 200 https://registry.npmjs.org/thenify/-/thenify-3.3.1.tgz 334ms (cache miss)
359 http fetch GET 200 https://registry.npmjs.org/thenify-all/-/thenify-all-1.6.0.tgz 337ms (cache miss)
360 http fetch GET 200 https://registry.npmjs.org/pirates/-/pirates-4.0.7.tgz 344ms (cache miss)
361 http fetch GET 200 https://registry.npmjs.org/is-binary-path/-/is-binary-path-2.1.0.tgz 370ms (cache miss)
362 http fetch GET 200 https://registry.npmjs.org/pify/-/pify-2.3.0.tgz 386ms (cache miss)
363 http fetch GET 200 https://registry.npmjs.org/cssesc/-/cssesc-3.0.0.tgz 394ms (cache miss)
364 http fetch GET 200 https://registry.npmjs.org/readdirp/-/readdirp-3.6.0.tgz 394ms (cache miss)
365 http fetch GET 200 https://registry.npmjs.org/postcss-import/-/postcss-import-15.1.0.tgz 427ms (cache miss)
366 http fetch GET 200 https://registry.npmjs.org/anymatch/-/anymatch-3.1.3.tgz 435ms (cache miss)
367 http fetch GET 200 https://registry.npmjs.org/lilconfig/-/lilconfig-3.1.3.tgz 432ms (cache miss)
368 http fetch GET 200 https://registry.npmjs.org/postcss-js/-/postcss-js-4.1.0.tgz 459ms (cache miss)
369 http fetch GET 200 https://registry.npmjs.org/normalize-path/-/normalize-path-3.0.0.tgz 462ms (cache miss)
370 http cache https://registry.npmjs.org/nodemailer 287ms (cache hit)
371 silly packumentCache corgi:https://registry.npmjs.org/nodemailer set size:309772 disposed:false
372 http fetch GET 200 https://registry.npmjs.org/dlv/-/dlv-1.1.3.tgz 480ms (cache miss)
373 http cache https://registry.npmjs.org/next 370ms (cache hit)
374 silly packumentCache corgi:https://registry.npmjs.org/next set size:24722204 disposed:false
375 silly packumentCache corgi:https://registry.npmjs.org/next-auth cache-miss
376 http fetch GET 200 https://registry.npmjs.org/read-cache/-/read-cache-1.0.0.tgz 1426ms (cache miss)
377 http fetch GET 200 https://registry.npmjs.org/util-deprecate/-/util-deprecate-1.0.2.tgz 1434ms (cache miss)
378 http fetch GET 200 https://registry.npmjs.org/@alloc/quick-lru/-/quick-lru-5.2.0.tgz 1423ms (cache miss)
379 http fetch GET 200 https://registry.npmjs.org/lines-and-columns/-/lines-and-columns-1.2.4.tgz 1440ms (cache miss)
380 http fetch GET 200 https://registry.npmjs.org/didyoumean/-/didyoumean-1.2.2.tgz 1451ms (cache miss)
381 http fetch GET 200 https://registry.npmjs.org/postcss-nested/-/postcss-nested-6.2.0.tgz 1459ms (cache miss)
382 http fetch GET 200 https://registry.npmjs.org/binary-extensions/-/binary-extensions-2.3.0.tgz 1471ms (cache miss)
383 http fetch GET 200 https://registry.npmjs.org/camelcase-css/-/camelcase-css-2.0.1.tgz 1477ms (cache miss)
384 http fetch GET 200 https://registry.npmjs.org/fsevents/-/fsevents-2.3.3.tgz 1474ms (cache miss)
385 http fetch GET 200 https://registry.npmjs.org/mz/-/mz-2.7.0.tgz 1483ms (cache miss)
386 http fetch GET 200 https://registry.npmjs.org/ts-interface-checker/-/ts-interface-checker-0.1.13.tgz 1487ms (cache miss)
387 http fetch GET 200 https://registry.npmjs.org/arg/-/arg-5.0.2.tgz 1471ms (cache miss)
388 http fetch GET 200 https://registry.npmjs.org/object-hash/-/object-hash-3.0.0.tgz 1481ms (cache miss)
389 http cache https://registry.npmjs.org/next-auth 262ms (cache hit)
390 silly packumentCache corgi:https://registry.npmjs.org/next-auth set size:1814253 disposed:false
391 http fetch GET 200 https://registry.npmjs.org/chokidar/-/chokidar-3.6.0.tgz 1674ms (cache miss)
392 http fetch GET 200 https://registry.npmjs.org/commander/-/commander-4.1.1.tgz 1727ms (cache miss)
393 http fetch GET 200 https://registry.npmjs.org/postcss-load-config/-/postcss-load-config-4.0.2.tgz 1708ms (cache miss)
394 http fetch GET 200 https://registry.npmjs.org/any-promise/-/any-promise-1.3.0.tgz 1836ms (cache miss)
395 http fetch GET 200 https://registry.npmjs.org/postcss-selector-parser/-/postcss-selector-parser-6.1.2.tgz 2062ms (cache miss)
396 http fetch GET 200 https://registry.npmjs.org/jiti/-/jiti-1.21.7.tgz 2067ms (cache miss)
397 http fetch GET 200 https://registry.npmjs.org/fast-glob/-/fast-glob-3.3.3.tgz 2238ms (cache miss)
398 http fetch GET 200 https://registry.npmjs.org/resolve/-/resolve-1.22.12.tgz 2662ms (cache miss)
399 http fetch GET 200 https://registry.npmjs.org/resolve/-/resolve-1.22.12.tgz 2667ms (cache miss)
400 http fetch GET 200 https://registry.npmjs.org/yaml/-/yaml-2.8.3.tgz 3234ms (cache miss)
401 http fetch GET 200 https://registry.npmjs.org/sucrase/-/sucrase-3.35.1.tgz 3269ms (cache miss)
402 http fetch GET 200 https://registry.npmjs.org/tailwindcss/-/tailwindcss-3.4.17.tgz 3317ms (cache miss)
403 info run fsevents@2.3.3 install node_modules/fsevents node-gyp rebuild
404 info run fsevents@2.3.3 install { code: 1, signal: null }
405 verbose reify failed optional dependency /Users/mucellabilican/myfrAIm/node_modules/fsevents
406 silly reify mark deleted [ '/Users/mucellabilican/myfrAIm/node_modules/fsevents' ]
407 silly ADD node_modules/yaml
408 silly ADD node_modules/thenify
409 silly ADD node_modules/thenify-all
410 silly ADD node_modules/any-promise
411 silly ADD node_modules/@jridgewell/resolve-uri
412 silly ADD node_modules/@jridgewell/trace-mapping
413 silly ADD node_modules/@jridgewell/sourcemap-codec
414 silly ADD node_modules/ts-interface-checker
415 silly ADD node_modules/pirates
416 silly ADD node_modules/mz
417 silly ADD node_modules/lines-and-columns
418 silly ADD node_modules/commander
419 silly ADD node_modules/@jridgewell/gen-mapping
420 silly ADD node_modules/pify
421 silly ADD node_modules/util-deprecate
422 silly ADD node_modules/cssesc
423 silly ADD node_modules/camelcase-css
424 silly ADD node_modules/read-cache
425 silly ADD node_modules/binary-extensions
426 silly ADD node_modules/readdirp
427 silly ADD node_modules/is-binary-path
428 silly ADD
429 silly ADD node_modules/anymatch
430 silly ADD node_modules/sucrase
431 silly ADD node_modules/postcss-selector-parser
432 silly ADD node_modules/postcss-nested
433 silly ADD node_modules/postcss-js
434 silly ADD node_modules/postcss-import
435 silly ADD node_modules/postcss-import/node_modules/resolve
436 silly ADD node_modules/normalize-path
437 silly ADD node_modules/lilconfig
438 silly ADD node_modules/jiti
439 silly ADD node_modules/dlv
440 silly ADD node_modules/didyoumean
441 silly ADD node_modules/chokidar
442 silly ADD node_modules/chokidar/node_modules/glob-parent
443 silly ADD node_modules/arg
444 silly ADD node_modules/@alloc/quick-lru
445 silly CHANGE node_modules/tailwindcss
446 silly ADD node_modules/tailwindcss/node_modules/resolve
447 silly ADD node_modules/tailwindcss/node_modules/postcss-load-config
448 silly ADD node_modules/tailwindcss/node_modules/object-hash
449 silly ADD node_modules/tailwindcss/node_modules/fast-glob
450 silly ADD node_modules/tailwindcss/node_modules/fast-glob/node_modules/glob-parent
451 verbose cwd /Users/mucellabilican/myfrAIm
452 verbose os Darwin 24.6.0
453 verbose node v24.14.1
454 verbose npm  v11.11.0
455 verbose exit 0
456 info ok
