0 verbose cli /usr/local/bin/node /usr/local/bin/npm
1 info using npm@11.11.0
2 info using node@v24.14.1
3 silly config load:file:/usr/local/lib/node_modules/npm/npmrc
4 silly config load:file:/Users/mucellabilican/myfrAIm/.npmrc
5 silly config load:file:/Users/mucellabilican/.npmrc
6 silly config load:file:/usr/local/etc/npmrc
7 verbose title npm install
8 verbose argv "install"
9 verbose logfile logs-max:10 dir:/Users/mucellabilican/myfrAIm/.npm-cache/_logs/2026-04-15T10_14_45_647Z-
10 verbose logfile /Users/mucellabilican/myfrAIm/.npm-cache/_logs/2026-04-15T10_14_45_647Z-debug-0.log
11 silly logfile done cleaning log files
12 silly packumentCache heap:2348810240 maxSize:587202560 maxEntrySize:293601280
13 silly idealTree buildDeps
14 silly fetch manifest @types/node@^24.7.2
15 silly packumentCache full:https://registry.npmjs.org/@types%2fnode cache-miss
16 http cache https://registry.npmjs.org/@types%2fnode 216ms (cache hit)
17 silly packumentCache full:https://registry.npmjs.org/@types%2fnode set size:10972342 disposed:false
18 silly fetch manifest eslint-config-next@^15.5.6
19 silly packumentCache full:https://registry.npmjs.org/eslint-config-next cache-miss
20 http cache https://registry.npmjs.org/eslint-config-next 48ms (cache hit)
21 silly packumentCache full:https://registry.npmjs.org/eslint-config-next set size:6589717 disposed:false
22 silly fetch manifest eslint@^9.37.0
23 silly packumentCache full:https://registry.npmjs.org/eslint cache-miss
24 http cache https://registry.npmjs.org/eslint 44ms (cache hit)
25 silly packumentCache full:https://registry.npmjs.org/eslint set size:1976900 disposed:false
26 silly fetch manifest jiti@*
27 silly packumentCache full:https://registry.npmjs.org/jiti cache-miss
28 http cache https://registry.npmjs.org/jiti 12ms (cache hit)
29 silly packumentCache full:https://registry.npmjs.org/jiti set size:382310 disposed:false
30 silly fetch manifest typescript@^5.9.3
31 silly packumentCache full:https://registry.npmjs.org/typescript cache-miss
32 http cache https://registry.npmjs.org/typescript 75ms (cache hit)
33 silly packumentCache full:https://registry.npmjs.org/typescript set size:15399465 disposed:false
34 silly placeDep ROOT @types/node@24.12.2 REPLACE for: myfraim@0.1.0 want: ^24.7.2
35 silly placeDep ROOT eslint-config-next@15.5.15 REPLACE for: myfraim@0.1.0 want: ^15.5.6
36 silly placeDep ROOT typescript@5.9.3 REPLACE for: myfraim@0.1.0 want: ^5.9.3
37 silly fetch manifest undici-types@~7.16.0
38 silly packumentCache full:https://registry.npmjs.org/undici-types cache-miss
39 silly fetch manifest @rushstack/eslint-patch@^1.10.3
40 silly packumentCache full:https://registry.npmjs.org/@rushstack%2feslint-patch cache-miss
41 silly fetch manifest @next/eslint-plugin-next@15.5.15
42 silly packumentCache full:https://registry.npmjs.org/@next%2feslint-plugin-next cache-miss
43 silly fetch manifest eslint-plugin-react-hooks@^5.0.0
44 silly packumentCache full:https://registry.npmjs.org/eslint-plugin-react-hooks cache-miss
45 http cache https://registry.npmjs.org/undici-types 56ms (cache hit)
46 silly packumentCache full:https://registry.npmjs.org/undici-types set size:210150 disposed:false
47 http cache https://registry.npmjs.org/eslint-plugin-react-hooks 83ms (cache hit)
48 silly packumentCache full:https://registry.npmjs.org/eslint-plugin-react-hooks set size:7300822 disposed:false
49 http cache https://registry.npmjs.org/@next%2feslint-plugin-next 180ms (cache hit)
50 silly packumentCache full:https://registry.npmjs.org/@next%2feslint-plugin-next set size:6697090 disposed:false
51 http fetch GET 200 https://registry.npmjs.org/@rushstack%2feslint-patch 1110ms (cache miss)
52 silly packumentCache full:https://registry.npmjs.org/@rushstack%2feslint-patch set size:undefined disposed:false
53 silly placeDep ROOT undici-types@7.16.0 OK for: @types/node@24.12.2 want: ~7.16.0
54 silly fetch manifest eslint@^7.23.0 || ^8.0.0 || ^9.0.0
55 silly packumentCache full:https://registry.npmjs.org/eslint cache-miss
56 http cache https://registry.npmjs.org/eslint 38ms (cache hit)
57 silly packumentCache full:https://registry.npmjs.org/eslint set size:1976900 disposed:false
58 silly placeDep ROOT @next/eslint-plugin-next@15.5.15 OK for: eslint-config-next@15.5.15 want: 15.5.15
59 silly placeDep ROOT @rushstack/eslint-patch@1.16.1 OK for: eslint-config-next@15.5.15 want: ^1.10.3
60 silly placeDep ROOT eslint-plugin-react-hooks@5.2.0 OK for: eslint-config-next@15.5.15 want: ^5.0.0
61 silly fetch manifest fast-glob@3.3.1
62 silly packumentCache full:https://registry.npmjs.org/fast-glob cache-miss
63 http cache https://registry.npmjs.org/fast-glob 11ms (cache hit)
64 silly packumentCache full:https://registry.npmjs.org/fast-glob set size:220556 disposed:false
65 silly placeDep ROOT fast-glob@3.3.1 OK for: @next/eslint-plugin-next@15.5.15 want: 3.3.1
66 silly fetch manifest merge2@^1.3.0
67 silly packumentCache full:https://registry.npmjs.org/merge2 cache-miss
68 silly fetch manifest micromatch@^4.0.4
69 silly packumentCache full:https://registry.npmjs.org/micromatch cache-miss
70 silly fetch manifest glob-parent@^5.1.2
71 silly packumentCache full:https://registry.npmjs.org/glob-parent cache-miss
72 silly fetch manifest @nodelib/fs.stat@^2.0.2
73 silly packumentCache full:https://registry.npmjs.org/@nodelib%2ffs.stat cache-miss
74 silly fetch manifest @nodelib/fs.walk@^1.2.3
75 silly packumentCache full:https://registry.npmjs.org/@nodelib%2ffs.walk cache-miss
76 http cache https://registry.npmjs.org/glob-parent 36ms (cache hit)
77 silly packumentCache full:https://registry.npmjs.org/glob-parent set size:42445 disposed:false
78 http cache https://registry.npmjs.org/micromatch 41ms (cache hit)
79 silly packumentCache full:https://registry.npmjs.org/micromatch set size:240630 disposed:false
80 http cache https://registry.npmjs.org/@nodelib%2ffs.stat 48ms (cache hit)
81 silly packumentCache full:https://registry.npmjs.org/@nodelib%2ffs.stat set size:36993 disposed:false
82 http cache https://registry.npmjs.org/merge2 53ms (cache hit)
83 silly packumentCache full:https://registry.npmjs.org/merge2 set size:46159 disposed:false
84 http cache https://registry.npmjs.org/@nodelib%2ffs.walk 83ms (cache hit)
85 silly packumentCache full:https://registry.npmjs.org/@nodelib%2ffs.walk set size:41589 disposed:false
86 silly placeDep ROOT @nodelib/fs.stat@2.0.5 OK for: fast-glob@3.3.1 want: ^2.0.2
87 silly placeDep ROOT @nodelib/fs.walk@1.2.8 OK for: fast-glob@3.3.1 want: ^1.2.3
88 silly placeDep node_modules/fast-glob glob-parent@5.1.2 OK for: fast-glob@3.3.1 want: ^5.1.2
89 silly placeDep ROOT merge2@1.4.1 OK for: fast-glob@3.3.1 want: ^1.3.0
90 silly placeDep ROOT micromatch@4.0.8 OK for: fast-glob@3.3.1 want: ^4.0.4
91 silly fetch manifest fastq@^1.6.0
92 silly packumentCache full:https://registry.npmjs.org/fastq cache-miss
93 silly fetch manifest @nodelib/fs.scandir@2.1.5
94 silly packumentCache full:https://registry.npmjs.org/@nodelib%2ffs.scandir cache-miss
95 silly fetch manifest braces@^3.0.3
96 silly packumentCache full:https://registry.npmjs.org/braces cache-miss
97 silly fetch manifest picomatch@^2.3.1
98 silly packumentCache full:https://registry.npmjs.org/picomatch cache-miss
99 http cache https://registry.npmjs.org/fastq 44ms (cache hit)
100 silly packumentCache full:https://registry.npmjs.org/fastq set size:78301 disposed:false
101 http cache https://registry.npmjs.org/braces 46ms (cache hit)
102 silly packumentCache full:https://registry.npmjs.org/braces set size:114529 disposed:false
103 http cache https://registry.npmjs.org/@nodelib%2ffs.scandir 53ms (cache hit)
104 silly packumentCache full:https://registry.npmjs.org/@nodelib%2ffs.scandir set size:49256 disposed:false
105 http cache https://registry.npmjs.org/picomatch 53ms (cache hit)
106 silly packumentCache full:https://registry.npmjs.org/picomatch set size:126376 disposed:false
107 silly placeDep ROOT @nodelib/fs.scandir@2.1.5 OK for: @nodelib/fs.walk@1.2.8 want: 2.1.5
108 silly placeDep ROOT fastq@1.20.1 OK for: @nodelib/fs.walk@1.2.8 want: ^1.6.0
109 silly fetch manifest run-parallel@^1.1.9
110 silly packumentCache full:https://registry.npmjs.org/run-parallel cache-miss
111 silly fetch manifest reusify@^1.0.4
112 silly packumentCache full:https://registry.npmjs.org/reusify cache-miss
113 http cache https://registry.npmjs.org/reusify 22ms (cache hit)
114 silly packumentCache full:https://registry.npmjs.org/reusify set size:14249 disposed:false
115 http cache https://registry.npmjs.org/run-parallel 24ms (cache hit)
116 silly packumentCache full:https://registry.npmjs.org/run-parallel set size:35172 disposed:false
117 silly placeDep ROOT run-parallel@1.2.0 OK for: @nodelib/fs.scandir@2.1.5 want: ^1.1.9
118 silly fetch manifest queue-microtask@^1.2.2
119 silly packumentCache full:https://registry.npmjs.org/queue-microtask cache-miss
120 http cache https://registry.npmjs.org/queue-microtask 35ms (cache hit)
121 silly packumentCache full:https://registry.npmjs.org/queue-microtask set size:36088 disposed:false
122 silly placeDep ROOT reusify@1.1.0 OK for: fastq@1.20.1 want: ^1.0.4
123 silly placeDep ROOT braces@3.0.3 OK for: micromatch@4.0.8 want: ^3.0.3
124 silly placeDep ROOT picomatch@2.3.2 OK for: micromatch@4.0.8 want: ^2.3.1
125 silly fetch manifest fill-range@^7.1.1
126 silly packumentCache full:https://registry.npmjs.org/fill-range cache-miss
127 http cache https://registry.npmjs.org/fill-range 8ms (cache hit)
128 silly packumentCache full:https://registry.npmjs.org/fill-range set size:90212 disposed:false
129 silly placeDep ROOT fill-range@7.1.1 OK for: braces@3.0.3 want: ^7.1.1
130 silly fetch manifest to-regex-range@^5.0.1
131 silly packumentCache full:https://registry.npmjs.org/to-regex-range cache-miss
132 http cache https://registry.npmjs.org/to-regex-range 33ms (cache hit)
133 silly packumentCache full:https://registry.npmjs.org/to-regex-range set size:61569 disposed:false
134 silly placeDep ROOT to-regex-range@5.0.1 OK for: fill-range@7.1.1 want: ^5.0.1
135 silly fetch manifest is-number@^7.0.0
136 silly packumentCache full:https://registry.npmjs.org/is-number cache-miss
137 http cache https://registry.npmjs.org/is-number 9ms (cache hit)
138 silly packumentCache full:https://registry.npmjs.org/is-number set size:36183 disposed:false
139 silly placeDep ROOT queue-microtask@1.2.3 OK for: run-parallel@1.2.0 want: ^1.2.2
140 silly placeDep ROOT is-number@7.0.0 OK for: to-regex-range@5.0.1 want: ^7.0.0
141 silly reify mark retired [ '/Users/mucellabilican/myfrAIm/node_modules/@babel/code-frame' ]
142 silly reify mark retired [ '/Users/mucellabilican/myfrAIm/node_modules/@babel/compat-data' ]
143 silly reify mark retired [ '/Users/mucellabilican/myfrAIm/node_modules/@babel/core' ]
144 silly reify mark retired [ '/Users/mucellabilican/myfrAIm/node_modules/@babel/generator' ]
145 silly reify mark retired [
145 silly reify   '/Users/mucellabilican/myfrAIm/node_modules/@babel/helper-compilation-targets'
145 silly reify ]
146 silly reify mark retired [ '/Users/mucellabilican/myfrAIm/node_modules/@babel/helper-globals' ]
147 silly reify mark retired [
147 silly reify   '/Users/mucellabilican/myfrAIm/node_modules/@babel/helper-module-imports'
147 silly reify ]
148 silly reify mark retired [
148 silly reify   '/Users/mucellabilican/myfrAIm/node_modules/@babel/helper-module-transforms'
148 silly reify ]
149 silly reify mark retired [
149 silly reify   '/Users/mucellabilican/myfrAIm/node_modules/@babel/helper-string-parser'
149 silly reify ]
150 silly reify mark retired [
150 silly reify   '/Users/mucellabilican/myfrAIm/node_modules/@babel/helper-validator-identifier'
150 silly reify ]
151 silly reify mark retired [
151 silly reify   '/Users/mucellabilican/myfrAIm/node_modules/@babel/helper-validator-option'
151 silly reify ]
152 silly reify mark retired [ '/Users/mucellabilican/myfrAIm/node_modules/@babel/helpers' ]
153 silly reify mark retired [
153 silly reify   '/Users/mucellabilican/myfrAIm/node_modules/@babel/parser',
153 silly reify   '/Users/mucellabilican/myfrAIm/node_modules/.bin/parser'
153 silly reify ]
154 silly reify mark retired [ '/Users/mucellabilican/myfrAIm/node_modules/@babel/template' ]
155 silly reify mark retired [ '/Users/mucellabilican/myfrAIm/node_modules/@babel/traverse' ]
156 silly reify mark retired [ '/Users/mucellabilican/myfrAIm/node_modules/@babel/types' ]
157 silly reify mark retired [
157 silly reify   '/Users/mucellabilican/myfrAIm/node_modules/@jridgewell/gen-mapping'
157 silly reify ]
158 silly reify mark retired [ '/Users/mucellabilican/myfrAIm/node_modules/@jridgewell/remapping' ]
159 silly reify mark retired [
159 silly reify   '/Users/mucellabilican/myfrAIm/node_modules/@jridgewell/resolve-uri'
159 silly reify ]
160 silly reify mark retired [
160 silly reify   '/Users/mucellabilican/myfrAIm/node_modules/@jridgewell/sourcemap-codec'
160 silly reify ]
161 silly reify mark retired [
161 silly reify   '/Users/mucellabilican/myfrAIm/node_modules/@jridgewell/trace-mapping'
161 silly reify ]
162 silly reify mark retired [
162 silly reify   '/Users/mucellabilican/myfrAIm/node_modules/@next/eslint-plugin-next'
162 silly reify ]
163 silly reify mark retired [ '/Users/mucellabilican/myfrAIm/node_modules/@types/node' ]
164 silly reify mark retired [ '/Users/mucellabilican/myfrAIm/node_modules/convert-source-map' ]
165 silly reify mark retired [ '/Users/mucellabilican/myfrAIm/node_modules/eslint-config-next' ]
166 silly reify mark retired [
166 silly reify   '/Users/mucellabilican/myfrAIm/node_modules/eslint-plugin-react-hooks'
166 silly reify ]
167 silly reify mark retired [ '/Users/mucellabilican/myfrAIm/node_modules/gensync' ]
168 silly reify mark retired [ '/Users/mucellabilican/myfrAIm/node_modules/globals' ]
169 silly reify mark retired [ '/Users/mucellabilican/myfrAIm/node_modules/hermes-estree' ]
170 silly reify mark retired [ '/Users/mucellabilican/myfrAIm/node_modules/hermes-parser' ]
171 silly reify mark retired [
171 silly reify   '/Users/mucellabilican/myfrAIm/node_modules/jsesc',
171 silly reify   '/Users/mucellabilican/myfrAIm/node_modules/.bin/jsesc'
171 silly reify ]
172 silly reify mark retired [
172 silly reify   '/Users/mucellabilican/myfrAIm/node_modules/json5',
172 silly reify   '/Users/mucellabilican/myfrAIm/node_modules/.bin/json5'
172 silly reify ]
173 silly reify mark retired [
173 silly reify   '/Users/mucellabilican/myfrAIm/node_modules/typescript',
173 silly reify   '/Users/mucellabilican/myfrAIm/node_modules/.bin/tsc',
173 silly reify   '/Users/mucellabilican/myfrAIm/node_modules/.bin/tsserver'
173 silly reify ]
174 silly reify mark retired [ '/Users/mucellabilican/myfrAIm/node_modules/typescript-eslint' ]
175 silly reify mark retired [ '/Users/mucellabilican/myfrAIm/node_modules/undici-types' ]
176 silly reify mark retired [ '/Users/mucellabilican/myfrAIm/node_modules/zod-validation-error' ]
177 silly reify moves {
177 silly reify   '/Users/mucellabilican/myfrAIm/node_modules/@babel/code-frame': '/Users/mucellabilican/myfrAIm/node_modules/@babel/.code-frame-nINRFcZl',
177 silly reify   '/Users/mucellabilican/myfrAIm/node_modules/@babel/compat-data': '/Users/mucellabilican/myfrAIm/node_modules/@babel/.compat-data-tg7mx5yA',
177 silly reify   '/Users/mucellabilican/myfrAIm/node_modules/@babel/core': '/Users/mucellabilican/myfrAIm/node_modules/@babel/.core-Mll6Koq5',
177 silly reify   '/Users/mucellabilican/myfrAIm/node_modules/@babel/generator': '/Users/mucellabilican/myfrAIm/node_modules/@babel/.generator-Bw7mGDFg',
177 silly reify   '/Users/mucellabilican/myfrAIm/node_modules/@babel/helper-compilation-targets': '/Users/mucellabilican/myfrAIm/node_modules/@babel/.helper-compilation-targets-ZLZhmcA6',
177 silly reify   '/Users/mucellabilican/myfrAIm/node_modules/@babel/helper-globals': '/Users/mucellabilican/myfrAIm/node_modules/@babel/.helper-globals-L5vcQ5y2',
177 silly reify   '/Users/mucellabilican/myfrAIm/node_modules/@babel/helper-module-imports': '/Users/mucellabilican/myfrAIm/node_modules/@babel/.helper-module-imports-jLV06acu',
177 silly reify   '/Users/mucellabilican/myfrAIm/node_modules/@babel/helper-module-transforms': '/Users/mucellabilican/myfrAIm/node_modules/@babel/.helper-module-transforms-LNhdBQSA',
177 silly reify   '/Users/mucellabilican/myfrAIm/node_modules/@babel/helper-string-parser': '/Users/mucellabilican/myfrAIm/node_modules/@babel/.helper-string-parser-6C3TlKmn',
177 silly reify   '/Users/mucellabilican/myfrAIm/node_modules/@babel/helper-validator-identifier': '/Users/mucellabilican/myfrAIm/node_modules/@babel/.helper-validator-identifier-1tUke4ll',
177 silly reify   '/Users/mucellabilican/myfrAIm/node_modules/@babel/helper-validator-option': '/Users/mucellabilican/myfrAIm/node_modules/@babel/.helper-validator-option-Ad66vhtO',
177 silly reify   '/Users/mucellabilican/myfrAIm/node_modules/@babel/helpers': '/Users/mucellabilican/myfrAIm/node_modules/@babel/.helpers-nQkR6HjT',
177 silly reify   '/Users/mucellabilican/myfrAIm/node_modules/@babel/parser': '/Users/mucellabilican/myfrAIm/node_modules/@babel/.parser-u3SPUBNW',
177 silly reify   '/Users/mucellabilican/myfrAIm/node_modules/.bin/parser': '/Users/mucellabilican/myfrAIm/node_modules/.bin/.parser-6uaBYe80',
177 silly reify   '/Users/mucellabilican/myfrAIm/node_modules/@babel/template': '/Users/mucellabilican/myfrAIm/node_modules/@babel/.template-32d6KxZA',
177 silly reify   '/Users/mucellabilican/myfrAIm/node_modules/@babel/traverse': '/Users/mucellabilican/myfrAIm/node_modules/@babel/.traverse-OAkNhSwn',
177 silly reify   '/Users/mucellabilican/myfrAIm/node_modules/@babel/types': '/Users/mucellabilican/myfrAIm/node_modules/@babel/.types-JI7MU7WY',
177 silly reify   '/Users/mucellabilican/myfrAIm/node_modules/@jridgewell/gen-mapping': '/Users/mucellabilican/myfrAIm/node_modules/@jridgewell/.gen-mapping-XMNUyajd',
177 silly reify   '/Users/mucellabilican/myfrAIm/node_modules/@jridgewell/remapping': '/Users/mucellabilican/myfrAIm/node_modules/@jridgewell/.remapping-AT6vgrg1',
177 silly reify   '/Users/mucellabilican/myfrAIm/node_modules/@jridgewell/resolve-uri': '/Users/mucellabilican/myfrAIm/node_modules/@jridgewell/.resolve-uri-jsHJK8lZ',
177 silly reify   '/Users/mucellabilican/myfrAIm/node_modules/@jridgewell/sourcemap-codec': '/Users/mucellabilican/myfrAIm/node_modules/@jridgewell/.sourcemap-codec-ZHojwoRO',
177 silly reify   '/Users/mucellabilican/myfrAIm/node_modules/@jridgewell/trace-mapping': '/Users/mucellabilican/myfrAIm/node_modules/@jridgewell/.trace-mapping-mDvKgiMm',
177 silly reify   '/Users/mucellabilican/myfrAIm/node_modules/@next/eslint-plugin-next': '/Users/mucellabilican/myfrAIm/node_modules/@next/.eslint-plugin-next-CBZZx85w',
177 silly reify   '/Users/mucellabilican/myfrAIm/node_modules/@types/node': '/Users/mucellabilican/myfrAIm/node_modules/@types/.node-ISCRN9w1',
177 silly reify   '/Users/mucellabilican/myfrAIm/node_modules/convert-source-map': '/Users/mucellabilican/myfrAIm/node_modules/.convert-source-map-vpCija8F',
177 silly reify   '/Users/mucellabilican/myfrAIm/node_modules/eslint-config-next': '/Users/mucellabilican/myfrAIm/node_modules/.eslint-config-next-AfGwIoZA',
177 silly reify   '/Users/mucellabilican/myfrAIm/node_modules/eslint-plugin-react-hooks': '/Users/mucellabilican/myfrAIm/node_modules/.eslint-plugin-react-hooks-zReTlUCg',
177 silly reify   '/Users/mucellabilican/myfrAIm/node_modules/gensync': '/Users/mucellabilican/myfrAIm/node_modules/.gensync-HWd1dcui',
177 silly reify   '/Users/mucellabilican/myfrAIm/node_modules/globals': '/Users/mucellabilican/myfrAIm/node_modules/.globals-CNFwbAIa',
177 silly reify   '/Users/mucellabilican/myfrAIm/node_modules/hermes-estree': '/Users/mucellabilican/myfrAIm/node_modules/.hermes-estree-KflYvPQX',
177 silly reify   '/Users/mucellabilican/myfrAIm/node_modules/hermes-parser': '/Users/mucellabilican/myfrAIm/node_modules/.hermes-parser-pYYpoCFD',
177 silly reify   '/Users/mucellabilican/myfrAIm/node_modules/jsesc': '/Users/mucellabilican/myfrAIm/node_modules/.jsesc-D16C03vm',
177 silly reify   '/Users/mucellabilican/myfrAIm/node_modules/.bin/jsesc': '/Users/mucellabilican/myfrAIm/node_modules/.bin/.jsesc-CKWDPhoG',
177 silly reify   '/Users/mucellabilican/myfrAIm/node_modules/json5': '/Users/mucellabilican/myfrAIm/node_modules/.json5-WpFrLTPy',
177 silly reify   '/Users/mucellabilican/myfrAIm/node_modules/.bin/json5': '/Users/mucellabilican/myfrAIm/node_modules/.bin/.json5-NzP5wRpN',
177 silly reify   '/Users/mucellabilican/myfrAIm/node_modules/typescript': '/Users/mucellabilican/myfrAIm/node_modules/.typescript-hs1qes6x',
177 silly reify   '/Users/mucellabilican/myfrAIm/node_modules/.bin/tsc': '/Users/mucellabilican/myfrAIm/node_modules/.bin/.tsc-BetiBXkv',
177 silly reify   '/Users/mucellabilican/myfrAIm/node_modules/.bin/tsserver': '/Users/mucellabilican/myfrAIm/node_modules/.bin/.tsserver-6BFJLTYE',
177 silly reify   '/Users/mucellabilican/myfrAIm/node_modules/typescript-eslint': '/Users/mucellabilican/myfrAIm/node_modules/.typescript-eslint-YjLNj1FJ',
177 silly reify   '/Users/mucellabilican/myfrAIm/node_modules/undici-types': '/Users/mucellabilican/myfrAIm/node_modules/.undici-types-0BYCiVIC',
177 silly reify   '/Users/mucellabilican/myfrAIm/node_modules/zod-validation-error': '/Users/mucellabilican/myfrAIm/node_modules/.zod-validation-error-yY7CDApt'
177 silly reify }
178 silly audit bulk request {
178 silly audit   semver: [ '6.3.1', '7.7.4' ],
178 silly audit   'lru-cache': [ '6.0.0' ],
178 silly audit   yallist: [ '4.0.0' ],
178 silly audit   '@babel/runtime': [ '7.29.2' ],
178 silly audit   '@emnapi/core': [ '1.9.2' ],
178 silly audit   '@emnapi/runtime': [ '1.9.2' ],
178 silly audit   '@emnapi/wasi-threads': [ '1.2.1' ],
178 silly audit   '@eslint-community/eslint-utils': [ '4.9.1' ],
178 silly audit   '@eslint-community/regexpp': [ '4.12.2' ],
178 silly audit   '@eslint/config-array': [ '0.21.2' ],
178 silly audit   'balanced-match': [ '1.0.2', '4.0.4' ],
178 silly audit   'brace-expansion': [ '1.1.14', '5.0.5' ],
178 silly audit   minimatch: [ '3.1.5', '10.2.5' ],
178 silly audit   '@eslint/config-helpers': [ '0.4.2' ],
178 silly audit   '@eslint/core': [ '0.17.0' ],
178 silly audit   '@eslint/eslintrc': [ '3.3.5' ],
178 silly audit   globals: [ '14.0.0' ],
178 silly audit   ignore: [ '5.3.2', '7.0.5' ],
178 silly audit   '@eslint/js': [ '9.39.4' ],
178 silly audit   '@eslint/object-schema': [ '2.1.7' ],
178 silly audit   '@eslint/plugin-kit': [ '0.4.1' ],
178 silly audit   '@humanfs/core': [ '0.19.1' ],
178 silly audit   '@humanfs/node': [ '0.16.7' ],
178 silly audit   '@humanwhocodes/module-importer': [ '1.0.1' ],
178 silly audit   '@humanwhocodes/retry': [ '0.4.3' ],
178 silly audit   '@napi-rs/wasm-runtime': [ '0.2.12' ],
178 silly audit   '@next/env': [ '14.2.35' ],
178 silly audit   '@next/swc-darwin-arm64': [ '14.2.33' ],
178 silly audit   '@next/swc-darwin-x64': [ '14.2.33' ],
178 silly audit   '@next/swc-linux-arm64-gnu': [ '14.2.33' ],
178 silly audit   '@next/swc-linux-arm64-musl': [ '14.2.33' ],
178 silly audit   '@next/swc-linux-x64-gnu': [ '14.2.33' ],
178 silly audit   '@next/swc-linux-x64-musl': [ '14.2.33' ],
178 silly audit   '@next/swc-win32-arm64-msvc': [ '14.2.33' ],
178 silly audit   '@next/swc-win32-ia32-msvc': [ '14.2.33' ],
178 silly audit   '@next/swc-win32-x64-msvc': [ '14.2.33' ],
178 silly audit   '@nolyfill/is-core-module': [ '1.0.39' ],
178 silly audit   '@panva/hkdf': [ '1.2.1' ],
178 silly audit   '@rtsao/scc': [ '1.1.0' ],
178 silly audit   '@swc/counter': [ '0.1.3' ],
178 silly audit   '@swc/helpers': [ '0.5.5' ],
178 silly audit   '@tybys/wasm-util': [ '0.10.1' ],
178 silly audit   '@types/estree': [ '1.0.8' ],
178 silly audit   '@types/json-schema': [ '7.0.15' ],
178 silly audit   '@types/json5': [ '0.0.29' ],
178 silly audit   '@types/react': [ '19.2.14' ],
178 silly audit   '@types/react-dom': [ '19.2.3' ],
178 silly audit   '@typescript-eslint/eslint-plugin': [ '8.58.2' ],
178 silly audit   '@typescript-eslint/parser': [ '8.58.2' ],
178 silly audit   '@typescript-eslint/project-service': [ '8.58.2' ],
178 silly audit   '@typescript-eslint/scope-manager': [ '8.58.2' ],
178 silly audit   '@typescript-eslint/tsconfig-utils': [ '8.58.2' ],
178 silly audit   '@typescript-eslint/type-utils': [ '8.58.2' ],
178 silly audit   '@typescript-eslint/types': [ '8.58.2' ],
178 silly audit   '@typescript-eslint/typescript-estree': [ '8.58.2' ],
178 silly audit   '@typescript-eslint/utils': [ '8.58.2' ],
178 silly audit   '@typescript-eslint/visitor-keys': [ '8.58.2' ],
178 silly audit   'eslint-visitor-keys': [ '5.0.1', '3.4.3', '4.2.1' ],
178 silly audit   '@unrs/resolver-binding-android-arm-eabi': [ '1.11.1' ],
178 silly audit   '@unrs/resolver-binding-android-arm64': [ '1.11.1' ],
178 silly audit   '@unrs/resolver-binding-darwin-arm64': [ '1.11.1' ],
178 silly audit   '@unrs/resolver-binding-darwin-x64': [ '1.11.1' ],
178 silly audit   '@unrs/resolver-binding-freebsd-x64': [ '1.11.1' ],
178 silly audit   '@unrs/resolver-binding-linux-arm-gnueabihf': [ '1.11.1' ],
178 silly audit   '@unrs/resolver-binding-linux-arm-musleabihf': [ '1.11.1' ],
178 silly audit   '@unrs/resolver-binding-linux-arm64-gnu': [ '1.11.1' ],
178 silly audit   '@unrs/resolver-binding-linux-arm64-musl': [ '1.11.1' ],
178 silly audit   '@unrs/resolver-binding-linux-ppc64-gnu': [ '1.11.1' ],
178 silly audit   '@unrs/resolver-binding-linux-riscv64-gnu': [ '1.11.1' ],
178 silly audit   '@unrs/resolver-binding-linux-riscv64-musl': [ '1.11.1' ],
178 silly audit   '@unrs/resolver-binding-linux-s390x-gnu': [ '1.11.1' ],
178 silly audit   '@unrs/resolver-binding-linux-x64-gnu': [ '1.11.1' ],
178 silly audit   '@unrs/resolver-binding-linux-x64-musl': [ '1.11.1' ],
178 silly audit   '@unrs/resolver-binding-wasm32-wasi': [ '1.11.1' ],
178 silly audit   '@unrs/resolver-binding-win32-arm64-msvc': [ '1.11.1' ],
178 silly audit   '@unrs/resolver-binding-win32-ia32-msvc': [ '1.11.1' ],
178 silly audit   '@unrs/resolver-binding-win32-x64-msvc': [ '1.11.1' ],
178 silly audit   acorn: [ '8.16.0' ],
178 silly audit   'acorn-jsx': [ '5.3.2' ],
178 silly audit   ajv: [ '6.14.0' ],
178 silly audit   'ansi-styles': [ '4.3.0' ],
178 silly audit   argparse: [ '2.0.1' ],
178 silly audit   'aria-query': [ '5.3.2' ],
178 silly audit   'array-buffer-byte-length': [ '1.0.2' ],
178 silly audit   'array-includes': [ '3.1.9' ],
178 silly audit   'array.prototype.findlast': [ '1.2.5' ],
178 silly audit   'array.prototype.findlastindex': [ '1.2.6' ],
178 silly audit   'array.prototype.flat': [ '1.3.3' ],
178 silly audit   'array.prototype.flatmap': [ '1.3.3' ],
178 silly audit   'array.prototype.tosorted': [ '1.1.4' ],
178 silly audit   'arraybuffer.prototype.slice': [ '1.0.4' ],
178 silly audit   'ast-types-flow': [ '0.0.8' ],
178 silly audit   'async-function': [ '1.0.0' ],
178 silly audit   autoprefixer: [ '10.5.0' ],
178 silly audit   'available-typed-arrays': [ '1.0.7' ],
178 silly audit   'axe-core': [ '4.11.3' ],
178 silly audit   'axobject-query': [ '4.1.0' ],
178 silly audit   'baseline-browser-mapping': [ '2.10.19' ],
178 silly audit   bcryptjs: [ '3.0.3' ],
178 silly audit   browserslist: [ '4.28.2' ],
178 silly audit   'buffer-equal-constant-time': [ '1.0.1' ],
178 silly audit   busboy: [ '1.6.0' ],
178 silly audit   'call-bind': [ '1.0.9' ],
178 silly audit   'call-bind-apply-helpers': [ '1.0.2' ],
178 silly audit   'call-bound': [ '1.0.4' ],
178 silly audit   callsites: [ '3.1.0' ],
178 silly audit   'caniuse-lite': [ '1.0.30001788' ],
178 silly audit   chalk: [ '4.1.2' ],
178 silly audit   'client-only': [ '0.0.1' ],
178 silly audit   'color-convert': [ '2.0.1' ],
178 silly audit   'color-name': [ '1.1.4' ],
178 silly audit   'concat-map': [ '0.0.1' ],
178 silly audit   cookie: [ '0.7.2' ],
178 silly audit   'cross-spawn': [ '7.0.6' ],
178 silly audit   csstype: [ '3.2.3' ],
178 silly audit   'damerau-levenshtein': [ '1.0.8' ],
178 silly audit   'data-view-buffer': [ '1.0.2' ],
178 silly audit   'data-view-byte-length': [ '1.0.2' ],
178 silly audit   'data-view-byte-offset': [ '1.0.1' ],
178 silly audit   debug: [ '4.4.3', '3.2.7' ],
178 silly audit   'deep-is': [ '0.1.4' ],
178 silly audit   'define-data-property': [ '1.1.4' ],
178 silly audit   'define-properties': [ '1.2.1' ],
178 silly audit   doctrine: [ '2.1.0' ],
178 silly audit   dotenv: [ '17.4.2' ],
178 silly audit   'dunder-proto': [ '1.0.1' ],
178 silly audit   'ecdsa-sig-formatter': [ '1.0.11' ],
178 silly audit   'electron-to-chromium': [ '1.5.336' ],
178 silly audit   'emoji-regex': [ '9.2.2' ],
178 silly audit   'es-abstract': [ '1.24.2' ],
178 silly audit   'es-define-property': [ '1.0.1' ],
178 silly audit   'es-errors': [ '1.3.0' ],
178 silly audit   'es-iterator-helpers': [ '1.3.2' ],
178 silly audit   'es-object-atoms': [ '1.1.1' ],
178 silly audit   'es-set-tostringtag': [ '2.1.0' ],
178 silly audit   'es-shim-unscopables': [ '1.1.0' ],
178 silly audit   'es-to-primitive': [ '1.3.0' ],
178 silly audit   escalade: [ '3.2.0' ],
178 silly audit   'escape-string-regexp': [ '4.0.0' ],
178 silly audit   eslint: [ '9.39.4' ],
178 silly audit   'eslint-import-resolver-node': [ '0.3.10' ],
178 silly audit   'eslint-import-resolver-typescript': [ '3.10.1' ],
178 silly audit   'eslint-module-utils': [ '2.12.1' ],
178 silly audit   'eslint-plugin-import': [ '2.32.0' ],
178 silly audit   'eslint-plugin-jsx-a11y': [ '6.10.2' ],
178 silly audit   'eslint-plugin-react': [ '7.37.5' ],
178 silly audit   'eslint-scope': [ '8.4.0' ],
178 silly audit   espree: [ '10.4.0' ],
178 silly audit   esquery: [ '1.7.0' ],
178 silly audit   esrecurse: [ '4.3.0' ],
178 silly audit   estraverse: [ '5.3.0' ],
178 silly audit   esutils: [ '2.0.3' ],
178 silly audit   'fast-deep-equal': [ '3.1.3' ],
178 silly audit   'glob-parent': [ '6.0.2', '5.1.2' ],
178 silly audit   'fast-json-stable-stringify': [ '2.1.0' ],
178 silly audit   'fast-levenshtein': [ '2.0.6' ],
178 silly audit   'file-entry-cache': [ '8.0.0' ],
178 silly audit   'find-up': [ '5.0.0' ],
178 silly audit   'flat-cache': [ '4.0.1' ],
178 silly audit   flatted: [ '3.4.2' ],
178 silly audit   'for-each': [ '0.3.5' ],
178 silly audit   'fraction.js': [ '5.3.4' ],
178 silly audit   'function-bind': [ '1.1.2' ],
178 silly audit   'function.prototype.name': [ '1.1.8' ],
178 silly audit   'functions-have-names': [ '1.2.3' ],
178 silly audit   'generator-function': [ '2.0.1' ],
178 silly audit   'get-intrinsic': [ '1.3.0' ],
178 silly audit   'get-proto': [ '1.0.1' ],
178 silly audit   'get-symbol-description': [ '1.1.0' ],
178 silly audit   'get-tsconfig': [ '4.14.0' ],
178 silly audit   globalthis: [ '1.0.4' ],
178 silly audit   gopd: [ '1.2.0' ],
178 silly audit   'graceful-fs': [ '4.2.11' ],
178 silly audit   'has-bigints': [ '1.1.0' ],
178 silly audit   'has-flag': [ '4.0.0' ],
178 silly audit   'has-property-descriptors': [ '1.0.2' ],
178 silly audit   'has-proto': [ '1.2.0' ],
178 silly audit   'has-symbols': [ '1.1.0' ],
178 silly audit   'has-tostringtag': [ '1.0.2' ],
178 silly audit   hasown: [ '2.0.2' ],
178 silly audit   'import-fresh': [ '3.3.1' ],
178 silly audit   imurmurhash: [ '0.1.4' ],
178 silly audit   'internal-slot': [ '1.1.0' ],
178 silly audit   'is-array-buffer': [ '3.0.5' ],
178 silly audit   'is-async-function': [ '2.1.1' ],
178 silly audit   'is-bigint': [ '1.1.0' ],
178 silly audit   'is-boolean-object': [ '1.2.2' ],
178 silly audit   'is-bun-module': [ '2.0.0' ],
178 silly audit   'is-callable': [ '1.2.7' ],
178 silly audit   'is-core-module': [ '2.16.1' ],
178 silly audit   'is-data-view': [ '1.0.2' ],
178 silly audit   'is-date-object': [ '1.1.0' ],
178 silly audit   'is-extglob': [ '2.1.1' ],
178 silly audit   'is-finalizationregistry': [ '1.1.1' ],
178 silly audit   'is-generator-function': [ '1.1.2' ],
178 silly audit   'is-glob': [ '4.0.3' ],
178 silly audit   'is-map': [ '2.0.3' ],
178 silly audit   'is-negative-zero': [ '2.0.3' ],
178 silly audit   'is-number-object': [ '1.1.1' ],
178 silly audit   'is-regex': [ '1.2.1' ],
178 silly audit   'is-set': [ '2.0.3' ],
178 silly audit   'is-shared-array-buffer': [ '1.0.4' ],
178 silly audit   'is-string': [ '1.1.1' ],
178 silly audit   'is-symbol': [ '1.1.1' ],
178 silly audit   'is-typed-array': [ '1.1.15' ],
178 silly audit   'is-weakmap': [ '2.0.2' ],
178 silly audit   'is-weakref': [ '1.1.1' ],
178 silly audit   'is-weakset': [ '2.0.4' ],
178 silly audit   isarray: [ '2.0.5' ],
178 silly audit   isexe: [ '2.0.0' ],
178 silly audit   'iterator.prototype': [ '1.1.5' ],
178 silly audit   jose: [ '6.2.2', '4.15.9' ],
178 silly audit   'js-tokens': [ '4.0.0' ],
178 silly audit   'js-yaml': [ '4.1.1' ],
178 silly audit   'json-buffer': [ '3.0.1' ],
178 silly audit   'json-schema-traverse': [ '0.4.1' ],
178 silly audit   'json-stable-stringify-without-jsonify': [ '1.0.1' ],
178 silly audit   json5: [ '1.0.2' ],
178 silly audit   jsonwebtoken: [ '9.0.3' ],
178 silly audit   'jsx-ast-utils': [ '3.3.5' ],
178 silly audit   jwa: [ '2.0.1' ],
178 silly audit   jws: [ '4.0.1' ],
178 silly audit   keyv: [ '4.5.4' ],
178 silly audit   'language-subtag-registry': [ '0.3.23' ],
178 silly audit   'language-tags': [ '1.0.9' ],
178 silly audit   levn: [ '0.4.1' ],
178 silly audit   'locate-path': [ '6.0.0' ],
178 silly audit   'lodash.includes': [ '4.3.0' ],
178 silly audit   'lodash.isboolean': [ '3.0.3' ],
178 silly audit   'lodash.isinteger': [ '4.0.4' ],
178 silly audit   'lodash.isnumber': [ '3.0.3' ],
178 silly audit   'lodash.isplainobject': [ '4.0.6' ],
178 silly audit   'lodash.isstring': [ '4.0.1' ],
178 silly audit   'lodash.merge': [ '4.6.2' ],
178 silly audit   'lodash.once': [ '4.1.1' ],
178 silly audit   'loose-envify': [ '1.4.0' ],
178 silly audit   'math-intrinsics': [ '1.1.0' ],
178 silly audit   minimist: [ '1.2.8' ],
178 silly audit   ms: [ '2.1.3' ],
178 silly audit   nanoid: [ '3.3.11' ],
178 silly audit   'napi-postinstall': [ '0.3.4' ],
178 silly audit   'natural-compare': [ '1.4.0' ],
178 silly audit   next: [ '14.2.35' ],
178 silly audit   'next-auth': [ '4.24.14' ],
178 silly audit   postcss: [ '8.4.31', '8.5.9' ],
178 silly audit   'node-exports-info': [ '1.6.0' ],
178 silly audit   'node-releases': [ '2.0.37' ],
178 silly audit   nodemailer: [ '7.0.13' ],
178 silly audit   oauth: [ '0.9.15' ],
178 silly audit   'object-assign': [ '4.1.1' ],
178 silly audit   'object-hash': [ '2.2.0' ],
178 silly audit   'object-inspect': [ '1.13.4' ],
178 silly audit   'object-keys': [ '1.1.1' ],
178 silly audit   'object.assign': [ '4.1.7' ],
178 silly audit   'object.entries': [ '1.1.9' ],
178 silly audit   'object.fromentries': [ '2.0.8' ],
178 silly audit   'object.groupby': [ '1.0.3' ],
178 silly audit   'object.values': [ '1.2.1' ],
178 silly audit   'oidc-token-hash': [ '5.2.0' ],
178 silly audit   'openid-client': [ '5.7.1' ],
178 silly audit   optionator: [ '0.9.4' ],
178 silly audit   'own-keys': [ '1.0.1' ],
178 silly audit   'p-limit': [ '3.1.0' ],
178 silly audit   'p-locate': [ '5.0.0' ],
178 silly audit   'parent-module': [ '1.0.1' ],
178 silly audit   'path-exists': [ '4.0.0' ],
178 silly audit   'path-key': [ '3.1.1' ],
178 silly audit   'path-parse': [ '1.0.7' ],
178 silly audit   pg: [ '8.20.0' ],
178 silly audit   'pg-cloudflare': [ '1.3.0' ],
178 silly audit   'pg-connection-string': [ '2.12.0' ],
178 silly audit   'pg-int8': [ '1.0.1' ],
178 silly audit   'pg-pool': [ '3.13.0' ],
178 silly audit   'pg-protocol': [ '1.13.0' ],
178 silly audit   'pg-types': [ '2.2.0' ],
178 silly audit   pgpass: [ '1.0.5' ],
178 silly audit   picocolors: [ '1.1.1' ],
178 silly audit   picomatch: [ '4.0.4', '2.3.2' ],
178 silly audit   'possible-typed-array-names': [ '1.1.0' ],
178 silly audit   'postcss-value-parser': [ '4.2.0' ],
178 silly audit   'postgres-array': [ '2.0.0' ],
178 silly audit   'postgres-bytea': [ '1.0.1' ],
178 silly audit   'postgres-date': [ '1.0.7' ],
178 silly audit   'postgres-interval': [ '1.2.0' ],
178 silly audit   preact: [ '10.29.1' ],
178 silly audit   'preact-render-to-string': [ '5.2.6' ],
178 silly audit   'prelude-ls': [ '1.2.1' ],
178 silly audit   'pretty-format': [ '3.8.0' ],
178 silly audit   'prop-types': [ '15.8.1' ],
178 silly audit   punycode: [ '2.3.1' ],
178 silly audit   react: [ '18.3.1' ],
178 silly audit   'react-dom': [ '18.3.1' ],
178 silly audit   'react-is': [ '16.13.1' ],
178 silly audit   'reflect.getprototypeof': [ '1.0.10' ],
178 silly audit   'regexp.prototype.flags': [ '1.5.4' ],
178 silly audit   resolve: [ '2.0.0-next.6' ],
178 silly audit   'resolve-from': [ '4.0.0' ],
178 silly audit   'resolve-pkg-maps': [ '1.0.0' ],
178 silly audit   'safe-array-concat': [ '1.1.3' ],
178 silly audit   'safe-buffer': [ '5.2.1' ],
178 silly audit   'safe-push-apply': [ '1.0.0' ],
178 silly audit   'safe-regex-test': [ '1.1.0' ],
178 silly audit   scheduler: [ '0.23.2' ],
178 silly audit   'set-function-length': [ '1.2.2' ],
178 silly audit   'set-function-name': [ '2.0.2' ],
178 silly audit   'set-proto': [ '1.0.0' ],
178 silly audit   'shebang-command': [ '2.0.0' ],
178 silly audit   'shebang-regex': [ '3.0.0' ],
178 silly audit   'side-channel': [ '1.1.0' ],
178 silly audit   'side-channel-list': [ '1.0.1' ],
178 silly audit   'side-channel-map': [ '1.0.1' ],
178 silly audit   'side-channel-weakmap': [ '1.0.2' ],
178 silly audit   'source-map-js': [ '1.2.1' ],
178 silly audit   split2: [ '4.2.0' ],
178 silly audit   'stable-hash': [ '0.0.5' ],
178 silly audit   'stop-iteration-iterator': [ '1.1.0' ],
178 silly audit   streamsearch: [ '1.1.0' ],
178 silly audit   'string.prototype.includes': [ '2.0.1' ],
178 silly audit   'string.prototype.matchall': [ '4.0.12' ],
178 silly audit   'string.prototype.repeat': [ '1.0.0' ],
178 silly audit   'string.prototype.trim': [ '1.2.10' ],
178 silly audit   'string.prototype.trimend': [ '1.0.9' ],
178 silly audit   'string.prototype.trimstart': [ '1.0.8' ],
178 silly audit   'strip-bom': [ '3.0.0' ],
178 silly audit   'strip-json-comments': [ '3.1.1' ],
178 silly audit   'styled-jsx': [ '5.1.1' ],
178 silly audit   'supports-color': [ '7.2.0' ],
178 silly audit   'supports-preserve-symlinks-flag': [ '1.0.0' ],
178 silly audit   tailwindcss: [ '4.2.2' ],
178 silly audit   tinyglobby: [ '0.2.16' ],
178 silly audit   fdir: [ '6.5.0' ],
178 silly audit   'ts-api-utils': [ '2.5.0' ],
178 silly audit   'tsconfig-paths': [ '3.15.0' ],
178 silly audit   tslib: [ '2.8.1' ],
178 silly audit   'type-check': [ '0.4.0' ],
178 silly audit   'typed-array-buffer': [ '1.0.3' ],
178 silly audit   'typed-array-byte-length': [ '1.0.3' ],
178 silly audit   'typed-array-byte-offset': [ '1.0.4' ],
178 silly audit   'typed-array-length': [ '1.0.7' ],
178 silly audit   'unbox-primitive': [ '1.1.0' ],
178 silly audit   'unrs-resolver': [ '1.11.1' ],
178 silly audit   'update-browserslist-db': [ '1.2.3' ],
178 silly audit   'uri-js': [ '4.4.1' ],
178 silly audit   uuid: [ '8.3.2' ],
178 silly audit   which: [ '2.0.2' ],
178 silly audit   'which-boxed-primitive': [ '1.1.1' ],
178 silly audit   'which-builtin-type': [ '1.2.1' ],
178 silly audit   'which-collection': [ '1.0.2' ],
178 silly audit   'which-typed-array': [ '1.1.20' ],
178 silly audit   'word-wrap': [ '1.2.5' ],
178 silly audit   xtend: [ '4.0.2' ],
178 silly audit   'yocto-queue': [ '0.1.0' ],
178 silly audit   zod: [ '4.3.6' ],
178 silly audit   '@types/node': [ '24.12.2' ],
178 silly audit   'eslint-config-next': [ '15.5.15' ],
178 silly audit   typescript: [ '5.9.3' ],
178 silly audit   'undici-types': [ '7.16.0' ],
178 silly audit   '@next/eslint-plugin-next': [ '15.5.15' ],
178 silly audit   '@rushstack/eslint-patch': [ '1.16.1' ],
178 silly audit   'eslint-plugin-react-hooks': [ '5.2.0' ],
178 silly audit   'fast-glob': [ '3.3.1' ],
178 silly audit   '@nodelib/fs.stat': [ '2.0.5' ],
178 silly audit   '@nodelib/fs.walk': [ '1.2.8' ],
178 silly audit   merge2: [ '1.4.1' ],
178 silly audit   micromatch: [ '4.0.8' ],
178 silly audit   '@nodelib/fs.scandir': [ '2.1.5' ],
178 silly audit   fastq: [ '1.20.1' ],
178 silly audit   'run-parallel': [ '1.2.0' ],
178 silly audit   reusify: [ '1.1.0' ],
178 silly audit   braces: [ '3.0.3' ],
178 silly audit   'fill-range': [ '7.1.1' ],
178 silly audit   'to-regex-range': [ '5.0.1' ],
178 silly audit   'queue-microtask': [ '1.2.3' ],
178 silly audit   'is-number': [ '7.0.0' ]
178 silly audit }
179 http cache @rushstack/eslint-patch@https://registry.npmjs.org/@rushstack/eslint-patch/-/eslint-patch-1.16.1.tgz 1ms (cache hit)
180 http cache undici-types@https://registry.npmjs.org/undici-types/-/undici-types-7.16.0.tgz 0ms (cache hit)
181 http cache typescript@https://registry.npmjs.org/typescript/-/typescript-5.9.3.tgz 0ms (cache hit)
182 http cache eslint-plugin-react-hooks@https://registry.npmjs.org/eslint-plugin-react-hooks/-/eslint-plugin-react-hooks-5.2.0.tgz 0ms (cache hit)
183 silly tarball no local data for @rushstack/eslint-patch@https://registry.npmjs.org/@rushstack/eslint-patch/-/eslint-patch-1.16.1.tgz. Extracting by manifest.
184 http cache eslint-config-next@https://registry.npmjs.org/eslint-config-next/-/eslint-config-next-15.5.15.tgz 0ms (cache hit)
185 silly tarball no local data for undici-types@https://registry.npmjs.org/undici-types/-/undici-types-7.16.0.tgz. Extracting by manifest.
186 silly tarball no local data for typescript@https://registry.npmjs.org/typescript/-/typescript-5.9.3.tgz. Extracting by manifest.
187 http cache @types/node@https://registry.npmjs.org/@types/node/-/node-24.12.2.tgz 0ms (cache hit)
188 silly tarball no local data for eslint-plugin-react-hooks@https://registry.npmjs.org/eslint-plugin-react-hooks/-/eslint-plugin-react-hooks-5.2.0.tgz. Extracting by manifest.
189 silly tarball no local data for eslint-config-next@https://registry.npmjs.org/eslint-config-next/-/eslint-config-next-15.5.15.tgz. Extracting by manifest.
190 http cache @next/eslint-plugin-next@https://registry.npmjs.org/@next/eslint-plugin-next/-/eslint-plugin-next-15.5.15.tgz 0ms (cache hit)
191 silly tarball no local data for @types/node@https://registry.npmjs.org/@types/node/-/node-24.12.2.tgz. Extracting by manifest.
192 silly tarball no local data for @next/eslint-plugin-next@https://registry.npmjs.org/@next/eslint-plugin-next/-/eslint-plugin-next-15.5.15.tgz. Extracting by manifest.
193 http fetch POST 200 https://registry.npmjs.org/-/npm/v1/security/advisories/bulk 243ms
194 silly audit report {
194 silly audit report   next: [
194 silly audit report     {
194 silly audit report       id: 1112593,
194 silly audit report       url: 'https://github.com/advisories/GHSA-9g9p-9gw9-jx7f',
194 silly audit report       title: 'Next.js self-hosted applications vulnerable to DoS via Image Optimizer remotePatterns configuration',
194 silly audit report       severity: 'moderate',
194 silly audit report       vulnerable_versions: '>=10.0.0 <15.5.10',
194 silly audit report       cwe: [Array],
194 silly audit report       cvss: [Object]
194 silly audit report     },
194 silly audit report     {
194 silly audit report       id: 1112653,
194 silly audit report       url: 'https://github.com/advisories/GHSA-h25m-26qc-wcjf',
194 silly audit report       title: 'Next.js HTTP request deserialization can lead to DoS when using insecure React Server Components',
194 silly audit report       severity: 'high',
194 silly audit report       vulnerable_versions: '>=13.0.0 <15.0.8',
194 silly audit report       cwe: [Array],
194 silly audit report       cvss: [Object]
194 silly audit report     },
194 silly audit report     {
194 silly audit report       id: 1114897,
194 silly audit report       url: 'https://github.com/advisories/GHSA-ggv3-7p47-pfv8',
194 silly audit report       title: 'Next.js: HTTP request smuggling in rewrites',
194 silly audit report       severity: 'moderate',
194 silly audit report       vulnerable_versions: '>=9.5.0 <15.5.13',
194 silly audit report       cwe: [Array],
194 silly audit report       cvss: [Object]
194 silly audit report     },
194 silly audit report     {
194 silly audit report       id: 1114940,
194 silly audit report       url: 'https://github.com/advisories/GHSA-3x4c-7xq6-9pq8',
194 silly audit report       title: 'Next.js: Unbounded next/image disk cache growth can exhaust storage',
194 silly audit report       severity: 'moderate',
194 silly audit report       vulnerable_versions: '>=10.0.0 <15.5.14',
194 silly audit report       cwe: [Array],
194 silly audit report       cvss: [Object]
194 silly audit report     },
194 silly audit report     {
194 silly audit report       id: 1116376,
194 silly audit report       url: 'https://github.com/advisories/GHSA-q4gf-8mx6-v5v3',
194 silly audit report       title: 'Next.js has a Denial of Service with Server Components',
194 silly audit report       severity: 'high',
194 silly audit report       vulnerable_versions: '>=13.0.0 <15.5.15',
194 silly audit report       cwe: [Array],
194 silly audit report       cvss: [Object]
194 silly audit report     }
194 silly audit report   ],
194 silly audit report   nodemailer: [
194 silly audit report     {
194 silly audit report       id: 1115470,
194 silly audit report       url: 'https://github.com/advisories/GHSA-c7w3-x93f-qmm8',
194 silly audit report       title: 'Nodemailer has SMTP command injection due to unsanitized `envelope.size` parameter',
194 silly audit report       severity: 'low',
194 silly audit report       vulnerable_versions: '<8.0.4',
194 silly audit report       cwe: [Array],
194 silly audit report       cvss: [Object]
194 silly audit report     },
194 silly audit report     {
194 silly audit report       id: 1116270,
194 silly audit report       url: 'https://github.com/advisories/GHSA-vvjj-xcjg-gr5g',
194 silly audit report       title: 'Nodemailer Vulnerable to SMTP Command Injection via CRLF in Transport name Option (EHLO/HELO) ',
194 silly audit report       severity: 'moderate',
194 silly audit report       vulnerable_versions: '<=8.0.4',
194 silly audit report       cwe: [Array],
194 silly audit report       cvss: [Object]
194 silly audit report     }
194 silly audit report   ]
194 silly audit report }
195 silly packumentCache corgi:https://registry.npmjs.org/next cache-miss
196 silly packumentCache corgi:https://registry.npmjs.org/nodemailer cache-miss
197 http fetch GET 200 https://registry.npmjs.org/eslint-config-next/-/eslint-config-next-15.5.15.tgz 335ms (cache miss)
198 http cache https://registry.npmjs.org/nodemailer 120ms (cache hit)
199 silly packumentCache corgi:https://registry.npmjs.org/nodemailer set size:309772 disposed:false
200 http cache https://registry.npmjs.org/next 207ms (cache hit)
201 silly packumentCache corgi:https://registry.npmjs.org/next set size:24722204 disposed:false
202 silly packumentCache corgi:https://registry.npmjs.org/next-auth cache-miss
203 http cache https://registry.npmjs.org/next-auth 107ms (cache hit)
204 silly packumentCache corgi:https://registry.npmjs.org/next-auth set size:1814253 disposed:false
205 http fetch GET 200 https://registry.npmjs.org/eslint-plugin-react-hooks/-/eslint-plugin-react-hooks-5.2.0.tgz 1552ms (cache miss)
206 http fetch GET 200 https://registry.npmjs.org/undici-types/-/undici-types-7.16.0.tgz 1627ms (cache miss)
207 http fetch GET 200 https://registry.npmjs.org/@next/eslint-plugin-next/-/eslint-plugin-next-15.5.15.tgz 1873ms (cache miss)
208 http fetch GET 200 https://registry.npmjs.org/@types/node/-/node-24.12.2.tgz 2074ms (cache miss)
209 http fetch GET 200 https://registry.npmjs.org/@rushstack/eslint-patch/-/eslint-patch-1.16.1.tgz 2297ms (cache miss)
210 http fetch GET 200 https://registry.npmjs.org/typescript/-/typescript-5.9.3.tgz 2924ms (cache miss)
211 silly ADD node_modules/@rushstack/eslint-patch
212 silly REMOVE node_modules/zod-validation-error
213 silly CHANGE node_modules/undici-types
214 silly REMOVE node_modules/typescript-eslint
215 silly CHANGE node_modules/typescript
216 silly REMOVE node_modules/json5
217 silly REMOVE node_modules/jsesc
218 silly REMOVE node_modules/hermes-parser
219 silly REMOVE node_modules/hermes-estree
220 silly REMOVE node_modules/globals
221 silly REMOVE node_modules/gensync
222 silly CHANGE node_modules/eslint-plugin-react-hooks
223 silly CHANGE node_modules/eslint-config-next
224 silly REMOVE node_modules/convert-source-map
225 silly CHANGE node_modules/@types/node
226 silly CHANGE node_modules/@next/eslint-plugin-next
227 silly REMOVE node_modules/@jridgewell/trace-mapping
228 silly REMOVE node_modules/@jridgewell/sourcemap-codec
229 silly REMOVE node_modules/@jridgewell/resolve-uri
230 silly REMOVE node_modules/@jridgewell/remapping
231 silly REMOVE node_modules/@jridgewell/gen-mapping
232 silly REMOVE node_modules/@babel/types
233 silly REMOVE node_modules/@babel/traverse
234 silly REMOVE node_modules/@babel/template
235 silly REMOVE node_modules/@babel/parser
236 silly REMOVE node_modules/@babel/helpers
237 silly REMOVE node_modules/@babel/helper-validator-option
238 silly REMOVE node_modules/@babel/helper-validator-identifier
239 silly REMOVE node_modules/@babel/helper-string-parser
240 silly REMOVE node_modules/@babel/helper-module-transforms
241 silly REMOVE node_modules/@babel/helper-module-imports
242 silly REMOVE node_modules/@babel/helper-globals
243 silly REMOVE node_modules/@babel/helper-compilation-targets
244 silly REMOVE node_modules/@babel/helper-compilation-targets/node_modules/yallist
245 silly REMOVE node_modules/@babel/helper-compilation-targets/node_modules/semver
246 silly REMOVE node_modules/@babel/helper-compilation-targets/node_modules/lru-cache
247 silly REMOVE node_modules/@babel/generator
248 silly REMOVE node_modules/@babel/core
249 silly REMOVE node_modules/@babel/core/node_modules/semver
250 silly REMOVE node_modules/@babel/compat-data
251 silly REMOVE node_modules/@babel/code-frame
252 verbose cwd /Users/mucellabilican/myfrAIm
253 verbose os Darwin 24.6.0
254 verbose node v24.14.1
255 verbose npm  v11.11.0
256 verbose exit 0
257 info ok
