0 verbose cli /usr/local/bin/node /usr/local/lib/node_modules/npm/bin/npm-cli.js
1 info using npm@11.11.0
2 info using node@v24.14.1
3 silly config load:file:/usr/local/lib/node_modules/npm/npmrc
4 silly config load:file:/Users/mucellabilican/myfrAIm/.npmrc
5 silly config load:file:/Users/mucellabilican/.npmrc
6 silly config load:file:/usr/local/etc/npmrc
7 verbose title npm exec create-next-app@14 . --typescript --tailwind --eslint --app --use-npm --yes
8 verbose argv "exec" "--" "create-next-app@14" "." "--typescript" "--tailwind" "--eslint" "--app" "--use-npm" "--yes"
9 verbose logfile logs-max:10 dir:/Users/mucellabilican/myfrAIm/.npm-cache/_logs/2026-04-15T10_09_37_912Z-
10 verbose logfile /Users/mucellabilican/myfrAIm/.npm-cache/_logs/2026-04-15T10_09_37_912Z-debug-0.log
11 silly logfile done cleaning log files
12 silly packumentCache heap:2348810240 maxSize:587202560 maxEntrySize:293601280
13 http fetch GET 200 https://registry.npmjs.org/create-next-app 529ms (cache miss)
14 silly packumentCache heap:2348810240 maxSize:587202560 maxEntrySize:293601280
15 silly packumentCache heap:2348810240 maxSize:587202560 maxEntrySize:293601280
16 warn exec The following package was not found and will be installed: create-next-app@14.2.35
17 silly idealTree buildDeps
18 silly fetch manifest create-next-app@14.2.35
19 silly packumentCache full:https://registry.npmjs.org/create-next-app cache-miss
20 http fetch GET 200 https://registry.npmjs.org/create-next-app 589ms (cache miss)
21 silly packumentCache full:https://registry.npmjs.org/create-next-app set size:undefined disposed:false
22 silly placeDep ROOT create-next-app@14.2.35 OK for:  want: 14.2.35
23 silly reify moves {}
24 silly audit bulk request { 'create-next-app': [ '14.2.35' ] }
25 http cache create-next-app@https://registry.npmjs.org/create-next-app/-/create-next-app-14.2.35.tgz 0ms (cache hit)
26 silly tarball no local data for create-next-app@https://registry.npmjs.org/create-next-app/-/create-next-app-14.2.35.tgz. Extracting by manifest.
27 http fetch POST 200 https://registry.npmjs.org/-/npm/v1/security/advisories/bulk 229ms
28 silly audit report {}
29 http fetch GET 200 https://registry.npmjs.org/create-next-app/-/create-next-app-14.2.35.tgz 1446ms (cache miss)
30 verbose cwd /Users/mucellabilican/myfrAIm
31 verbose os Darwin 24.6.0
32 verbose node v24.14.1
33 verbose npm  v11.11.0
34 verbose exit 0
35 info ok
