0 verbose cli /usr/local/bin/node /usr/local/bin/npm
1 info using npm@11.11.0
2 info using node@v24.14.1
3 silly config load:file:/usr/local/lib/node_modules/npm/npmrc
4 silly config load:file:/Users/mucellabilican/myfrAIm/.npmrc
5 silly config load:file:/Users/mucellabilican/.npmrc
6 silly config load:file:/usr/local/etc/npmrc
7 verbose title npm install next@14 react react-dom typescript @types/react @types/react-dom @types/node tailwindcss postcss autoprefixer bcryptjs jsonwebtoken pg dotenv nodemailer next-auth zod jose
8 verbose argv "install" "next@14" "react" "react-dom" "typescript" "@types/react" "@types/react-dom" "@types/node" "tailwindcss" "postcss" "autoprefixer" "bcryptjs" "jsonwebtoken" "pg" "dotenv" "nodemailer" "next-auth" "zod" "jose"
9 verbose logfile logs-max:10 dir:/Users/mucellabilican/myfrAIm/.npm-cache/_logs/2026-04-15T10_10_06_404Z-
10 verbose logfile /Users/mucellabilican/myfrAIm/.npm-cache/_logs/2026-04-15T10_10_06_404Z-debug-0.log
11 silly logfile done cleaning log files
12 silly packumentCache heap:2348810240 maxSize:587202560 maxEntrySize:293601280
13 silly idealTree buildDeps
14 silly fetch manifest next@14
15 silly packumentCache full:https://registry.npmjs.org/next cache-miss
16 http fetch GET 200 https://registry.npmjs.org/next 1450ms (cache miss)
17 silly packumentCache full:https://registry.npmjs.org/next set size:undefined disposed:false
18 silly fetch manifest @opentelemetry/api@^1.1.0
19 silly packumentCache full:https://registry.npmjs.org/@opentelemetry%2fapi cache-miss
20 http fetch GET 200 https://registry.npmjs.org/@opentelemetry%2fapi 369ms (cache miss)
21 silly packumentCache full:https://registry.npmjs.org/@opentelemetry%2fapi set size:undefined disposed:false
22 silly fetch manifest @playwright/test@^1.41.2
23 silly packumentCache full:https://registry.npmjs.org/@playwright%2ftest cache-miss
24 http fetch GET 200 https://registry.npmjs.org/@playwright%2ftest 1095ms (cache miss)
25 silly packumentCache full:https://registry.npmjs.org/@playwright%2ftest set size:undefined disposed:false
26 silly fetch manifest react@*
27 silly packumentCache full:https://registry.npmjs.org/react cache-miss
28 http fetch GET 200 https://registry.npmjs.org/react 906ms (cache miss)
29 silly packumentCache full:https://registry.npmjs.org/react set size:undefined disposed:false
30 silly fetch manifest react@^18.2.0
31 silly packumentCache full:https://registry.npmjs.org/react cache-miss
32 http cache https://registry.npmjs.org/react 107ms (cache hit)
33 silly packumentCache full:https://registry.npmjs.org/react set size:6605979 disposed:false
34 silly fetch manifest react-dom@*
35 silly packumentCache full:https://registry.npmjs.org/react-dom cache-miss
36 http fetch GET 200 https://registry.npmjs.org/react-dom 593ms (cache miss)
37 silly packumentCache full:https://registry.npmjs.org/react-dom set size:undefined disposed:false
38 silly fetch manifest react-dom@^18.2.0
39 silly packumentCache full:https://registry.npmjs.org/react-dom cache-miss
40 http cache https://registry.npmjs.org/react-dom 280ms (cache hit)
41 silly packumentCache full:https://registry.npmjs.org/react-dom set size:8792192 disposed:false
42 silly fetch manifest sass@^1.3.0
43 silly packumentCache full:https://registry.npmjs.org/sass cache-miss
44 http fetch GET 200 https://registry.npmjs.org/sass 464ms (cache miss)
45 silly packumentCache full:https://registry.npmjs.org/sass set size:undefined disposed:false
46 silly fetch manifest typescript@*
47 silly packumentCache full:https://registry.npmjs.org/typescript cache-miss
48 http fetch GET 200 https://registry.npmjs.org/typescript 732ms (cache miss)
49 silly packumentCache full:https://registry.npmjs.org/typescript set size:undefined disposed:false
50 silly fetch manifest @types/react@*
51 silly packumentCache full:https://registry.npmjs.org/@types%2freact cache-miss
52 http fetch GET 200 https://registry.npmjs.org/@types%2freact 242ms (cache miss)
53 silly packumentCache full:https://registry.npmjs.org/@types%2freact set size:undefined disposed:false
54 silly fetch manifest @types/react-dom@*
55 silly packumentCache full:https://registry.npmjs.org/@types%2freact-dom cache-miss
56 http fetch GET 200 https://registry.npmjs.org/@types%2freact-dom 115ms (cache miss)
57 silly packumentCache full:https://registry.npmjs.org/@types%2freact-dom set size:undefined disposed:false
58 silly fetch manifest @types/node@*
59 silly packumentCache full:https://registry.npmjs.org/@types%2fnode cache-miss
60 http fetch GET 200 https://registry.npmjs.org/@types%2fnode 690ms (cache miss)
61 silly packumentCache full:https://registry.npmjs.org/@types%2fnode set size:undefined disposed:false
62 silly fetch manifest tailwindcss@*
63 silly packumentCache full:https://registry.npmjs.org/tailwindcss cache-miss
64 http fetch GET 200 https://registry.npmjs.org/tailwindcss 429ms (cache miss)
65 silly packumentCache full:https://registry.npmjs.org/tailwindcss set size:undefined disposed:false
66 silly fetch manifest postcss@*
67 silly packumentCache full:https://registry.npmjs.org/postcss cache-miss
68 http fetch GET 200 https://registry.npmjs.org/postcss 115ms (cache miss)
69 silly packumentCache full:https://registry.npmjs.org/postcss set size:undefined disposed:false
70 silly fetch manifest autoprefixer@*
71 silly packumentCache full:https://registry.npmjs.org/autoprefixer cache-miss
72 http fetch GET 200 https://registry.npmjs.org/autoprefixer 183ms (cache miss)
73 silly packumentCache full:https://registry.npmjs.org/autoprefixer set size:undefined disposed:false
74 silly fetch manifest bcryptjs@*
75 silly packumentCache full:https://registry.npmjs.org/bcryptjs cache-miss
76 http fetch GET 200 https://registry.npmjs.org/bcryptjs 248ms (cache miss)
77 silly packumentCache full:https://registry.npmjs.org/bcryptjs set size:undefined disposed:false
78 silly fetch manifest jsonwebtoken@*
79 silly packumentCache full:https://registry.npmjs.org/jsonwebtoken cache-miss
80 http fetch GET 200 https://registry.npmjs.org/jsonwebtoken 309ms (cache miss)
81 silly packumentCache full:https://registry.npmjs.org/jsonwebtoken set size:undefined disposed:false
82 silly fetch manifest pg@*
83 silly packumentCache full:https://registry.npmjs.org/pg cache-miss
84 http fetch GET 200 https://registry.npmjs.org/pg 127ms (cache miss)
85 silly packumentCache full:https://registry.npmjs.org/pg set size:undefined disposed:false
86 silly fetch manifest pg-native@>=3.0.1
87 silly packumentCache full:https://registry.npmjs.org/pg-native cache-miss
88 http fetch GET 200 https://registry.npmjs.org/pg-native 131ms (cache miss)
89 silly packumentCache full:https://registry.npmjs.org/pg-native set size:undefined disposed:false
90 silly fetch manifest dotenv@*
91 silly packumentCache full:https://registry.npmjs.org/dotenv cache-miss
92 http fetch GET 200 https://registry.npmjs.org/dotenv 96ms (cache miss)
93 silly packumentCache full:https://registry.npmjs.org/dotenv set size:undefined disposed:false
94 silly fetch manifest nodemailer@*
95 silly packumentCache full:https://registry.npmjs.org/nodemailer cache-miss
96 http fetch GET 200 https://registry.npmjs.org/nodemailer 135ms (cache miss)
97 silly packumentCache full:https://registry.npmjs.org/nodemailer set size:undefined disposed:false
98 silly fetch manifest next-auth@*
99 silly packumentCache full:https://registry.npmjs.org/next-auth cache-miss
100 http fetch GET 200 https://registry.npmjs.org/next-auth 230ms (cache miss)
101 silly packumentCache full:https://registry.npmjs.org/next-auth set size:undefined disposed:false
102 silly fetch manifest @auth/core@0.34.3
103 silly packumentCache full:https://registry.npmjs.org/@auth%2fcore cache-miss
104 http fetch GET 200 https://registry.npmjs.org/@auth%2fcore 151ms (cache miss)
105 silly packumentCache full:https://registry.npmjs.org/@auth%2fcore set size:undefined disposed:false
106 silly fetch manifest @simplewebauthn/browser@^9.0.1
107 silly packumentCache full:https://registry.npmjs.org/@simplewebauthn%2fbrowser cache-miss
108 http fetch GET 200 https://registry.npmjs.org/@simplewebauthn%2fbrowser 543ms (cache miss)
109 silly packumentCache full:https://registry.npmjs.org/@simplewebauthn%2fbrowser set size:undefined disposed:false
110 silly fetch manifest @simplewebauthn/server@^9.0.2
111 silly packumentCache full:https://registry.npmjs.org/@simplewebauthn%2fserver cache-miss
112 http fetch GET 200 https://registry.npmjs.org/@simplewebauthn%2fserver 294ms (cache miss)
113 silly packumentCache full:https://registry.npmjs.org/@simplewebauthn%2fserver set size:undefined disposed:false
114 silly fetch manifest nodemailer@^7
115 silly packumentCache full:https://registry.npmjs.org/nodemailer cache-miss
116 http cache https://registry.npmjs.org/nodemailer 79ms (cache hit)
117 silly packumentCache full:https://registry.npmjs.org/nodemailer set size:572865 disposed:false
118 silly fetch manifest zod@*
119 silly packumentCache full:https://registry.npmjs.org/zod cache-miss
120 http fetch GET 200 https://registry.npmjs.org/zod 322ms (cache miss)
121 silly packumentCache full:https://registry.npmjs.org/zod set size:undefined disposed:false
122 silly fetch manifest jose@*
123 silly packumentCache full:https://registry.npmjs.org/jose cache-miss
124 http fetch GET 200 https://registry.npmjs.org/jose 126ms (cache miss)
125 silly packumentCache full:https://registry.npmjs.org/jose set size:undefined disposed:false
126 silly placeDep ROOT @types/node@25.6.0 OK for: myfraim@1.0.0 want: *
127 silly placeDep ROOT @types/react@19.2.14 OK for: myfraim@1.0.0 want: *
128 silly placeDep ROOT @types/react-dom@19.2.3 OK for: myfraim@1.0.0 want: *
129 silly placeDep ROOT autoprefixer@10.5.0 OK for: myfraim@1.0.0 want: *
130 silly placeDep ROOT postcss@8.5.9 OK for: autoprefixer@10.5.0 want: ^8.1.0
131 silly placeDep ROOT bcryptjs@3.0.3 OK for: myfraim@1.0.0 want: *
132 silly placeDep ROOT dotenv@17.4.2 OK for: myfraim@1.0.0 want: *
133 silly placeDep ROOT jose@6.2.2 OK for: myfraim@1.0.0 want: *
134 silly placeDep ROOT jsonwebtoken@9.0.3 OK for: myfraim@1.0.0 want: *
135 silly placeDep ROOT next@14.2.35 OK for: myfraim@1.0.0 want: 14
136 silly placeDep ROOT react@18.3.1 OK for: next@14.2.35 want: ^18.2.0
137 silly placeDep ROOT react-dom@18.3.1 OK for: next@14.2.35 want: ^18.2.0
138 silly placeDep ROOT next-auth@4.24.14 OK for: myfraim@1.0.0 want: *
139 silly placeDep ROOT nodemailer@8.0.5 OK for: myfraim@1.0.0 want: *
140 silly placeDep ROOT pg@8.20.0 OK for: myfraim@1.0.0 want: *
141 silly placeDep ROOT postcss@8.5.9 REPLACE for: myfraim@1.0.0 want: *
142 silly placeDep ROOT react@18.3.1 REPLACE for: myfraim@1.0.0 want: *
143 silly placeDep ROOT react-dom@18.3.1 REPLACE for: myfraim@1.0.0 want: *
144 silly placeDep ROOT tailwindcss@4.2.2 OK for: myfraim@1.0.0 want: *
145 silly placeDep ROOT typescript@6.0.2 OK for: myfraim@1.0.0 want: *
146 silly placeDep ROOT zod@4.3.6 OK for: myfraim@1.0.0 want: *
147 silly fetch manifest undici-types@~7.19.0
148 silly packumentCache full:https://registry.npmjs.org/undici-types cache-miss
149 silly fetch manifest csstype@^3.2.2
150 silly packumentCache full:https://registry.npmjs.org/csstype cache-miss
151 silly fetch manifest browserslist@^4.28.2
152 silly packumentCache full:https://registry.npmjs.org/browserslist cache-miss
153 silly fetch manifest caniuse-lite@^1.0.30001787
154 silly packumentCache full:https://registry.npmjs.org/caniuse-lite cache-miss
155 silly fetch manifest fraction.js@^5.3.4
156 silly packumentCache full:https://registry.npmjs.org/fraction.js cache-miss
157 silly fetch manifest picocolors@^1.1.1
158 silly packumentCache full:https://registry.npmjs.org/picocolors cache-miss
159 silly fetch manifest postcss-value-parser@^4.2.0
160 silly packumentCache full:https://registry.npmjs.org/postcss-value-parser cache-miss
161 http fetch GET 200 https://registry.npmjs.org/undici-types 263ms (cache miss)
162 silly packumentCache full:https://registry.npmjs.org/undici-types set size:undefined disposed:false
163 silly fetch manifest nanoid@^3.3.11
164 silly packumentCache full:https://registry.npmjs.org/nanoid cache-miss
165 http fetch GET 200 https://registry.npmjs.org/picocolors 409ms (cache miss)
166 silly packumentCache full:https://registry.npmjs.org/picocolors set size:undefined disposed:false
167 silly fetch manifest source-map-js@^1.2.1
168 silly packumentCache full:https://registry.npmjs.org/source-map-js cache-miss
169 http fetch GET 200 https://registry.npmjs.org/postcss-value-parser 480ms (cache miss)
170 silly packumentCache full:https://registry.npmjs.org/postcss-value-parser set size:undefined disposed:false
171 silly fetch manifest ms@^2.1.1
172 silly packumentCache full:https://registry.npmjs.org/ms cache-miss
173 http fetch GET 200 https://registry.npmjs.org/browserslist 541ms (cache miss)
174 silly packumentCache full:https://registry.npmjs.org/browserslist set size:undefined disposed:false
175 silly fetch manifest jws@^4.0.1
176 silly packumentCache full:https://registry.npmjs.org/jws cache-miss
177 http fetch GET 200 https://registry.npmjs.org/fraction.js 562ms (cache miss)
178 silly packumentCache full:https://registry.npmjs.org/fraction.js set size:undefined disposed:false
179 silly fetch manifest semver@^7.5.4
180 silly packumentCache full:https://registry.npmjs.org/semver cache-miss
181 http fetch GET 200 https://registry.npmjs.org/csstype 664ms (cache miss)
182 silly packumentCache full:https://registry.npmjs.org/csstype set size:undefined disposed:false
183 silly fetch manifest lodash.once@^4.0.0
184 silly packumentCache full:https://registry.npmjs.org/lodash.once cache-miss
185 http fetch GET 200 https://registry.npmjs.org/nanoid 397ms (cache miss)
186 silly packumentCache full:https://registry.npmjs.org/nanoid set size:undefined disposed:false
187 silly fetch manifest lodash.includes@^4.3.0
188 silly packumentCache full:https://registry.npmjs.org/lodash.includes cache-miss
189 http fetch GET 200 https://registry.npmjs.org/source-map-js 366ms (cache miss)
190 silly packumentCache full:https://registry.npmjs.org/source-map-js set size:undefined disposed:false
191 silly fetch manifest lodash.isnumber@^3.0.3
192 silly packumentCache full:https://registry.npmjs.org/lodash.isnumber cache-miss
193 http fetch GET 200 https://registry.npmjs.org/jws 244ms (cache miss)
194 silly packumentCache full:https://registry.npmjs.org/jws set size:undefined disposed:false
195 silly fetch manifest lodash.isstring@^4.0.1
196 silly packumentCache full:https://registry.npmjs.org/lodash.isstring cache-miss
197 http fetch GET 200 https://registry.npmjs.org/ms 400ms (cache miss)
198 silly packumentCache full:https://registry.npmjs.org/ms set size:undefined disposed:false
199 silly fetch manifest lodash.isboolean@^3.0.3
200 silly packumentCache full:https://registry.npmjs.org/lodash.isboolean cache-miss
201 http fetch GET 200 https://registry.npmjs.org/semver 416ms (cache miss)
202 silly packumentCache full:https://registry.npmjs.org/semver set size:undefined disposed:false
203 silly fetch manifest lodash.isinteger@^4.0.4
204 silly packumentCache full:https://registry.npmjs.org/lodash.isinteger cache-miss
205 http fetch GET 200 https://registry.npmjs.org/lodash.includes 478ms (cache miss)
206 silly packumentCache full:https://registry.npmjs.org/lodash.includes set size:undefined disposed:false
207 silly fetch manifest lodash.isplainobject@^4.0.6
208 silly packumentCache full:https://registry.npmjs.org/lodash.isplainobject cache-miss
209 http fetch GET 200 https://registry.npmjs.org/caniuse-lite 1194ms (cache miss)
210 silly packumentCache full:https://registry.npmjs.org/caniuse-lite set size:undefined disposed:false
211 silly fetch manifest busboy@1.6.0
212 silly packumentCache full:https://registry.npmjs.org/busboy cache-miss
213 http fetch GET 200 https://registry.npmjs.org/lodash.once 670ms (cache miss)
214 silly packumentCache full:https://registry.npmjs.org/lodash.once set size:undefined disposed:false
215 silly fetch manifest postcss@8.4.31
216 silly packumentCache full:https://registry.npmjs.org/postcss cache-miss
217 http fetch GET 200 https://registry.npmjs.org/lodash.isnumber 610ms (cache miss)
218 silly packumentCache full:https://registry.npmjs.org/lodash.isnumber set size:undefined disposed:false
219 silly fetch manifest @next/env@14.2.35
220 silly packumentCache full:https://registry.npmjs.org/@next%2fenv cache-miss
221 http fetch GET 200 https://registry.npmjs.org/lodash.isboolean 751ms (cache miss)
222 silly packumentCache full:https://registry.npmjs.org/lodash.isboolean set size:undefined disposed:false
223 silly fetch manifest styled-jsx@5.1.1
224 silly packumentCache full:https://registry.npmjs.org/styled-jsx cache-miss
225 http fetch GET 200 https://registry.npmjs.org/lodash.isstring 897ms (cache miss)
226 silly packumentCache full:https://registry.npmjs.org/lodash.isstring set size:undefined disposed:false
227 silly fetch manifest graceful-fs@^4.2.11
228 silly packumentCache full:https://registry.npmjs.org/graceful-fs cache-miss
229 http fetch GET 200 https://registry.npmjs.org/lodash.isinteger 703ms (cache miss)
230 silly packumentCache full:https://registry.npmjs.org/lodash.isinteger set size:undefined disposed:false
231 silly fetch manifest @swc/helpers@0.5.5
232 silly packumentCache full:https://registry.npmjs.org/@swc%2fhelpers cache-miss
233 http cache https://registry.npmjs.org/postcss 550ms (cache hit)
234 silly packumentCache full:https://registry.npmjs.org/postcss set size:705229 disposed:false
235 silly fetch manifest caniuse-lite@^1.0.30001579
236 silly packumentCache full:https://registry.npmjs.org/caniuse-lite cache-miss
237 http fetch GET 200 https://registry.npmjs.org/busboy 681ms (cache miss)
238 silly packumentCache full:https://registry.npmjs.org/busboy set size:undefined disposed:false
239 silly fetch manifest @next/swc-darwin-x64@14.2.33
240 silly packumentCache full:https://registry.npmjs.org/@next%2fswc-darwin-x64 cache-miss
241 http fetch GET 200 https://registry.npmjs.org/lodash.isplainobject 898ms (cache miss)
242 silly packumentCache full:https://registry.npmjs.org/lodash.isplainobject set size:undefined disposed:false
243 silly fetch manifest @next/swc-darwin-arm64@14.2.33
244 silly packumentCache full:https://registry.npmjs.org/@next%2fswc-darwin-arm64 cache-miss
245 http cache https://registry.npmjs.org/caniuse-lite 216ms (cache hit)
246 silly packumentCache full:https://registry.npmjs.org/caniuse-lite set size:2285165 disposed:false
247 silly fetch manifest @next/swc-linux-x64-gnu@14.2.33
248 silly packumentCache full:https://registry.npmjs.org/@next%2fswc-linux-x64-gnu cache-miss
249 http fetch GET 200 https://registry.npmjs.org/graceful-fs 535ms (cache miss)
250 silly packumentCache full:https://registry.npmjs.org/graceful-fs set size:undefined disposed:false
251 silly fetch manifest @next/swc-linux-x64-musl@14.2.33
252 silly packumentCache full:https://registry.npmjs.org/@next%2fswc-linux-x64-musl cache-miss
253 http fetch GET 200 https://registry.npmjs.org/styled-jsx 698ms (cache miss)
254 silly packumentCache full:https://registry.npmjs.org/styled-jsx set size:undefined disposed:false
255 silly fetch manifest @next/swc-win32-x64-msvc@14.2.33
256 silly packumentCache full:https://registry.npmjs.org/@next%2fswc-win32-x64-msvc cache-miss
257 http fetch GET 200 https://registry.npmjs.org/@swc%2fhelpers 752ms (cache miss)
258 silly packumentCache full:https://registry.npmjs.org/@swc%2fhelpers set size:undefined disposed:false
259 silly fetch manifest @next/swc-linux-arm64-gnu@14.2.33
260 silly packumentCache full:https://registry.npmjs.org/@next%2fswc-linux-arm64-gnu cache-miss
261 http fetch GET 200 https://registry.npmjs.org/@next%2fswc-darwin-x64 1423ms (cache miss)
262 silly packumentCache full:https://registry.npmjs.org/@next%2fswc-darwin-x64 set size:undefined disposed:false
263 silly fetch manifest @next/swc-win32-ia32-msvc@14.2.33
264 silly packumentCache full:https://registry.npmjs.org/@next%2fswc-win32-ia32-msvc cache-miss
265 http fetch GET 200 https://registry.npmjs.org/@next%2fenv 2080ms (cache miss)
266 silly packumentCache full:https://registry.npmjs.org/@next%2fenv set size:undefined disposed:false
267 silly fetch manifest @next/swc-linux-arm64-musl@14.2.33
268 silly packumentCache full:https://registry.npmjs.org/@next%2fswc-linux-arm64-musl cache-miss
269 http fetch GET 200 https://registry.npmjs.org/@next%2fswc-darwin-arm64 1816ms (cache miss)
270 silly packumentCache full:https://registry.npmjs.org/@next%2fswc-darwin-arm64 set size:undefined disposed:false
271 silly fetch manifest @next/swc-win32-arm64-msvc@14.2.33
272 silly packumentCache full:https://registry.npmjs.org/@next%2fswc-win32-arm64-msvc cache-miss
273 http fetch GET 200 https://registry.npmjs.org/@next%2fswc-linux-x64-gnu 1896ms (cache miss)
274 silly packumentCache full:https://registry.npmjs.org/@next%2fswc-linux-x64-gnu set size:undefined disposed:false
275 silly fetch manifest scheduler@^0.23.2
276 silly packumentCache full:https://registry.npmjs.org/scheduler cache-miss
277 http fetch GET 200 https://registry.npmjs.org/@next%2fswc-linux-x64-musl 1951ms (cache miss)
278 silly packumentCache full:https://registry.npmjs.org/@next%2fswc-linux-x64-musl set size:undefined disposed:false
279 silly fetch manifest loose-envify@^1.1.0
280 silly packumentCache full:https://registry.npmjs.org/loose-envify cache-miss
281 http fetch GET 200 https://registry.npmjs.org/@next%2fswc-linux-arm64-gnu 1892ms (cache miss)
282 silly packumentCache full:https://registry.npmjs.org/@next%2fswc-linux-arm64-gnu set size:undefined disposed:false
283 silly fetch manifest loose-envify@^1.1.0
284 silly packumentCache full:https://registry.npmjs.org/loose-envify cache-miss
285 http fetch GET 200 https://registry.npmjs.org/@next%2fswc-win32-x64-msvc 2104ms (cache miss)
286 silly packumentCache full:https://registry.npmjs.org/@next%2fswc-win32-x64-msvc set size:undefined disposed:false
287 silly fetch manifest jose@^4.15.5
288 silly packumentCache full:https://registry.npmjs.org/jose cache-miss
289 http fetch GET 200 https://registry.npmjs.org/loose-envify 392ms (cache miss)
290 silly packumentCache full:https://registry.npmjs.org/loose-envify set size:undefined disposed:false
291 silly fetch manifest uuid@^8.3.2
292 silly packumentCache full:https://registry.npmjs.org/uuid cache-miss
293 http cache https://registry.npmjs.org/jose 170ms (cache hit)
294 silly packumentCache full:https://registry.npmjs.org/jose set size:1407632 disposed:false
295 silly fetch manifest oauth@^0.9.15
296 silly packumentCache full:https://registry.npmjs.org/oauth cache-miss
297 http fetch GET 200 https://registry.npmjs.org/loose-envify 390ms (cache miss)
298 silly packumentCache full:https://registry.npmjs.org/loose-envify set size:undefined disposed:false
299 silly fetch manifest cookie@^0.7.0
300 silly packumentCache full:https://registry.npmjs.org/cookie cache-miss
301 http fetch GET 200 https://registry.npmjs.org/@next%2fswc-win32-ia32-msvc 1482ms (cache miss)
302 silly packumentCache full:https://registry.npmjs.org/@next%2fswc-win32-ia32-msvc set size:undefined disposed:false
303 silly fetch manifest preact@^10.6.3
304 silly packumentCache full:https://registry.npmjs.org/preact cache-miss
305 http fetch GET 200 https://registry.npmjs.org/uuid 564ms (cache miss)
306 silly packumentCache full:https://registry.npmjs.org/uuid set size:undefined disposed:false
307 silly fetch manifest @panva/hkdf@^1.0.2
308 silly packumentCache full:https://registry.npmjs.org/@panva%2fhkdf cache-miss
309 http fetch GET 200 https://registry.npmjs.org/cookie 572ms (cache miss)
310 silly packumentCache full:https://registry.npmjs.org/cookie set size:undefined disposed:false
311 silly fetch manifest openid-client@^5.4.0
312 silly packumentCache full:https://registry.npmjs.org/openid-client cache-miss
313 http fetch GET 200 https://registry.npmjs.org/oauth 881ms (cache miss)
314 silly packumentCache full:https://registry.npmjs.org/oauth set size:undefined disposed:false
315 silly fetch manifest @babel/runtime@^7.20.13
316 silly packumentCache full:https://registry.npmjs.org/@babel%2fruntime cache-miss
317 http fetch GET 200 https://registry.npmjs.org/@next%2fswc-linux-arm64-musl 1867ms (cache miss)
318 silly packumentCache full:https://registry.npmjs.org/@next%2fswc-linux-arm64-musl set size:undefined disposed:false
319 silly fetch manifest preact-render-to-string@^5.1.19
320 silly packumentCache full:https://registry.npmjs.org/preact-render-to-string cache-miss
321 http fetch GET 200 https://registry.npmjs.org/@panva%2fhkdf 711ms (cache miss)
322 silly packumentCache full:https://registry.npmjs.org/@panva%2fhkdf set size:undefined disposed:false
323 silly fetch manifest pg-connection-string@^2.12.0
324 silly packumentCache full:https://registry.npmjs.org/pg-connection-string cache-miss
325 http fetch GET 200 https://registry.npmjs.org/@next%2fswc-win32-arm64-msvc 2187ms (cache miss)
326 silly packumentCache full:https://registry.npmjs.org/@next%2fswc-win32-arm64-msvc set size:undefined disposed:false
327 silly fetch manifest pg-pool@^3.13.0
328 silly packumentCache full:https://registry.npmjs.org/pg-pool cache-miss
329 http fetch GET 200 https://registry.npmjs.org/openid-client 889ms (cache miss)
330 silly packumentCache full:https://registry.npmjs.org/openid-client set size:undefined disposed:false
331 silly fetch manifest pg-protocol@^1.13.0
332 silly packumentCache full:https://registry.npmjs.org/pg-protocol cache-miss
333 http fetch GET 200 https://registry.npmjs.org/preact 1361ms (cache miss)
334 silly packumentCache full:https://registry.npmjs.org/preact set size:undefined disposed:false
335 silly fetch manifest pg-types@2.2.0
336 silly packumentCache full:https://registry.npmjs.org/pg-types cache-miss
337 http fetch GET 200 https://registry.npmjs.org/pg-connection-string 447ms (cache miss)
338 silly packumentCache full:https://registry.npmjs.org/pg-connection-string set size:undefined disposed:false
339 silly fetch manifest pgpass@1.0.5
340 silly packumentCache full:https://registry.npmjs.org/pgpass cache-miss
341 http fetch GET 200 https://registry.npmjs.org/preact-render-to-string 686ms (cache miss)
342 silly packumentCache full:https://registry.npmjs.org/preact-render-to-string set size:undefined disposed:false
343 silly fetch manifest pg-cloudflare@^1.3.0
344 silly packumentCache full:https://registry.npmjs.org/pg-cloudflare cache-miss
345 http fetch GET 200 https://registry.npmjs.org/pg-pool 362ms (cache miss)
346 silly packumentCache full:https://registry.npmjs.org/pg-pool set size:undefined disposed:false
347 silly fetch manifest scheduler@^0.23.2
348 silly packumentCache full:https://registry.npmjs.org/scheduler cache-miss
349 http fetch GET 200 https://registry.npmjs.org/scheduler 2476ms (cache miss)
350 silly packumentCache full:https://registry.npmjs.org/scheduler set size:undefined disposed:false
351 http fetch GET 200 https://registry.npmjs.org/pg-protocol 783ms (cache miss)
352 silly packumentCache full:https://registry.npmjs.org/pg-protocol set size:undefined disposed:false
353 http fetch GET 200 https://registry.npmjs.org/pgpass 729ms (cache miss)
354 silly packumentCache full:https://registry.npmjs.org/pgpass set size:undefined disposed:false
355 http cache https://registry.npmjs.org/scheduler 791ms (cache hit)
356 silly packumentCache full:https://registry.npmjs.org/scheduler set size:5474884 disposed:false
357 http fetch GET 200 https://registry.npmjs.org/pg-types 1194ms (cache miss)
358 silly packumentCache full:https://registry.npmjs.org/pg-types set size:undefined disposed:false
359 http fetch GET 200 https://registry.npmjs.org/pg-cloudflare 1533ms (cache miss)
360 silly packumentCache full:https://registry.npmjs.org/pg-cloudflare set size:undefined disposed:false
361 http fetch GET 200 https://registry.npmjs.org/@babel%2fruntime 2922ms (cache miss)
362 silly packumentCache full:https://registry.npmjs.org/@babel%2fruntime set size:undefined disposed:false
363 silly placeDep ROOT undici-types@7.19.2 OK for: @types/node@25.6.0 want: ~7.19.0
364 silly placeDep ROOT csstype@3.2.3 OK for: @types/react@19.2.14 want: ^3.2.2
365 silly placeDep ROOT browserslist@4.28.2 OK for: autoprefixer@10.5.0 want: ^4.28.2
366 silly placeDep ROOT caniuse-lite@1.0.30001788 OK for: autoprefixer@10.5.0 want: ^1.0.30001787
367 silly placeDep ROOT fraction.js@5.3.4 OK for: autoprefixer@10.5.0 want: ^5.3.4
368 silly placeDep ROOT picocolors@1.1.1 OK for: autoprefixer@10.5.0 want: ^1.1.1
369 silly placeDep ROOT postcss-value-parser@4.2.0 OK for: autoprefixer@10.5.0 want: ^4.2.0
370 silly fetch manifest baseline-browser-mapping@^2.10.12
371 silly packumentCache full:https://registry.npmjs.org/baseline-browser-mapping cache-miss
372 silly fetch manifest caniuse-lite@^1.0.30001782
373 silly packumentCache full:https://registry.npmjs.org/caniuse-lite cache-miss
374 silly fetch manifest electron-to-chromium@^1.5.328
375 silly packumentCache full:https://registry.npmjs.org/electron-to-chromium cache-miss
376 silly fetch manifest node-releases@^2.0.36
377 silly packumentCache full:https://registry.npmjs.org/node-releases cache-miss
378 silly fetch manifest update-browserslist-db@^1.2.3
379 silly packumentCache full:https://registry.npmjs.org/update-browserslist-db cache-miss
380 http cache https://registry.npmjs.org/caniuse-lite 130ms (cache hit)
381 silly packumentCache full:https://registry.npmjs.org/caniuse-lite set size:2285165 disposed:false
382 http fetch GET 200 https://registry.npmjs.org/baseline-browser-mapping 510ms (cache miss)
383 silly packumentCache full:https://registry.npmjs.org/baseline-browser-mapping set size:undefined disposed:false
384 http fetch GET 200 https://registry.npmjs.org/update-browserslist-db 581ms (cache miss)
385 silly packumentCache full:https://registry.npmjs.org/update-browserslist-db set size:undefined disposed:false
386 http fetch GET 200 https://registry.npmjs.org/node-releases 586ms (cache miss)
387 silly packumentCache full:https://registry.npmjs.org/node-releases set size:undefined disposed:false
388 http fetch GET 200 https://registry.npmjs.org/electron-to-chromium 647ms (cache miss)
389 silly packumentCache full:https://registry.npmjs.org/electron-to-chromium set size:undefined disposed:false
390 silly fetch manifest browserslist@>= 4.21.0
391 silly packumentCache full:https://registry.npmjs.org/browserslist cache-miss
392 http cache https://registry.npmjs.org/browserslist 217ms (cache hit)
393 silly packumentCache full:https://registry.npmjs.org/browserslist set size:504681 disposed:false
394 silly placeDep ROOT baseline-browser-mapping@2.10.19 OK for: browserslist@4.28.2 want: ^2.10.12
395 silly placeDep ROOT electron-to-chromium@1.5.336 OK for: browserslist@4.28.2 want: ^1.5.328
396 silly placeDep ROOT node-releases@2.0.37 OK for: browserslist@4.28.2 want: ^2.0.36
397 silly placeDep ROOT update-browserslist-db@1.2.3 OK for: browserslist@4.28.2 want: ^1.2.3
398 silly fetch manifest escalade@^3.2.0
399 silly packumentCache full:https://registry.npmjs.org/escalade cache-miss
400 http fetch GET 200 https://registry.npmjs.org/escalade 261ms (cache miss)
401 silly packumentCache full:https://registry.npmjs.org/escalade set size:undefined disposed:false
402 silly placeDep ROOT jws@4.0.1 OK for: jsonwebtoken@9.0.3 want: ^4.0.1
403 silly placeDep ROOT lodash.includes@4.3.0 OK for: jsonwebtoken@9.0.3 want: ^4.3.0
404 silly placeDep ROOT lodash.isboolean@3.0.3 OK for: jsonwebtoken@9.0.3 want: ^3.0.3
405 silly placeDep ROOT lodash.isinteger@4.0.4 OK for: jsonwebtoken@9.0.3 want: ^4.0.4
406 silly placeDep ROOT lodash.isnumber@3.0.3 OK for: jsonwebtoken@9.0.3 want: ^3.0.3
407 silly placeDep ROOT lodash.isplainobject@4.0.6 OK for: jsonwebtoken@9.0.3 want: ^4.0.6
408 silly placeDep ROOT lodash.isstring@4.0.1 OK for: jsonwebtoken@9.0.3 want: ^4.0.1
409 silly placeDep ROOT lodash.once@4.1.1 OK for: jsonwebtoken@9.0.3 want: ^4.0.0
410 silly placeDep ROOT ms@2.1.3 OK for: jsonwebtoken@9.0.3 want: ^2.1.1
411 silly placeDep ROOT semver@7.7.4 OK for: jsonwebtoken@9.0.3 want: ^7.5.4
412 silly fetch manifest jwa@^2.0.1
413 silly packumentCache full:https://registry.npmjs.org/jwa cache-miss
414 silly fetch manifest safe-buffer@^5.0.1
415 silly packumentCache full:https://registry.npmjs.org/safe-buffer cache-miss
416 http fetch GET 200 https://registry.npmjs.org/safe-buffer 357ms (cache miss)
417 silly packumentCache full:https://registry.npmjs.org/safe-buffer set size:undefined disposed:false
418 http fetch GET 200 https://registry.npmjs.org/jwa 453ms (cache miss)
419 silly packumentCache full:https://registry.npmjs.org/jwa set size:undefined disposed:false
420 silly placeDep ROOT jwa@2.0.1 OK for: jws@4.0.1 want: ^2.0.1
421 silly placeDep ROOT safe-buffer@5.2.1 OK for: jws@4.0.1 want: ^5.0.1
422 silly fetch manifest ecdsa-sig-formatter@1.0.11
423 silly packumentCache full:https://registry.npmjs.org/ecdsa-sig-formatter cache-miss
424 silly fetch manifest buffer-equal-constant-time@^1.0.1
425 silly packumentCache full:https://registry.npmjs.org/buffer-equal-constant-time cache-miss
426 http fetch GET 200 https://registry.npmjs.org/ecdsa-sig-formatter 580ms (cache miss)
427 silly packumentCache full:https://registry.npmjs.org/ecdsa-sig-formatter set size:undefined disposed:false
428 http fetch GET 200 https://registry.npmjs.org/buffer-equal-constant-time 582ms (cache miss)
429 silly packumentCache full:https://registry.npmjs.org/buffer-equal-constant-time set size:undefined disposed:false
430 silly placeDep ROOT buffer-equal-constant-time@1.0.1 OK for: jwa@2.0.1 want: ^1.0.1
431 silly placeDep ROOT ecdsa-sig-formatter@1.0.11 OK for: jwa@2.0.1 want: 1.0.11
432 silly placeDep ROOT @next/env@14.2.35 OK for: next@14.2.35 want: 14.2.35
433 silly placeDep ROOT @next/swc-darwin-arm64@14.2.33 OK for: next@14.2.35 want: 14.2.33
434 silly placeDep ROOT @next/swc-darwin-x64@14.2.33 OK for: next@14.2.35 want: 14.2.33
435 silly placeDep ROOT @next/swc-linux-arm64-gnu@14.2.33 OK for: next@14.2.35 want: 14.2.33
436 silly placeDep ROOT @next/swc-linux-arm64-musl@14.2.33 OK for: next@14.2.35 want: 14.2.33
437 silly placeDep ROOT @next/swc-linux-x64-gnu@14.2.33 OK for: next@14.2.35 want: 14.2.33
438 silly placeDep ROOT @next/swc-linux-x64-musl@14.2.33 OK for: next@14.2.35 want: 14.2.33
439 silly placeDep ROOT @next/swc-win32-arm64-msvc@14.2.33 OK for: next@14.2.35 want: 14.2.33
440 silly placeDep ROOT @next/swc-win32-ia32-msvc@14.2.33 OK for: next@14.2.35 want: 14.2.33
441 silly placeDep ROOT @next/swc-win32-x64-msvc@14.2.33 OK for: next@14.2.35 want: 14.2.33
442 silly placeDep ROOT @swc/helpers@0.5.5 OK for: next@14.2.35 want: 0.5.5
443 silly placeDep ROOT busboy@1.6.0 OK for: next@14.2.35 want: 1.6.0
444 silly placeDep ROOT graceful-fs@4.2.11 OK for: next@14.2.35 want: ^4.2.11
445 silly placeDep node_modules/next postcss@8.4.31 OK for: next@14.2.35 want: 8.4.31
446 silly placeDep ROOT styled-jsx@5.1.1 OK for: next@14.2.35 want: 5.1.1
447 silly fetch manifest tslib@^2.4.0
448 silly packumentCache full:https://registry.npmjs.org/tslib cache-miss
449 silly fetch manifest @swc/counter@^0.1.3
450 silly packumentCache full:https://registry.npmjs.org/@swc%2fcounter cache-miss
451 silly fetch manifest streamsearch@^1.1.0
452 silly packumentCache full:https://registry.npmjs.org/streamsearch cache-miss
453 silly fetch manifest nanoid@^3.3.6
454 silly packumentCache full:https://registry.npmjs.org/nanoid cache-miss
455 silly fetch manifest source-map-js@^1.0.2
456 silly packumentCache full:https://registry.npmjs.org/source-map-js cache-miss
457 silly fetch manifest client-only@0.0.1
458 silly packumentCache full:https://registry.npmjs.org/client-only cache-miss
459 http cache https://registry.npmjs.org/source-map-js 319ms (cache hit)
460 silly packumentCache full:https://registry.npmjs.org/source-map-js set size:62640 disposed:false
461 http cache https://registry.npmjs.org/nanoid 325ms (cache hit)
462 silly packumentCache full:https://registry.npmjs.org/nanoid set size:300313 disposed:false
463 http fetch GET 200 https://registry.npmjs.org/client-only 570ms (cache miss)
464 silly packumentCache full:https://registry.npmjs.org/client-only set size:undefined disposed:false
465 http fetch GET 200 https://registry.npmjs.org/streamsearch 580ms (cache miss)
466 silly packumentCache full:https://registry.npmjs.org/streamsearch set size:undefined disposed:false
467 http fetch GET 200 https://registry.npmjs.org/tslib 632ms (cache miss)
468 silly packumentCache full:https://registry.npmjs.org/tslib set size:undefined disposed:false
469 http fetch GET 200 https://registry.npmjs.org/@swc%2fcounter 635ms (cache miss)
470 silly packumentCache full:https://registry.npmjs.org/@swc%2fcounter set size:undefined disposed:false
471 silly placeDep ROOT @swc/counter@0.1.3 OK for: @swc/helpers@0.5.5 want: ^0.1.3
472 silly placeDep ROOT tslib@2.8.1 OK for: @swc/helpers@0.5.5 want: ^2.4.0
473 silly placeDep ROOT streamsearch@1.1.0 OK for: busboy@1.6.0 want: ^1.1.0
474 silly fetch manifest nodemailer@^7.0.7
475 silly packumentCache full:https://registry.npmjs.org/nodemailer cache-hit
476 silly placeDep ROOT @babel/runtime@7.29.2 OK for: next-auth@4.24.14 want: ^7.20.13
477 silly placeDep ROOT @panva/hkdf@1.2.1 OK for: next-auth@4.24.14 want: ^1.0.2
478 silly placeDep ROOT cookie@0.7.2 OK for: next-auth@4.24.14 want: ^0.7.0
479 silly placeDep node_modules/next-auth jose@4.15.9 OK for: next-auth@4.24.14 want: ^4.15.5
480 silly placeDep ROOT nodemailer@7.0.13 REPLACE for: next-auth@4.24.14 want: ^7.0.7
481 silly placeDep ROOT oauth@0.9.15 OK for: next-auth@4.24.14 want: ^0.9.15
482 silly placeDep ROOT openid-client@5.7.1 OK for: next-auth@4.24.14 want: ^5.4.0
483 silly placeDep ROOT preact@10.29.1 OK for: next-auth@4.24.14 want: ^10.6.3
484 silly placeDep ROOT preact-render-to-string@5.2.6 OK for: next-auth@4.24.14 want: ^5.1.19
485 silly placeDep ROOT uuid@8.3.2 OK for: next-auth@4.24.14 want: ^8.3.2
486 silly fetch manifest jose@^4.15.9
487 silly packumentCache full:https://registry.npmjs.org/jose cache-miss
488 silly fetch manifest lru-cache@^6.0.0
489 silly packumentCache full:https://registry.npmjs.org/lru-cache cache-miss
490 silly fetch manifest object-hash@^2.2.0
491 silly packumentCache full:https://registry.npmjs.org/object-hash cache-miss
492 silly fetch manifest oidc-token-hash@^5.0.3
493 silly packumentCache full:https://registry.npmjs.org/oidc-token-hash cache-miss
494 silly fetch manifest pretty-format@^3.8.0
495 silly packumentCache full:https://registry.npmjs.org/pretty-format cache-miss
496 http cache https://registry.npmjs.org/jose 47ms (cache hit)
497 silly packumentCache full:https://registry.npmjs.org/jose set size:1407632 disposed:false
498 http fetch GET 200 https://registry.npmjs.org/object-hash 490ms (cache miss)
499 silly packumentCache full:https://registry.npmjs.org/object-hash set size:undefined disposed:false
500 http fetch GET 200 https://registry.npmjs.org/lru-cache 588ms (cache miss)
501 silly packumentCache full:https://registry.npmjs.org/lru-cache set size:undefined disposed:false
502 http fetch GET 200 https://registry.npmjs.org/oidc-token-hash 670ms (cache miss)
503 silly packumentCache full:https://registry.npmjs.org/oidc-token-hash set size:undefined disposed:false
504 http fetch GET 200 https://registry.npmjs.org/pretty-format 1019ms (cache miss)
505 silly packumentCache full:https://registry.npmjs.org/pretty-format set size:undefined disposed:false
506 silly placeDep node_modules/openid-client jose@4.15.9 OK for: openid-client@5.7.1 want: ^4.15.9
507 silly placeDep ROOT lru-cache@6.0.0 OK for: openid-client@5.7.1 want: ^6.0.0
508 silly placeDep ROOT object-hash@2.2.0 OK for: openid-client@5.7.1 want: ^2.2.0
509 silly placeDep ROOT oidc-token-hash@5.2.0 OK for: openid-client@5.7.1 want: ^5.0.3
510 silly fetch manifest yallist@^4.0.0
511 silly packumentCache full:https://registry.npmjs.org/yallist cache-miss
512 http fetch GET 200 https://registry.npmjs.org/yallist 610ms (cache miss)
513 silly packumentCache full:https://registry.npmjs.org/yallist set size:undefined disposed:false
514 silly placeDep ROOT yallist@4.0.0 OK for: lru-cache@6.0.0 want: ^4.0.0
515 silly fetch manifest pg@>=8.0
516 silly packumentCache full:https://registry.npmjs.org/pg cache-miss
517 http cache https://registry.npmjs.org/pg 181ms (cache hit)
518 silly packumentCache full:https://registry.npmjs.org/pg set size:475297 disposed:false
519 silly placeDep ROOT pg-cloudflare@1.3.0 OK for: pg@8.20.0 want: ^1.3.0
520 silly placeDep ROOT pg-connection-string@2.12.0 OK for: pg@8.20.0 want: ^2.12.0
521 silly placeDep ROOT pg-pool@3.13.0 OK for: pg@8.20.0 want: ^3.13.0
522 silly placeDep ROOT pg-protocol@1.13.0 OK for: pg@8.20.0 want: ^1.13.0
523 silly placeDep ROOT pg-types@2.2.0 OK for: pg@8.20.0 want: 2.2.0
524 silly placeDep ROOT pgpass@1.0.5 OK for: pg@8.20.0 want: 1.0.5
525 silly fetch manifest pg-int8@1.0.1
526 silly packumentCache full:https://registry.npmjs.org/pg-int8 cache-miss
527 silly fetch manifest postgres-date@~1.0.4
528 silly packumentCache full:https://registry.npmjs.org/postgres-date cache-miss
529 silly fetch manifest postgres-array@~2.0.0
530 silly packumentCache full:https://registry.npmjs.org/postgres-array cache-miss
531 silly fetch manifest postgres-bytea@~1.0.0
532 silly packumentCache full:https://registry.npmjs.org/postgres-bytea cache-miss
533 silly fetch manifest postgres-interval@^1.1.0
534 silly packumentCache full:https://registry.npmjs.org/postgres-interval cache-miss
535 silly fetch manifest split2@^4.1.0
536 silly packumentCache full:https://registry.npmjs.org/split2 cache-miss
537 http fetch GET 200 https://registry.npmjs.org/postgres-date 3096ms (cache miss)
538 silly packumentCache full:https://registry.npmjs.org/postgres-date set size:undefined disposed:false
539 http fetch GET 200 https://registry.npmjs.org/pg-int8 3106ms (cache miss)
540 silly packumentCache full:https://registry.npmjs.org/pg-int8 set size:undefined disposed:false
541 http fetch GET 200 https://registry.npmjs.org/postgres-interval 3100ms (cache miss)
542 silly packumentCache full:https://registry.npmjs.org/postgres-interval set size:undefined disposed:false
543 http fetch GET 200 https://registry.npmjs.org/postgres-array 3151ms (cache miss)
544 silly packumentCache full:https://registry.npmjs.org/postgres-array set size:undefined disposed:false
545 http fetch GET 200 https://registry.npmjs.org/postgres-bytea 3153ms (cache miss)
546 silly packumentCache full:https://registry.npmjs.org/postgres-bytea set size:undefined disposed:false
547 http fetch GET 200 https://registry.npmjs.org/split2 3190ms (cache miss)
548 silly packumentCache full:https://registry.npmjs.org/split2 set size:undefined disposed:false
549 silly placeDep ROOT pg-int8@1.0.1 OK for: pg-types@2.2.0 want: 1.0.1
550 silly placeDep ROOT postgres-array@2.0.0 OK for: pg-types@2.2.0 want: ~2.0.0
551 silly placeDep ROOT postgres-bytea@1.0.1 OK for: pg-types@2.2.0 want: ~1.0.0
552 silly placeDep ROOT postgres-date@1.0.7 OK for: pg-types@2.2.0 want: ~1.0.4
553 silly placeDep ROOT postgres-interval@1.2.0 OK for: pg-types@2.2.0 want: ^1.1.0
554 silly fetch manifest xtend@^4.0.0
555 silly packumentCache full:https://registry.npmjs.org/xtend cache-miss
556 http fetch GET 200 https://registry.npmjs.org/xtend 337ms (cache miss)
557 silly packumentCache full:https://registry.npmjs.org/xtend set size:undefined disposed:false
558 silly placeDep ROOT split2@4.2.0 OK for: pgpass@1.0.5 want: ^4.1.0
559 silly placeDep ROOT nanoid@3.3.11 OK for: postcss@8.5.9 want: ^3.3.11
560 silly placeDep ROOT source-map-js@1.2.1 OK for: postcss@8.5.9 want: ^1.2.1
561 silly placeDep ROOT xtend@4.0.2 OK for: postgres-interval@1.2.0 want: ^4.0.0
562 silly placeDep ROOT pretty-format@3.8.0 OK for: preact-render-to-string@5.2.6 want: ^3.8.0
563 silly placeDep ROOT loose-envify@1.4.0 OK for: react@18.3.1 want: ^1.1.0
564 silly fetch manifest js-tokens@^3.0.0 || ^4.0.0
565 silly packumentCache full:https://registry.npmjs.org/js-tokens cache-miss
566 http fetch GET 200 https://registry.npmjs.org/js-tokens 130ms (cache miss)
567 silly packumentCache full:https://registry.npmjs.org/js-tokens set size:undefined disposed:false
568 silly placeDep ROOT js-tokens@4.0.0 OK for: loose-envify@1.4.0 want: ^3.0.0 || ^4.0.0
569 silly placeDep ROOT scheduler@0.23.2 OK for: react-dom@18.3.1 want: ^0.23.2
570 silly placeDep ROOT client-only@0.0.1 OK for: styled-jsx@5.1.1 want: 0.0.1
571 silly placeDep ROOT escalade@3.2.0 OK for: update-browserslist-db@1.2.3 want: ^3.2.0
572 silly reify moves {}
573 silly audit bulk request {
573 silly audit   '@types/node': [ '25.6.0' ],
573 silly audit   '@types/react': [ '19.2.14' ],
573 silly audit   '@types/react-dom': [ '19.2.3' ],
573 silly audit   autoprefixer: [ '10.5.0' ],
573 silly audit   bcryptjs: [ '3.0.3' ],
573 silly audit   dotenv: [ '17.4.2' ],
573 silly audit   jose: [ '6.2.2', '4.15.9' ],
573 silly audit   jsonwebtoken: [ '9.0.3' ],
573 silly audit   next: [ '14.2.35' ],
573 silly audit   'next-auth': [ '4.24.14' ],
573 silly audit   pg: [ '8.20.0' ],
573 silly audit   postcss: [ '8.5.9', '8.4.31' ],
573 silly audit   react: [ '18.3.1' ],
573 silly audit   'react-dom': [ '18.3.1' ],
573 silly audit   tailwindcss: [ '4.2.2' ],
573 silly audit   typescript: [ '6.0.2' ],
573 silly audit   zod: [ '4.3.6' ],
573 silly audit   'undici-types': [ '7.19.2' ],
573 silly audit   csstype: [ '3.2.3' ],
573 silly audit   browserslist: [ '4.28.2' ],
573 silly audit   'caniuse-lite': [ '1.0.30001788' ],
573 silly audit   'fraction.js': [ '5.3.4' ],
573 silly audit   picocolors: [ '1.1.1' ],
573 silly audit   'postcss-value-parser': [ '4.2.0' ],
573 silly audit   'baseline-browser-mapping': [ '2.10.19' ],
573 silly audit   'electron-to-chromium': [ '1.5.336' ],
573 silly audit   'node-releases': [ '2.0.37' ],
573 silly audit   'update-browserslist-db': [ '1.2.3' ],
573 silly audit   jws: [ '4.0.1' ],
573 silly audit   'lodash.includes': [ '4.3.0' ],
573 silly audit   'lodash.isboolean': [ '3.0.3' ],
573 silly audit   'lodash.isinteger': [ '4.0.4' ],
573 silly audit   'lodash.isnumber': [ '3.0.3' ],
573 silly audit   'lodash.isplainobject': [ '4.0.6' ],
573 silly audit   'lodash.isstring': [ '4.0.1' ],
573 silly audit   'lodash.once': [ '4.1.1' ],
573 silly audit   ms: [ '2.1.3' ],
573 silly audit   semver: [ '7.7.4' ],
573 silly audit   jwa: [ '2.0.1' ],
573 silly audit   'safe-buffer': [ '5.2.1' ],
573 silly audit   'buffer-equal-constant-time': [ '1.0.1' ],
573 silly audit   'ecdsa-sig-formatter': [ '1.0.11' ],
573 silly audit   '@next/env': [ '14.2.35' ],
573 silly audit   '@next/swc-darwin-arm64': [ '14.2.33' ],
573 silly audit   '@next/swc-darwin-x64': [ '14.2.33' ],
573 silly audit   '@next/swc-linux-arm64-gnu': [ '14.2.33' ],
573 silly audit   '@next/swc-linux-arm64-musl': [ '14.2.33' ],
573 silly audit   '@next/swc-linux-x64-gnu': [ '14.2.33' ],
573 silly audit   '@next/swc-linux-x64-musl': [ '14.2.33' ],
573 silly audit   '@next/swc-win32-arm64-msvc': [ '14.2.33' ],
573 silly audit   '@next/swc-win32-ia32-msvc': [ '14.2.33' ],
573 silly audit   '@next/swc-win32-x64-msvc': [ '14.2.33' ],
573 silly audit   '@swc/helpers': [ '0.5.5' ],
573 silly audit   busboy: [ '1.6.0' ],
573 silly audit   'graceful-fs': [ '4.2.11' ],
573 silly audit   'styled-jsx': [ '5.1.1' ],
573 silly audit   '@swc/counter': [ '0.1.3' ],
573 silly audit   tslib: [ '2.8.1' ],
573 silly audit   streamsearch: [ '1.1.0' ],
573 silly audit   '@babel/runtime': [ '7.29.2' ],
573 silly audit   '@panva/hkdf': [ '1.2.1' ],
573 silly audit   cookie: [ '0.7.2' ],
573 silly audit   nodemailer: [ '7.0.13' ],
573 silly audit   oauth: [ '0.9.15' ],
573 silly audit   'openid-client': [ '5.7.1' ],
573 silly audit   preact: [ '10.29.1' ],
573 silly audit   'preact-render-to-string': [ '5.2.6' ],
573 silly audit   uuid: [ '8.3.2' ],
573 silly audit   'lru-cache': [ '6.0.0' ],
573 silly audit   'object-hash': [ '2.2.0' ],
573 silly audit   'oidc-token-hash': [ '5.2.0' ],
573 silly audit   yallist: [ '4.0.0' ],
573 silly audit   'pg-cloudflare': [ '1.3.0' ],
573 silly audit   'pg-connection-string': [ '2.12.0' ],
573 silly audit   'pg-pool': [ '3.13.0' ],
573 silly audit   'pg-protocol': [ '1.13.0' ],
573 silly audit   'pg-types': [ '2.2.0' ],
573 silly audit   pgpass: [ '1.0.5' ],
573 silly audit   'pg-int8': [ '1.0.1' ],
573 silly audit   'postgres-array': [ '2.0.0' ],
573 silly audit   'postgres-bytea': [ '1.0.1' ],
573 silly audit   'postgres-date': [ '1.0.7' ],
573 silly audit   'postgres-interval': [ '1.2.0' ],
573 silly audit   split2: [ '4.2.0' ],
573 silly audit   nanoid: [ '3.3.11' ],
573 silly audit   'source-map-js': [ '1.2.1' ],
573 silly audit   xtend: [ '4.0.2' ],
573 silly audit   'pretty-format': [ '3.8.0' ],
573 silly audit   'loose-envify': [ '1.4.0' ],
573 silly audit   'js-tokens': [ '4.0.0' ],
573 silly audit   scheduler: [ '0.23.2' ],
573 silly audit   'client-only': [ '0.0.1' ],
573 silly audit   escalade: [ '3.2.0' ]
573 silly audit }
574 http cache escalade@https://registry.npmjs.org/escalade/-/escalade-3.2.0.tgz 0ms (cache hit)
575 http cache client-only@https://registry.npmjs.org/client-only/-/client-only-0.0.1.tgz 0ms (cache hit)
576 http cache scheduler@https://registry.npmjs.org/scheduler/-/scheduler-0.23.2.tgz 0ms (cache hit)
577 http cache js-tokens@https://registry.npmjs.org/js-tokens/-/js-tokens-4.0.0.tgz 0ms (cache hit)
578 http fetch POST 200 https://registry.npmjs.org/-/npm/v1/security/advisories/bulk 2368ms
579 silly audit report {
579 silly audit report   next: [
579 silly audit report     {
579 silly audit report       id: 1112593,
579 silly audit report       url: 'https://github.com/advisories/GHSA-9g9p-9gw9-jx7f',
579 silly audit report       title: 'Next.js self-hosted applications vulnerable to DoS via Image Optimizer remotePatterns configuration',
579 silly audit report       severity: 'moderate',
579 silly audit report       vulnerable_versions: '>=10.0.0 <15.5.10',
579 silly audit report       cwe: [Array],
579 silly audit report       cvss: [Object]
579 silly audit report     },
579 silly audit report     {
579 silly audit report       id: 1112653,
579 silly audit report       url: 'https://github.com/advisories/GHSA-h25m-26qc-wcjf',
579 silly audit report       title: 'Next.js HTTP request deserialization can lead to DoS when using insecure React Server Components',
579 silly audit report       severity: 'high',
579 silly audit report       vulnerable_versions: '>=13.0.0 <15.0.8',
579 silly audit report       cwe: [Array],
579 silly audit report       cvss: [Object]
579 silly audit report     },
579 silly audit report     {
579 silly audit report       id: 1114897,
579 silly audit report       url: 'https://github.com/advisories/GHSA-ggv3-7p47-pfv8',
579 silly audit report       title: 'Next.js: HTTP request smuggling in rewrites',
579 silly audit report       severity: 'moderate',
579 silly audit report       vulnerable_versions: '>=9.5.0 <15.5.13',
579 silly audit report       cwe: [Array],
579 silly audit report       cvss: [Object]
579 silly audit report     },
579 silly audit report     {
579 silly audit report       id: 1114940,
579 silly audit report       url: 'https://github.com/advisories/GHSA-3x4c-7xq6-9pq8',
579 silly audit report       title: 'Next.js: Unbounded next/image disk cache growth can exhaust storage',
579 silly audit report       severity: 'moderate',
579 silly audit report       vulnerable_versions: '>=10.0.0 <15.5.14',
579 silly audit report       cwe: [Array],
579 silly audit report       cvss: [Object]
579 silly audit report     },
579 silly audit report     {
579 silly audit report       id: 1116376,
579 silly audit report       url: 'https://github.com/advisories/GHSA-q4gf-8mx6-v5v3',
579 silly audit report       title: 'Next.js has a Denial of Service with Server Components',
579 silly audit report       severity: 'high',
579 silly audit report       vulnerable_versions: '>=13.0.0 <15.5.15',
579 silly audit report       cwe: [Array],
579 silly audit report       cvss: [Object]
579 silly audit report     }
579 silly audit report   ],
579 silly audit report   nodemailer: [
579 silly audit report     {
579 silly audit report       id: 1115470,
579 silly audit report       url: 'https://github.com/advisories/GHSA-c7w3-x93f-qmm8',
579 silly audit report       title: 'Nodemailer has SMTP command injection due to unsanitized `envelope.size` parameter',
579 silly audit report       severity: 'low',
579 silly audit report       vulnerable_versions: '<8.0.4',
579 silly audit report       cwe: [Array],
579 silly audit report       cvss: [Object]
579 silly audit report     },
579 silly audit report     {
579 silly audit report       id: 1116270,
579 silly audit report       url: 'https://github.com/advisories/GHSA-vvjj-xcjg-gr5g',
579 silly audit report       title: 'Nodemailer Vulnerable to SMTP Command Injection via CRLF in Transport name Option (EHLO/HELO) ',
579 silly audit report       severity: 'moderate',
579 silly audit report       vulnerable_versions: '<=8.0.4',
579 silly audit report       cwe: [Array],
579 silly audit report       cvss: [Object]
579 silly audit report     }
579 silly audit report   ]
579 silly audit report }
580 silly packumentCache corgi:https://registry.npmjs.org/next cache-miss
581 silly packumentCache corgi:https://registry.npmjs.org/nodemailer cache-miss
582 http cache loose-envify@https://registry.npmjs.org/loose-envify/-/loose-envify-1.4.0.tgz 0ms (cache hit)
583 http cache pretty-format@https://registry.npmjs.org/pretty-format/-/pretty-format-3.8.0.tgz 0ms (cache hit)
584 http cache xtend@https://registry.npmjs.org/xtend/-/xtend-4.0.2.tgz 0ms (cache hit)
585 http cache source-map-js@https://registry.npmjs.org/source-map-js/-/source-map-js-1.2.1.tgz 0ms (cache hit)
586 http cache nanoid@https://registry.npmjs.org/nanoid/-/nanoid-3.3.11.tgz 0ms (cache hit)
587 http cache split2@https://registry.npmjs.org/split2/-/split2-4.2.0.tgz 0ms (cache hit)
588 http cache postgres-interval@https://registry.npmjs.org/postgres-interval/-/postgres-interval-1.2.0.tgz 0ms (cache hit)
589 http cache postgres-date@https://registry.npmjs.org/postgres-date/-/postgres-date-1.0.7.tgz 1ms (cache hit)
590 http cache postgres-bytea@https://registry.npmjs.org/postgres-bytea/-/postgres-bytea-1.0.1.tgz 1ms (cache hit)
591 http cache postgres-array@https://registry.npmjs.org/postgres-array/-/postgres-array-2.0.0.tgz 0ms (cache hit)
592 http cache pg-int8@https://registry.npmjs.org/pg-int8/-/pg-int8-1.0.1.tgz 0ms (cache hit)
593 http cache pgpass@https://registry.npmjs.org/pgpass/-/pgpass-1.0.5.tgz 0ms (cache hit)
594 http cache pg-types@https://registry.npmjs.org/pg-types/-/pg-types-2.2.0.tgz 1ms (cache hit)
595 http cache pg-protocol@https://registry.npmjs.org/pg-protocol/-/pg-protocol-1.13.0.tgz 0ms (cache hit)
596 http cache pg-pool@https://registry.npmjs.org/pg-pool/-/pg-pool-3.13.0.tgz 0ms (cache hit)
597 http cache pg-connection-string@https://registry.npmjs.org/pg-connection-string/-/pg-connection-string-2.12.0.tgz 0ms (cache hit)
598 http cache pg-cloudflare@https://registry.npmjs.org/pg-cloudflare/-/pg-cloudflare-1.3.0.tgz 0ms (cache hit)
599 http cache yallist@https://registry.npmjs.org/yallist/-/yallist-4.0.0.tgz 0ms (cache hit)
600 http cache oidc-token-hash@https://registry.npmjs.org/oidc-token-hash/-/oidc-token-hash-5.2.0.tgz 0ms (cache hit)
601 http cache object-hash@https://registry.npmjs.org/object-hash/-/object-hash-2.2.0.tgz 0ms (cache hit)
602 http cache lru-cache@https://registry.npmjs.org/lru-cache/-/lru-cache-6.0.0.tgz 0ms (cache hit)
603 http cache uuid@https://registry.npmjs.org/uuid/-/uuid-8.3.2.tgz 0ms (cache hit)
604 http cache preact-render-to-string@https://registry.npmjs.org/preact-render-to-string/-/preact-render-to-string-5.2.6.tgz 0ms (cache hit)
605 http cache preact@https://registry.npmjs.org/preact/-/preact-10.29.1.tgz 1ms (cache hit)
606 http cache openid-client@https://registry.npmjs.org/openid-client/-/openid-client-5.7.1.tgz 0ms (cache hit)
607 http cache oauth@https://registry.npmjs.org/oauth/-/oauth-0.9.15.tgz 0ms (cache hit)
608 http cache nodemailer@https://registry.npmjs.org/nodemailer/-/nodemailer-7.0.13.tgz 0ms (cache hit)
609 http cache cookie@https://registry.npmjs.org/cookie/-/cookie-0.7.2.tgz 0ms (cache hit)
610 http cache @panva/hkdf@https://registry.npmjs.org/@panva/hkdf/-/hkdf-1.2.1.tgz 0ms (cache hit)
611 http cache @babel/runtime@https://registry.npmjs.org/@babel/runtime/-/runtime-7.29.2.tgz 0ms (cache hit)
612 http cache streamsearch@https://registry.npmjs.org/streamsearch/-/streamsearch-1.1.0.tgz 0ms (cache hit)
613 http cache tslib@https://registry.npmjs.org/tslib/-/tslib-2.8.1.tgz 0ms (cache hit)
614 http cache @swc/counter@https://registry.npmjs.org/@swc/counter/-/counter-0.1.3.tgz 0ms (cache hit)
615 http cache styled-jsx@https://registry.npmjs.org/styled-jsx/-/styled-jsx-5.1.1.tgz 0ms (cache hit)
616 http cache graceful-fs@https://registry.npmjs.org/graceful-fs/-/graceful-fs-4.2.11.tgz 0ms (cache hit)
617 http cache busboy@https://registry.npmjs.org/busboy/-/busboy-1.6.0.tgz 1ms (cache hit)
618 http cache @swc/helpers@https://registry.npmjs.org/@swc/helpers/-/helpers-0.5.5.tgz 0ms (cache hit)
619 http cache @next/swc-darwin-x64@https://registry.npmjs.org/@next/swc-darwin-x64/-/swc-darwin-x64-14.2.33.tgz 0ms (cache hit)
620 http cache @next/env@https://registry.npmjs.org/@next/env/-/env-14.2.35.tgz 0ms (cache hit)
621 http cache ecdsa-sig-formatter@https://registry.npmjs.org/ecdsa-sig-formatter/-/ecdsa-sig-formatter-1.0.11.tgz 0ms (cache hit)
622 http cache buffer-equal-constant-time@https://registry.npmjs.org/buffer-equal-constant-time/-/buffer-equal-constant-time-1.0.1.tgz 1ms (cache hit)
623 http cache safe-buffer@https://registry.npmjs.org/safe-buffer/-/safe-buffer-5.2.1.tgz 0ms (cache hit)
624 http cache jwa@https://registry.npmjs.org/jwa/-/jwa-2.0.1.tgz 0ms (cache hit)
625 http cache semver@https://registry.npmjs.org/semver/-/semver-7.7.4.tgz 0ms (cache hit)
626 http cache ms@https://registry.npmjs.org/ms/-/ms-2.1.3.tgz 1ms (cache hit)
627 http cache lodash.once@https://registry.npmjs.org/lodash.once/-/lodash.once-4.1.1.tgz 1ms (cache hit)
628 http cache lodash.isstring@https://registry.npmjs.org/lodash.isstring/-/lodash.isstring-4.0.1.tgz 0ms (cache hit)
629 http cache lodash.isplainobject@https://registry.npmjs.org/lodash.isplainobject/-/lodash.isplainobject-4.0.6.tgz 0ms (cache hit)
630 http cache lodash.isnumber@https://registry.npmjs.org/lodash.isnumber/-/lodash.isnumber-3.0.3.tgz 0ms (cache hit)
631 http cache lodash.isinteger@https://registry.npmjs.org/lodash.isinteger/-/lodash.isinteger-4.0.4.tgz 0ms (cache hit)
632 http cache lodash.isboolean@https://registry.npmjs.org/lodash.isboolean/-/lodash.isboolean-3.0.3.tgz 0ms (cache hit)
633 http cache lodash.includes@https://registry.npmjs.org/lodash.includes/-/lodash.includes-4.3.0.tgz 0ms (cache hit)
634 http cache jws@https://registry.npmjs.org/jws/-/jws-4.0.1.tgz 0ms (cache hit)
635 http cache update-browserslist-db@https://registry.npmjs.org/update-browserslist-db/-/update-browserslist-db-1.2.3.tgz 0ms (cache hit)
636 http cache node-releases@https://registry.npmjs.org/node-releases/-/node-releases-2.0.37.tgz 0ms (cache hit)
637 http cache electron-to-chromium@https://registry.npmjs.org/electron-to-chromium/-/electron-to-chromium-1.5.336.tgz 0ms (cache hit)
638 http cache baseline-browser-mapping@https://registry.npmjs.org/baseline-browser-mapping/-/baseline-browser-mapping-2.10.19.tgz 0ms (cache hit)
639 http cache postcss-value-parser@https://registry.npmjs.org/postcss-value-parser/-/postcss-value-parser-4.2.0.tgz 0ms (cache hit)
640 http cache picocolors@https://registry.npmjs.org/picocolors/-/picocolors-1.1.1.tgz 0ms (cache hit)
641 http cache fraction.js@https://registry.npmjs.org/fraction.js/-/fraction.js-5.3.4.tgz 1ms (cache hit)
642 http cache caniuse-lite@https://registry.npmjs.org/caniuse-lite/-/caniuse-lite-1.0.30001788.tgz 0ms (cache hit)
643 http cache browserslist@https://registry.npmjs.org/browserslist/-/browserslist-4.28.2.tgz 0ms (cache hit)
644 http cache undici-types@https://registry.npmjs.org/undici-types/-/undici-types-7.19.2.tgz 0ms (cache hit)
645 http cache csstype@https://registry.npmjs.org/csstype/-/csstype-3.2.3.tgz 0ms (cache hit)
646 http cache zod@https://registry.npmjs.org/zod/-/zod-4.3.6.tgz 0ms (cache hit)
647 http cache typescript@https://registry.npmjs.org/typescript/-/typescript-6.0.2.tgz 0ms (cache hit)
648 http cache tailwindcss@https://registry.npmjs.org/tailwindcss/-/tailwindcss-4.2.2.tgz 0ms (cache hit)
649 http cache react-dom@https://registry.npmjs.org/react-dom/-/react-dom-18.3.1.tgz 0ms (cache hit)
650 http cache react@https://registry.npmjs.org/react/-/react-18.3.1.tgz 0ms (cache hit)
651 http cache postcss@https://registry.npmjs.org/postcss/-/postcss-8.5.9.tgz 0ms (cache hit)
652 http cache pg@https://registry.npmjs.org/pg/-/pg-8.20.0.tgz 0ms (cache hit)
653 http cache next-auth@https://registry.npmjs.org/next-auth/-/next-auth-4.24.14.tgz 0ms (cache hit)
654 http cache next@https://registry.npmjs.org/next/-/next-14.2.35.tgz 0ms (cache hit)
655 http cache jsonwebtoken@https://registry.npmjs.org/jsonwebtoken/-/jsonwebtoken-9.0.3.tgz 0ms (cache hit)
656 http cache jose@https://registry.npmjs.org/jose/-/jose-6.2.2.tgz 0ms (cache hit)
657 http cache dotenv@https://registry.npmjs.org/dotenv/-/dotenv-17.4.2.tgz 0ms (cache hit)
658 http cache bcryptjs@https://registry.npmjs.org/bcryptjs/-/bcryptjs-3.0.3.tgz 0ms (cache hit)
659 http cache @types/react-dom@https://registry.npmjs.org/@types/react-dom/-/react-dom-19.2.3.tgz 0ms (cache hit)
660 http cache autoprefixer@https://registry.npmjs.org/autoprefixer/-/autoprefixer-10.5.0.tgz 0ms (cache hit)
661 http cache @types/react@https://registry.npmjs.org/@types/react/-/react-19.2.14.tgz 0ms (cache hit)
662 http cache @types/node@https://registry.npmjs.org/@types/node/-/node-25.6.0.tgz 0ms (cache hit)
663 silly tarball no local data for escalade@https://registry.npmjs.org/escalade/-/escalade-3.2.0.tgz. Extracting by manifest.
664 silly tarball no local data for client-only@https://registry.npmjs.org/client-only/-/client-only-0.0.1.tgz. Extracting by manifest.
665 silly tarball no local data for scheduler@https://registry.npmjs.org/scheduler/-/scheduler-0.23.2.tgz. Extracting by manifest.
666 silly tarball no local data for js-tokens@https://registry.npmjs.org/js-tokens/-/js-tokens-4.0.0.tgz. Extracting by manifest.
667 silly tarball no local data for loose-envify@https://registry.npmjs.org/loose-envify/-/loose-envify-1.4.0.tgz. Extracting by manifest.
668 silly tarball no local data for pretty-format@https://registry.npmjs.org/pretty-format/-/pretty-format-3.8.0.tgz. Extracting by manifest.
669 silly tarball no local data for xtend@https://registry.npmjs.org/xtend/-/xtend-4.0.2.tgz. Extracting by manifest.
670 silly tarball no local data for source-map-js@https://registry.npmjs.org/source-map-js/-/source-map-js-1.2.1.tgz. Extracting by manifest.
671 silly tarball no local data for nanoid@https://registry.npmjs.org/nanoid/-/nanoid-3.3.11.tgz. Extracting by manifest.
672 silly tarball no local data for split2@https://registry.npmjs.org/split2/-/split2-4.2.0.tgz. Extracting by manifest.
673 silly tarball no local data for postgres-interval@https://registry.npmjs.org/postgres-interval/-/postgres-interval-1.2.0.tgz. Extracting by manifest.
674 silly tarball no local data for postgres-date@https://registry.npmjs.org/postgres-date/-/postgres-date-1.0.7.tgz. Extracting by manifest.
675 silly tarball no local data for postgres-bytea@https://registry.npmjs.org/postgres-bytea/-/postgres-bytea-1.0.1.tgz. Extracting by manifest.
676 silly tarball no local data for postgres-array@https://registry.npmjs.org/postgres-array/-/postgres-array-2.0.0.tgz. Extracting by manifest.
677 silly tarball no local data for pg-int8@https://registry.npmjs.org/pg-int8/-/pg-int8-1.0.1.tgz. Extracting by manifest.
678 silly tarball no local data for pgpass@https://registry.npmjs.org/pgpass/-/pgpass-1.0.5.tgz. Extracting by manifest.
679 silly tarball no local data for pg-types@https://registry.npmjs.org/pg-types/-/pg-types-2.2.0.tgz. Extracting by manifest.
680 silly tarball no local data for pg-protocol@https://registry.npmjs.org/pg-protocol/-/pg-protocol-1.13.0.tgz. Extracting by manifest.
681 silly tarball no local data for pg-pool@https://registry.npmjs.org/pg-pool/-/pg-pool-3.13.0.tgz. Extracting by manifest.
682 silly tarball no local data for pg-connection-string@https://registry.npmjs.org/pg-connection-string/-/pg-connection-string-2.12.0.tgz. Extracting by manifest.
683 silly tarball no local data for pg-cloudflare@https://registry.npmjs.org/pg-cloudflare/-/pg-cloudflare-1.3.0.tgz. Extracting by manifest.
684 silly tarball no local data for yallist@https://registry.npmjs.org/yallist/-/yallist-4.0.0.tgz. Extracting by manifest.
685 silly tarball no local data for oidc-token-hash@https://registry.npmjs.org/oidc-token-hash/-/oidc-token-hash-5.2.0.tgz. Extracting by manifest.
686 silly tarball no local data for object-hash@https://registry.npmjs.org/object-hash/-/object-hash-2.2.0.tgz. Extracting by manifest.
687 silly tarball no local data for lru-cache@https://registry.npmjs.org/lru-cache/-/lru-cache-6.0.0.tgz. Extracting by manifest.
688 silly tarball no local data for uuid@https://registry.npmjs.org/uuid/-/uuid-8.3.2.tgz. Extracting by manifest.
689 silly tarball no local data for preact-render-to-string@https://registry.npmjs.org/preact-render-to-string/-/preact-render-to-string-5.2.6.tgz. Extracting by manifest.
690 silly tarball no local data for preact@https://registry.npmjs.org/preact/-/preact-10.29.1.tgz. Extracting by manifest.
691 silly tarball no local data for openid-client@https://registry.npmjs.org/openid-client/-/openid-client-5.7.1.tgz. Extracting by manifest.
692 silly tarball no local data for oauth@https://registry.npmjs.org/oauth/-/oauth-0.9.15.tgz. Extracting by manifest.
693 silly tarball no local data for nodemailer@https://registry.npmjs.org/nodemailer/-/nodemailer-7.0.13.tgz. Extracting by manifest.
694 silly tarball no local data for cookie@https://registry.npmjs.org/cookie/-/cookie-0.7.2.tgz. Extracting by manifest.
695 silly tarball no local data for @panva/hkdf@https://registry.npmjs.org/@panva/hkdf/-/hkdf-1.2.1.tgz. Extracting by manifest.
696 silly tarball no local data for @babel/runtime@https://registry.npmjs.org/@babel/runtime/-/runtime-7.29.2.tgz. Extracting by manifest.
697 silly tarball no local data for streamsearch@https://registry.npmjs.org/streamsearch/-/streamsearch-1.1.0.tgz. Extracting by manifest.
698 silly tarball no local data for tslib@https://registry.npmjs.org/tslib/-/tslib-2.8.1.tgz. Extracting by manifest.
699 silly tarball no local data for @swc/counter@https://registry.npmjs.org/@swc/counter/-/counter-0.1.3.tgz. Extracting by manifest.
700 silly tarball no local data for styled-jsx@https://registry.npmjs.org/styled-jsx/-/styled-jsx-5.1.1.tgz. Extracting by manifest.
701 silly tarball no local data for graceful-fs@https://registry.npmjs.org/graceful-fs/-/graceful-fs-4.2.11.tgz. Extracting by manifest.
702 silly tarball no local data for busboy@https://registry.npmjs.org/busboy/-/busboy-1.6.0.tgz. Extracting by manifest.
703 silly tarball no local data for @swc/helpers@https://registry.npmjs.org/@swc/helpers/-/helpers-0.5.5.tgz. Extracting by manifest.
704 silly tarball no local data for @next/swc-darwin-x64@https://registry.npmjs.org/@next/swc-darwin-x64/-/swc-darwin-x64-14.2.33.tgz. Extracting by manifest.
705 silly tarball no local data for @next/env@https://registry.npmjs.org/@next/env/-/env-14.2.35.tgz. Extracting by manifest.
706 silly tarball no local data for ecdsa-sig-formatter@https://registry.npmjs.org/ecdsa-sig-formatter/-/ecdsa-sig-formatter-1.0.11.tgz. Extracting by manifest.
707 silly tarball no local data for buffer-equal-constant-time@https://registry.npmjs.org/buffer-equal-constant-time/-/buffer-equal-constant-time-1.0.1.tgz. Extracting by manifest.
708 silly tarball no local data for safe-buffer@https://registry.npmjs.org/safe-buffer/-/safe-buffer-5.2.1.tgz. Extracting by manifest.
709 silly tarball no local data for jwa@https://registry.npmjs.org/jwa/-/jwa-2.0.1.tgz. Extracting by manifest.
710 silly tarball no local data for semver@https://registry.npmjs.org/semver/-/semver-7.7.4.tgz. Extracting by manifest.
711 silly tarball no local data for ms@https://registry.npmjs.org/ms/-/ms-2.1.3.tgz. Extracting by manifest.
712 silly tarball no local data for lodash.once@https://registry.npmjs.org/lodash.once/-/lodash.once-4.1.1.tgz. Extracting by manifest.
713 silly tarball no local data for lodash.isstring@https://registry.npmjs.org/lodash.isstring/-/lodash.isstring-4.0.1.tgz. Extracting by manifest.
714 silly tarball no local data for lodash.isplainobject@https://registry.npmjs.org/lodash.isplainobject/-/lodash.isplainobject-4.0.6.tgz. Extracting by manifest.
715 silly tarball no local data for lodash.isnumber@https://registry.npmjs.org/lodash.isnumber/-/lodash.isnumber-3.0.3.tgz. Extracting by manifest.
716 silly tarball no local data for lodash.isinteger@https://registry.npmjs.org/lodash.isinteger/-/lodash.isinteger-4.0.4.tgz. Extracting by manifest.
717 silly tarball no local data for lodash.isboolean@https://registry.npmjs.org/lodash.isboolean/-/lodash.isboolean-3.0.3.tgz. Extracting by manifest.
718 silly tarball no local data for lodash.includes@https://registry.npmjs.org/lodash.includes/-/lodash.includes-4.3.0.tgz. Extracting by manifest.
719 silly tarball no local data for jws@https://registry.npmjs.org/jws/-/jws-4.0.1.tgz. Extracting by manifest.
720 silly tarball no local data for update-browserslist-db@https://registry.npmjs.org/update-browserslist-db/-/update-browserslist-db-1.2.3.tgz. Extracting by manifest.
721 silly tarball no local data for node-releases@https://registry.npmjs.org/node-releases/-/node-releases-2.0.37.tgz. Extracting by manifest.
722 silly tarball no local data for baseline-browser-mapping@https://registry.npmjs.org/baseline-browser-mapping/-/baseline-browser-mapping-2.10.19.tgz. Extracting by manifest.
723 silly tarball no local data for electron-to-chromium@https://registry.npmjs.org/electron-to-chromium/-/electron-to-chromium-1.5.336.tgz. Extracting by manifest.
724 silly tarball no local data for postcss-value-parser@https://registry.npmjs.org/postcss-value-parser/-/postcss-value-parser-4.2.0.tgz. Extracting by manifest.
725 silly tarball no local data for picocolors@https://registry.npmjs.org/picocolors/-/picocolors-1.1.1.tgz. Extracting by manifest.
726 silly tarball no local data for fraction.js@https://registry.npmjs.org/fraction.js/-/fraction.js-5.3.4.tgz. Extracting by manifest.
727 silly tarball no local data for caniuse-lite@https://registry.npmjs.org/caniuse-lite/-/caniuse-lite-1.0.30001788.tgz. Extracting by manifest.
728 silly tarball no local data for browserslist@https://registry.npmjs.org/browserslist/-/browserslist-4.28.2.tgz. Extracting by manifest.
729 silly tarball no local data for undici-types@https://registry.npmjs.org/undici-types/-/undici-types-7.19.2.tgz. Extracting by manifest.
730 silly tarball no local data for csstype@https://registry.npmjs.org/csstype/-/csstype-3.2.3.tgz. Extracting by manifest.
731 silly tarball no local data for zod@https://registry.npmjs.org/zod/-/zod-4.3.6.tgz. Extracting by manifest.
732 silly tarball no local data for typescript@https://registry.npmjs.org/typescript/-/typescript-6.0.2.tgz. Extracting by manifest.
733 silly tarball no local data for tailwindcss@https://registry.npmjs.org/tailwindcss/-/tailwindcss-4.2.2.tgz. Extracting by manifest.
734 silly tarball no local data for react-dom@https://registry.npmjs.org/react-dom/-/react-dom-18.3.1.tgz. Extracting by manifest.
735 silly tarball no local data for react@https://registry.npmjs.org/react/-/react-18.3.1.tgz. Extracting by manifest.
736 silly tarball no local data for postcss@https://registry.npmjs.org/postcss/-/postcss-8.5.9.tgz. Extracting by manifest.
737 silly tarball no local data for pg@https://registry.npmjs.org/pg/-/pg-8.20.0.tgz. Extracting by manifest.
738 silly tarball no local data for next-auth@https://registry.npmjs.org/next-auth/-/next-auth-4.24.14.tgz. Extracting by manifest.
739 silly tarball no local data for next@https://registry.npmjs.org/next/-/next-14.2.35.tgz. Extracting by manifest.
740 silly tarball no local data for jsonwebtoken@https://registry.npmjs.org/jsonwebtoken/-/jsonwebtoken-9.0.3.tgz. Extracting by manifest.
741 silly tarball no local data for jose@https://registry.npmjs.org/jose/-/jose-6.2.2.tgz. Extracting by manifest.
742 silly tarball no local data for dotenv@https://registry.npmjs.org/dotenv/-/dotenv-17.4.2.tgz. Extracting by manifest.
743 silly tarball no local data for bcryptjs@https://registry.npmjs.org/bcryptjs/-/bcryptjs-3.0.3.tgz. Extracting by manifest.
744 silly tarball no local data for @types/react-dom@https://registry.npmjs.org/@types/react-dom/-/react-dom-19.2.3.tgz. Extracting by manifest.
745 silly tarball no local data for autoprefixer@https://registry.npmjs.org/autoprefixer/-/autoprefixer-10.5.0.tgz. Extracting by manifest.
746 silly tarball no local data for @types/react@https://registry.npmjs.org/@types/react/-/react-19.2.14.tgz. Extracting by manifest.
747 silly tarball no local data for @types/node@https://registry.npmjs.org/@types/node/-/node-25.6.0.tgz. Extracting by manifest.
748 http cache jose@https://registry.npmjs.org/jose/-/jose-4.15.9.tgz 0ms (cache hit)
749 http cache jose@https://registry.npmjs.org/jose/-/jose-4.15.9.tgz 0ms (cache hit)
750 http cache postcss@https://registry.npmjs.org/postcss/-/postcss-8.4.31.tgz 0ms (cache hit)
751 silly tarball no local data for jose@https://registry.npmjs.org/jose/-/jose-4.15.9.tgz. Extracting by manifest.
752 silly tarball no local data for jose@https://registry.npmjs.org/jose/-/jose-4.15.9.tgz. Extracting by manifest.
753 silly tarball no local data for postcss@https://registry.npmjs.org/postcss/-/postcss-8.4.31.tgz. Extracting by manifest.
754 http fetch GET 200 https://registry.npmjs.org/pg-pool/-/pg-pool-3.13.0.tgz 7175ms (cache miss)
755 http fetch GET 200 https://registry.npmjs.org/pg-types/-/pg-types-2.2.0.tgz 7415ms (cache miss)
756 http fetch GET 200 https://registry.npmjs.org/yallist/-/yallist-4.0.0.tgz 7412ms (cache miss)
757 http fetch GET 200 https://registry.npmjs.org/loose-envify/-/loose-envify-1.4.0.tgz 7540ms (cache miss)
758 http fetch GET 200 https://registry.npmjs.org/pg-connection-string/-/pg-connection-string-2.12.0.tgz 7522ms (cache miss)
759 http fetch GET 200 https://registry.npmjs.org/@panva/hkdf/-/hkdf-1.2.1.tgz 7573ms (cache miss)
760 http fetch GET 200 https://registry.npmjs.org/oidc-token-hash/-/oidc-token-hash-5.2.0.tgz 7604ms (cache miss)
761 http fetch GET 200 https://registry.npmjs.org/lru-cache/-/lru-cache-6.0.0.tgz 7604ms (cache miss)
762 http fetch GET 200 https://registry.npmjs.org/pg-cloudflare/-/pg-cloudflare-1.3.0.tgz 7624ms (cache miss)
763 http fetch GET 200 https://registry.npmjs.org/graceful-fs/-/graceful-fs-4.2.11.tgz 7604ms (cache miss)
764 http fetch GET 200 https://registry.npmjs.org/escalade/-/escalade-3.2.0.tgz 7717ms (cache miss)
765 http fetch GET 200 https://registry.npmjs.org/client-only/-/client-only-0.0.1.tgz 7716ms (cache miss)
766 http fetch GET 200 https://registry.npmjs.org/js-tokens/-/js-tokens-4.0.0.tgz 7721ms (cache miss)
767 http fetch GET 200 https://registry.npmjs.org/xtend/-/xtend-4.0.2.tgz 7734ms (cache miss)
768 http fetch GET 200 https://registry.npmjs.org/pgpass/-/pgpass-1.0.5.tgz 7715ms (cache miss)
769 http fetch GET 200 https://registry.npmjs.org/cookie/-/cookie-0.7.2.tgz 7739ms (cache miss)
770 http fetch GET 200 https://registry.npmjs.org/pretty-format/-/pretty-format-3.8.0.tgz 7850ms (cache miss)
771 http fetch GET 200 https://registry.npmjs.org/ms/-/ms-2.1.3.tgz 7749ms (cache miss)
772 http fetch GET 200 https://registry.npmjs.org/lodash.isboolean/-/lodash.isboolean-3.0.3.tgz 7749ms (cache miss)
773 http fetch GET 200 https://registry.npmjs.org/object-hash/-/object-hash-2.2.0.tgz 7906ms (cache miss)
774 http fetch GET 200 https://registry.npmjs.org/lodash.includes/-/lodash.includes-4.3.0.tgz 7890ms (cache miss)
775 http fetch GET 200 https://registry.npmjs.org/jwa/-/jwa-2.0.1.tgz 7983ms (cache miss)
776 http fetch GET 200 https://registry.npmjs.org/@swc/counter/-/counter-0.1.3.tgz 8067ms (cache miss)
777 http fetch GET 200 https://registry.npmjs.org/streamsearch/-/streamsearch-1.1.0.tgz 8077ms (cache miss)
778 http fetch GET 200 https://registry.npmjs.org/postgres-bytea/-/postgres-bytea-1.0.1.tgz 8138ms (cache miss)
779 http fetch GET 200 https://registry.npmjs.org/pg-int8/-/pg-int8-1.0.1.tgz 8165ms (cache miss)
780 http fetch GET 200 https://registry.npmjs.org/jws/-/jws-4.0.1.tgz 8021ms (cache miss)
781 http fetch GET 200 https://registry.npmjs.org/lodash.isinteger/-/lodash.isinteger-4.0.4.tgz 8040ms (cache miss)
782 http fetch GET 200 https://registry.npmjs.org/picocolors/-/picocolors-1.1.1.tgz 7996ms (cache miss)
783 http fetch GET 200 https://registry.npmjs.org/@next/env/-/env-14.2.35.tgz 8100ms (cache miss)
784 http fetch GET 200 https://registry.npmjs.org/buffer-equal-constant-time/-/buffer-equal-constant-time-1.0.1.tgz 8120ms (cache miss)
785 http fetch GET 200 https://registry.npmjs.org/postgres-interval/-/postgres-interval-1.2.0.tgz 8225ms (cache miss)
786 http fetch GET 200 https://registry.npmjs.org/update-browserslist-db/-/update-browserslist-db-1.2.3.tgz 8114ms (cache miss)
787 http fetch GET 200 https://registry.npmjs.org/browserslist/-/browserslist-4.28.2.tgz 8081ms (cache miss)
788 http fetch GET 200 https://registry.npmjs.org/@types/react-dom/-/react-dom-19.2.3.tgz 8016ms (cache miss)
789 http fetch GET 200 https://registry.npmjs.org/ecdsa-sig-formatter/-/ecdsa-sig-formatter-1.0.11.tgz 8193ms (cache miss)
790 http fetch GET 200 https://registry.npmjs.org/safe-buffer/-/safe-buffer-5.2.1.tgz 8189ms (cache miss)
791 http fetch GET 200 https://registry.npmjs.org/postgres-date/-/postgres-date-1.0.7.tgz 8340ms (cache miss)
792 http fetch GET 200 https://registry.npmjs.org/split2/-/split2-4.2.0.tgz 8373ms (cache miss)
793 http fetch GET 200 https://registry.npmjs.org/lodash.isstring/-/lodash.isstring-4.0.1.tgz 8255ms (cache miss)
794 http fetch GET 200 https://registry.npmjs.org/lodash.isplainobject/-/lodash.isplainobject-4.0.6.tgz 8255ms (cache miss)
795 http fetch GET 200 https://registry.npmjs.org/postgres-array/-/postgres-array-2.0.0.tgz 8388ms (cache miss)
796 http fetch GET 200 https://registry.npmjs.org/lodash.isnumber/-/lodash.isnumber-3.0.3.tgz 8283ms (cache miss)
797 http fetch GET 200 https://registry.npmjs.org/lodash.once/-/lodash.once-4.1.1.tgz 8325ms (cache miss)
798 http fetch GET 200 https://registry.npmjs.org/node-releases/-/node-releases-2.0.37.tgz 8371ms (cache miss)
799 http fetch GET 200 https://registry.npmjs.org/tslib/-/tslib-2.8.1.tgz 8572ms (cache miss)
800 http fetch GET 200 https://registry.npmjs.org/bcryptjs/-/bcryptjs-3.0.3.tgz 8562ms (cache miss)
801 http fetch GET 200 https://registry.npmjs.org/postcss-value-parser/-/postcss-value-parser-4.2.0.tgz 8968ms (cache miss)
802 http fetch GET 200 https://registry.npmjs.org/dotenv/-/dotenv-17.4.2.tgz 8911ms (cache miss)
803 http fetch GET 200 https://registry.npmjs.org/scheduler/-/scheduler-0.23.2.tgz 9214ms (cache miss)
804 http fetch GET 200 https://registry.npmjs.org/nodemailer 9679ms (cache miss)
805 silly packumentCache corgi:https://registry.npmjs.org/nodemailer set size:undefined disposed:false
806 http fetch GET 200 https://registry.npmjs.org/undici-types/-/undici-types-7.19.2.tgz 9575ms (cache miss)
807 http fetch GET 200 https://registry.npmjs.org/jsonwebtoken/-/jsonwebtoken-9.0.3.tgz 9536ms (cache miss)
808 http fetch GET 200 https://registry.npmjs.org/electron-to-chromium/-/electron-to-chromium-1.5.336.tgz 9658ms (cache miss)
809 http fetch GET 200 https://registry.npmjs.org/nanoid/-/nanoid-3.3.11.tgz 9837ms (cache miss)
810 http fetch GET 200 https://registry.npmjs.org/fraction.js/-/fraction.js-5.3.4.tgz 9740ms (cache miss)
811 http fetch GET 200 https://registry.npmjs.org/@types/react/-/react-19.2.14.tgz 9712ms (cache miss)
812 http fetch GET 200 https://registry.npmjs.org/baseline-browser-mapping/-/baseline-browser-mapping-2.10.19.tgz 10063ms (cache miss)
813 http fetch GET 200 https://registry.npmjs.org/busboy/-/busboy-1.6.0.tgz 10150ms (cache miss)
814 http fetch GET 200 https://registry.npmjs.org/oauth/-/oauth-0.9.15.tgz 10193ms (cache miss)
815 http fetch GET 200 https://registry.npmjs.org/react/-/react-18.3.1.tgz 10024ms (cache miss)
816 http fetch GET 200 https://registry.npmjs.org/source-map-js/-/source-map-js-1.2.1.tgz 10858ms (cache miss)
817 http fetch GET 200 https://registry.npmjs.org/pg/-/pg-8.20.0.tgz 10654ms (cache miss)
818 http fetch GET 200 https://registry.npmjs.org/styled-jsx/-/styled-jsx-5.1.1.tgz 10915ms (cache miss)
819 http fetch GET 200 https://registry.npmjs.org/csstype/-/csstype-3.2.3.tgz 11066ms (cache miss)
820 http fetch GET 200 https://registry.npmjs.org/preact-render-to-string/-/preact-render-to-string-5.2.6.tgz 11248ms (cache miss)
821 http fetch GET 200 https://registry.npmjs.org/openid-client/-/openid-client-5.7.1.tgz 11379ms (cache miss)
822 http fetch GET 200 https://registry.npmjs.org/pg-protocol/-/pg-protocol-1.13.0.tgz 11419ms (cache miss)
823 http fetch GET 200 https://registry.npmjs.org/semver/-/semver-7.7.4.tgz 11611ms (cache miss)
824 http fetch GET 200 https://registry.npmjs.org/tailwindcss/-/tailwindcss-4.2.2.tgz 11902ms (cache miss)
825 http fetch GET 200 https://registry.npmjs.org/postcss/-/postcss-8.5.9.tgz 11895ms (cache miss)
826 http fetch GET 200 https://registry.npmjs.org/postcss/-/postcss-8.4.31.tgz 11251ms (cache miss)
827 http fetch GET 200 https://registry.npmjs.org/nodemailer/-/nodemailer-7.0.13.tgz 12326ms (cache miss)
828 http fetch GET 200 https://registry.npmjs.org/uuid/-/uuid-8.3.2.tgz 12779ms (cache miss)
829 http fetch GET 200 https://registry.npmjs.org/autoprefixer/-/autoprefixer-10.5.0.tgz 13216ms (cache miss)
830 http fetch GET 200 https://registry.npmjs.org/@types/node/-/node-25.6.0.tgz 13261ms (cache miss)
831 http fetch GET 200 https://registry.npmjs.org/react-dom/-/react-dom-18.3.1.tgz 13709ms (cache miss)
832 http fetch GET 200 https://registry.npmjs.org/jose/-/jose-6.2.2.tgz 15119ms (cache miss)
833 http fetch GET 200 https://registry.npmjs.org/preact/-/preact-10.29.1.tgz 15635ms (cache miss)
834 http fetch GET 200 https://registry.npmjs.org/@babel/runtime/-/runtime-7.29.2.tgz 17263ms (cache miss)
835 http fetch GET 200 https://registry.npmjs.org/@swc/helpers/-/helpers-0.5.5.tgz 19306ms (cache miss)
836 http fetch GET 200 https://registry.npmjs.org/next 20262ms (cache miss)
837 silly packumentCache corgi:https://registry.npmjs.org/next set size:undefined disposed:false
838 silly packumentCache corgi:https://registry.npmjs.org/next-auth cache-miss
839 http fetch GET 200 https://registry.npmjs.org/next-auth 1326ms (cache miss)
840 silly packumentCache corgi:https://registry.npmjs.org/next-auth set size:undefined disposed:false
841 http fetch GET 200 https://registry.npmjs.org/next-auth/-/next-auth-4.24.14.tgz 28749ms (cache miss)
842 http fetch GET 200 https://registry.npmjs.org/typescript/-/typescript-6.0.2.tgz 29163ms (cache miss)
843 http fetch GET 200 https://registry.npmjs.org/jose/-/jose-4.15.9.tgz 29157ms (cache miss)
844 http fetch GET 200 https://registry.npmjs.org/jose/-/jose-4.15.9.tgz 29241ms (cache miss)
845 http fetch GET 200 https://registry.npmjs.org/caniuse-lite/-/caniuse-lite-1.0.30001788.tgz 33736ms (cache miss)
846 http fetch GET 200 https://registry.npmjs.org/zod/-/zod-4.3.6.tgz 33770ms (cache miss)
847 http fetch GET 200 https://registry.npmjs.org/@next/swc-darwin-x64/-/swc-darwin-x64-14.2.33.tgz 35385ms (cache miss)
848 http fetch GET 200 https://registry.npmjs.org/next/-/next-14.2.35.tgz 56485ms (cache miss)
849 silly ADD node_modules/escalade
850 silly ADD node_modules/client-only
851 silly ADD node_modules/scheduler
852 silly ADD node_modules/js-tokens
853 silly ADD node_modules/loose-envify
854 silly ADD node_modules/pretty-format
855 silly ADD node_modules/xtend
856 silly ADD node_modules/source-map-js
857 silly ADD node_modules/nanoid
858 silly ADD node_modules/split2
859 silly ADD node_modules/postgres-interval
860 silly ADD node_modules/postgres-date
861 silly ADD node_modules/postgres-bytea
862 silly ADD node_modules/postgres-array
863 silly ADD node_modules/pg-int8
864 silly ADD node_modules/pgpass
865 silly ADD node_modules/pg-types
866 silly ADD node_modules/pg-protocol
867 silly ADD node_modules/pg-pool
868 silly ADD node_modules/pg-connection-string
869 silly ADD node_modules/pg-cloudflare
870 silly ADD node_modules/yallist
871 silly ADD node_modules/oidc-token-hash
872 silly ADD node_modules/object-hash
873 silly ADD node_modules/lru-cache
874 silly ADD node_modules/uuid
875 silly ADD node_modules/preact-render-to-string
876 silly ADD node_modules/preact
877 silly ADD node_modules/openid-client
878 silly ADD node_modules/openid-client/node_modules/jose
879 silly ADD node_modules/oauth
880 silly ADD node_modules/nodemailer
881 silly ADD node_modules/cookie
882 silly ADD node_modules/@panva/hkdf
883 silly ADD node_modules/@babel/runtime
884 silly ADD node_modules/streamsearch
885 silly ADD node_modules/tslib
886 silly ADD node_modules/@swc/counter
887 silly ADD node_modules/styled-jsx
888 silly ADD node_modules/graceful-fs
889 silly ADD node_modules/busboy
890 silly ADD node_modules/@swc/helpers
891 silly ADD node_modules/@next/swc-darwin-x64
892 silly ADD node_modules/@next/env
893 silly ADD node_modules/ecdsa-sig-formatter
894 silly ADD node_modules/buffer-equal-constant-time
895 silly ADD node_modules/safe-buffer
896 silly ADD node_modules/jwa
897 silly ADD node_modules/semver
898 silly ADD node_modules/ms
899 silly ADD node_modules/lodash.once
900 silly ADD node_modules/lodash.isstring
901 silly ADD node_modules/lodash.isplainobject
902 silly ADD node_modules/lodash.isnumber
903 silly ADD node_modules/lodash.isinteger
904 silly ADD node_modules/lodash.isboolean
905 silly ADD node_modules/lodash.includes
906 silly ADD node_modules/jws
907 silly ADD node_modules/update-browserslist-db
908 silly ADD node_modules/node-releases
909 silly ADD node_modules/electron-to-chromium
910 silly ADD node_modules/baseline-browser-mapping
911 silly ADD node_modules/postcss-value-parser
912 silly ADD node_modules/picocolors
913 silly ADD node_modules/fraction.js
914 silly ADD node_modules/caniuse-lite
915 silly ADD node_modules/browserslist
916 silly ADD node_modules/csstype
917 silly ADD node_modules/undici-types
918 silly ADD node_modules/zod
919 silly ADD node_modules/typescript
920 silly ADD node_modules/tailwindcss
921 silly ADD node_modules/react-dom
922 silly ADD node_modules/react
923 silly ADD node_modules/postcss
924 silly ADD node_modules/pg
925 silly ADD node_modules/next-auth
926 silly ADD node_modules/next-auth/node_modules/jose
927 silly ADD node_modules/next
928 silly ADD node_modules/next/node_modules/postcss
929 silly ADD node_modules/jsonwebtoken
930 silly ADD node_modules/jose
931 silly ADD node_modules/dotenv
932 silly ADD node_modules/bcryptjs
933 silly ADD node_modules/autoprefixer
934 silly ADD node_modules/@types/react-dom
935 silly ADD node_modules/@types/react
936 silly ADD node_modules/@types/node
937 verbose cwd /Users/mucellabilican/myfrAIm
938 verbose os Darwin 24.6.0
939 verbose node v24.14.1
940 verbose npm  v11.11.0
941 verbose exit 0
942 info ok
