0 verbose cli /usr/local/bin/node /usr/local/bin/npm
1 info using npm@11.11.0
2 info using node@v24.14.1
3 silly config load:file:/usr/local/lib/node_modules/npm/npmrc
4 silly config load:file:/Users/mucellabilican/myfrAIm/.npmrc
5 silly config load:file:/Users/mucellabilican/.npmrc
6 silly config load:file:/usr/local/etc/npmrc
7 verbose title npm install xlsx
8 verbose argv "install" "xlsx"
9 verbose logfile logs-max:10 dir:/Users/mucellabilican/myfrAIm/.npm-cache/_logs/2026-04-15T11_11_26_615Z-
10 verbose logfile /Users/mucellabilican/myfrAIm/.npm-cache/_logs/2026-04-15T11_11_26_615Z-debug-0.log
11 silly logfile done cleaning log files
12 silly packumentCache heap:2348810240 maxSize:587202560 maxEntrySize:293601280
13 silly idealTree buildDeps
14 silly fetch manifest xlsx@*
15 silly packumentCache full:https://registry.npmjs.org/xlsx cache-miss
16 http fetch GET 200 https://registry.npmjs.org/xlsx 676ms (cache miss)
17 silly packumentCache full:https://registry.npmjs.org/xlsx set size:undefined disposed:false
18 silly placeDep ROOT xlsx@0.18.5 OK for: myfraim@0.1.0 want: *
19 silly fetch manifest cfb@~1.2.1
20 silly packumentCache full:https://registry.npmjs.org/cfb cache-miss
21 silly fetch manifest ssf@~0.11.2
22 silly packumentCache full:https://registry.npmjs.org/ssf cache-miss
23 silly fetch manifest wmf@~1.0.1
24 silly packumentCache full:https://registry.npmjs.org/wmf cache-miss
25 silly fetch manifest word@~0.3.0
26 silly packumentCache full:https://registry.npmjs.org/word cache-miss
27 silly fetch manifest crc-32@~1.2.1
28 silly packumentCache full:https://registry.npmjs.org/crc-32 cache-miss
29 silly fetch manifest adler-32@~1.3.0
30 silly packumentCache full:https://registry.npmjs.org/adler-32 cache-miss
31 silly fetch manifest codepage@~1.15.0
32 silly packumentCache full:https://registry.npmjs.org/codepage cache-miss
33 http fetch GET 200 https://registry.npmjs.org/cfb 96ms (cache miss)
34 silly packumentCache full:https://registry.npmjs.org/cfb set size:undefined disposed:false
35 http fetch GET 200 https://registry.npmjs.org/wmf 236ms (cache miss)
36 silly packumentCache full:https://registry.npmjs.org/wmf set size:undefined disposed:false
37 http fetch GET 200 https://registry.npmjs.org/crc-32 243ms (cache miss)
38 silly packumentCache full:https://registry.npmjs.org/crc-32 set size:undefined disposed:false
39 http fetch GET 200 https://registry.npmjs.org/ssf 274ms (cache miss)
40 silly packumentCache full:https://registry.npmjs.org/ssf set size:undefined disposed:false
41 http fetch GET 200 https://registry.npmjs.org/adler-32 276ms (cache miss)
42 silly packumentCache full:https://registry.npmjs.org/adler-32 set size:undefined disposed:false
43 http fetch GET 200 https://registry.npmjs.org/codepage 283ms (cache miss)
44 silly packumentCache full:https://registry.npmjs.org/codepage set size:undefined disposed:false
45 http fetch GET 200 https://registry.npmjs.org/word 446ms (cache miss)
46 silly packumentCache full:https://registry.npmjs.org/word set size:undefined disposed:false
47 silly placeDep ROOT adler-32@1.3.1 OK for: xlsx@0.18.5 want: ~1.3.0
48 silly placeDep ROOT cfb@1.2.2 OK for: xlsx@0.18.5 want: ~1.2.1
49 silly placeDep ROOT codepage@1.15.0 OK for: xlsx@0.18.5 want: ~1.15.0
50 silly placeDep ROOT crc-32@1.2.2 OK for: xlsx@0.18.5 want: ~1.2.1
51 silly placeDep ROOT ssf@0.11.2 OK for: xlsx@0.18.5 want: ~0.11.2
52 silly placeDep ROOT wmf@1.0.2 OK for: xlsx@0.18.5 want: ~1.0.1
53 silly placeDep ROOT word@0.3.0 OK for: xlsx@0.18.5 want: ~0.3.0
54 silly fetch manifest crc-32@~1.2.0
55 silly packumentCache full:https://registry.npmjs.org/crc-32 cache-miss
56 silly fetch manifest frac@~1.1.2
57 silly packumentCache full:https://registry.npmjs.org/frac cache-miss
58 http cache https://registry.npmjs.org/crc-32 55ms (cache hit)
59 silly packumentCache full:https://registry.npmjs.org/crc-32 set size:32170 disposed:false
60 http fetch GET 200 https://registry.npmjs.org/frac 86ms (cache miss)
61 silly packumentCache full:https://registry.npmjs.org/frac set size:undefined disposed:false
62 silly placeDep ROOT frac@1.1.2 OK for: ssf@0.11.2 want: ~1.1.2
63 silly reify moves {}
64 silly audit bulk request {
64 silly audit   '@alloc/quick-lru': [ '5.2.0' ],
64 silly audit   '@babel/runtime': [ '7.29.2' ],
64 silly audit   '@emnapi/core': [ '1.9.2' ],
64 silly audit   '@emnapi/runtime': [ '1.9.2' ],
64 silly audit   '@emnapi/wasi-threads': [ '1.2.1' ],
64 silly audit   '@esbuild/aix-ppc64': [ '0.27.7' ],
64 silly audit   '@esbuild/android-arm': [ '0.27.7' ],
64 silly audit   '@esbuild/android-arm64': [ '0.27.7' ],
64 silly audit   '@esbuild/android-x64': [ '0.27.7' ],
64 silly audit   '@esbuild/darwin-arm64': [ '0.27.7' ],
64 silly audit   '@esbuild/darwin-x64': [ '0.27.7' ],
64 silly audit   '@esbuild/freebsd-arm64': [ '0.27.7' ],
64 silly audit   '@esbuild/freebsd-x64': [ '0.27.7' ],
64 silly audit   '@esbuild/linux-arm': [ '0.27.7' ],
64 silly audit   '@esbuild/linux-arm64': [ '0.27.7' ],
64 silly audit   '@esbuild/linux-ia32': [ '0.27.7' ],
64 silly audit   '@esbuild/linux-loong64': [ '0.27.7' ],
64 silly audit   '@esbuild/linux-mips64el': [ '0.27.7' ],
64 silly audit   '@esbuild/linux-ppc64': [ '0.27.7' ],
64 silly audit   '@esbuild/linux-riscv64': [ '0.27.7' ],
64 silly audit   '@esbuild/linux-s390x': [ '0.27.7' ],
64 silly audit   '@esbuild/linux-x64': [ '0.27.7' ],
64 silly audit   '@esbuild/netbsd-arm64': [ '0.27.7' ],
64 silly audit   '@esbuild/netbsd-x64': [ '0.27.7' ],
64 silly audit   '@esbuild/openbsd-arm64': [ '0.27.7' ],
64 silly audit   '@esbuild/openbsd-x64': [ '0.27.7' ],
64 silly audit   '@esbuild/openharmony-arm64': [ '0.27.7' ],
64 silly audit   '@esbuild/sunos-x64': [ '0.27.7' ],
64 silly audit   '@esbuild/win32-arm64': [ '0.27.7' ],
64 silly audit   '@esbuild/win32-ia32': [ '0.27.7' ],
64 silly audit   '@esbuild/win32-x64': [ '0.27.7' ],
64 silly audit   '@eslint-community/eslint-utils': [ '4.9.1' ],
64 silly audit   '@eslint-community/regexpp': [ '4.12.2' ],
64 silly audit   '@eslint/eslintrc': [ '2.1.4' ],
64 silly audit   'balanced-match': [ '1.0.2', '4.0.4' ],
64 silly audit   'brace-expansion': [ '1.1.14', '5.0.5' ],
64 silly audit   ignore: [ '5.3.2', '7.0.5' ],
64 silly audit   minimatch: [ '3.1.5', '10.2.5' ],
64 silly audit   '@eslint/js': [ '8.57.1' ],
64 silly audit   '@humanwhocodes/config-array': [ '0.13.0' ],
64 silly audit   '@humanwhocodes/module-importer': [ '1.0.1' ],
64 silly audit   '@humanwhocodes/object-schema': [ '2.0.3' ],
64 silly audit   '@jridgewell/gen-mapping': [ '0.3.13' ],
64 silly audit   '@jridgewell/resolve-uri': [ '3.1.2' ],
64 silly audit   '@jridgewell/sourcemap-codec': [ '1.5.5' ],
64 silly audit   '@jridgewell/trace-mapping': [ '0.3.31' ],
64 silly audit   '@napi-rs/wasm-runtime': [ '0.2.12' ],
64 silly audit   '@next/env': [ '14.2.35' ],
64 silly audit   '@next/eslint-plugin-next': [ '15.5.15' ],
64 silly audit   '@next/swc-darwin-arm64': [ '14.2.33' ],
64 silly audit   '@next/swc-darwin-x64': [ '14.2.33' ],
64 silly audit   '@next/swc-linux-arm64-gnu': [ '14.2.33' ],
64 silly audit   '@next/swc-linux-arm64-musl': [ '14.2.33' ],
64 silly audit   '@next/swc-linux-x64-gnu': [ '14.2.33' ],
64 silly audit   '@next/swc-linux-x64-musl': [ '14.2.33' ],
64 silly audit   '@next/swc-win32-arm64-msvc': [ '14.2.33' ],
64 silly audit   '@next/swc-win32-ia32-msvc': [ '14.2.33' ],
64 silly audit   '@next/swc-win32-x64-msvc': [ '14.2.33' ],
64 silly audit   '@nodelib/fs.scandir': [ '2.1.5' ],
64 silly audit   '@nodelib/fs.stat': [ '2.0.5' ],
64 silly audit   '@nodelib/fs.walk': [ '1.2.8' ],
64 silly audit   '@nolyfill/is-core-module': [ '1.0.39' ],
64 silly audit   '@panva/hkdf': [ '1.2.1' ],
64 silly audit   '@rtsao/scc': [ '1.1.0' ],
64 silly audit   '@rushstack/eslint-patch': [ '1.16.1' ],
64 silly audit   '@swc/counter': [ '0.1.3' ],
64 silly audit   '@swc/helpers': [ '0.5.5' ],
64 silly audit   '@tybys/wasm-util': [ '0.10.1' ],
64 silly audit   '@types/json5': [ '0.0.29' ],
64 silly audit   '@types/node': [ '24.12.2' ],
64 silly audit   '@types/nodemailer': [ '8.0.0' ],
64 silly audit   '@types/pg': [ '8.20.0' ],
64 silly audit   '@types/react': [ '19.2.14' ],
64 silly audit   '@types/react-dom': [ '19.2.3' ],
64 silly audit   '@typescript-eslint/eslint-plugin': [ '8.58.2' ],
64 silly audit   '@typescript-eslint/parser': [ '8.58.2' ],
64 silly audit   '@typescript-eslint/project-service': [ '8.58.2' ],
64 silly audit   '@typescript-eslint/scope-manager': [ '8.58.2' ],
64 silly audit   '@typescript-eslint/tsconfig-utils': [ '8.58.2' ],
64 silly audit   '@typescript-eslint/type-utils': [ '8.58.2' ],
64 silly audit   '@typescript-eslint/types': [ '8.58.2' ],
64 silly audit   '@typescript-eslint/typescript-estree': [ '8.58.2' ],
64 silly audit   '@typescript-eslint/utils': [ '8.58.2' ],
64 silly audit   '@typescript-eslint/visitor-keys': [ '8.58.2' ],
64 silly audit   'eslint-visitor-keys': [ '5.0.1', '3.4.3' ],
64 silly audit   '@ungap/structured-clone': [ '1.3.0' ],
64 silly audit   '@unrs/resolver-binding-android-arm-eabi': [ '1.11.1' ],
64 silly audit   '@unrs/resolver-binding-android-arm64': [ '1.11.1' ],
64 silly audit   '@unrs/resolver-binding-darwin-arm64': [ '1.11.1' ],
64 silly audit   '@unrs/resolver-binding-darwin-x64': [ '1.11.1' ],
64 silly audit   '@unrs/resolver-binding-freebsd-x64': [ '1.11.1' ],
64 silly audit   '@unrs/resolver-binding-linux-arm-gnueabihf': [ '1.11.1' ],
64 silly audit   '@unrs/resolver-binding-linux-arm-musleabihf': [ '1.11.1' ],
64 silly audit   '@unrs/resolver-binding-linux-arm64-gnu': [ '1.11.1' ],
64 silly audit   '@unrs/resolver-binding-linux-arm64-musl': [ '1.11.1' ],
64 silly audit   '@unrs/resolver-binding-linux-ppc64-gnu': [ '1.11.1' ],
64 silly audit   '@unrs/resolver-binding-linux-riscv64-gnu': [ '1.11.1' ],
64 silly audit   '@unrs/resolver-binding-linux-riscv64-musl': [ '1.11.1' ],
64 silly audit   '@unrs/resolver-binding-linux-s390x-gnu': [ '1.11.1' ],
64 silly audit   '@unrs/resolver-binding-linux-x64-gnu': [ '1.11.1' ],
64 silly audit   '@unrs/resolver-binding-linux-x64-musl': [ '1.11.1' ],
64 silly audit   '@unrs/resolver-binding-wasm32-wasi': [ '1.11.1' ],
64 silly audit   '@unrs/resolver-binding-win32-arm64-msvc': [ '1.11.1' ],
64 silly audit   '@unrs/resolver-binding-win32-ia32-msvc': [ '1.11.1' ],
64 silly audit   '@unrs/resolver-binding-win32-x64-msvc': [ '1.11.1' ],
64 silly audit   acorn: [ '8.16.0' ],
64 silly audit   'acorn-jsx': [ '5.3.2' ],
64 silly audit   ajv: [ '6.14.0' ],
64 silly audit   'ansi-regex': [ '5.0.1' ],
64 silly audit   'ansi-styles': [ '4.3.0' ],
64 silly audit   'any-promise': [ '1.3.0' ],
64 silly audit   anymatch: [ '3.1.3' ],
64 silly audit   arg: [ '5.0.2' ],
64 silly audit   argparse: [ '2.0.1' ],
64 silly audit   'aria-query': [ '5.3.2' ],
64 silly audit   'array-buffer-byte-length': [ '1.0.2' ],
64 silly audit   'array-includes': [ '3.1.9' ],
64 silly audit   'array.prototype.findlast': [ '1.2.5' ],
64 silly audit   'array.prototype.findlastindex': [ '1.2.6' ],
64 silly audit   'array.prototype.flat': [ '1.3.3' ],
64 silly audit   'array.prototype.flatmap': [ '1.3.3' ],
64 silly audit   'array.prototype.tosorted': [ '1.1.4' ],
64 silly audit   'arraybuffer.prototype.slice': [ '1.0.4' ],
64 silly audit   'ast-types-flow': [ '0.0.8' ],
64 silly audit   'async-function': [ '1.0.0' ],
64 silly audit   autoprefixer: [ '10.5.0' ],
64 silly audit   'available-typed-arrays': [ '1.0.7' ],
64 silly audit   'axe-core': [ '4.11.3' ],
64 silly audit   'axobject-query': [ '4.1.0' ],
64 silly audit   'baseline-browser-mapping': [ '2.10.19' ],
64 silly audit   bcryptjs: [ '3.0.3' ],
64 silly audit   'binary-extensions': [ '2.3.0' ],
64 silly audit   braces: [ '3.0.3' ],
64 silly audit   browserslist: [ '4.28.2' ],
64 silly audit   'buffer-equal-constant-time': [ '1.0.1' ],
64 silly audit   busboy: [ '1.6.0' ],
64 silly audit   'call-bind': [ '1.0.9' ],
64 silly audit   'call-bind-apply-helpers': [ '1.0.2' ],
64 silly audit   'call-bound': [ '1.0.4' ],
64 silly audit   callsites: [ '3.1.0' ],
64 silly audit   'camelcase-css': [ '2.0.1' ],
64 silly audit   'caniuse-lite': [ '1.0.30001788' ],
64 silly audit   chalk: [ '4.1.2' ],
64 silly audit   chokidar: [ '3.6.0' ],
64 silly audit   'glob-parent': [ '5.1.2', '6.0.2' ],
64 silly audit   'client-only': [ '0.0.1' ],
64 silly audit   'color-convert': [ '2.0.1' ],
64 silly audit   'color-name': [ '1.1.4' ],
64 silly audit   commander: [ '4.1.1' ],
64 silly audit   'concat-map': [ '0.0.1' ],
64 silly audit   cookie: [ '0.7.2' ],
64 silly audit   'cross-spawn': [ '7.0.6' ],
64 silly audit   cssesc: [ '3.0.0' ],
64 silly audit   csstype: [ '3.2.3' ],
64 silly audit   'damerau-levenshtein': [ '1.0.8' ],
64 silly audit   'data-view-buffer': [ '1.0.2' ],
64 silly audit   'data-view-byte-length': [ '1.0.2' ],
64 silly audit   'data-view-byte-offset': [ '1.0.1' ],
64 silly audit   debug: [ '4.4.3', '3.2.7' ],
64 silly audit   'deep-is': [ '0.1.4' ],
64 silly audit   'define-data-property': [ '1.1.4' ],
64 silly audit   'define-properties': [ '1.2.1' ],
64 silly audit   didyoumean: [ '1.2.2' ],
64 silly audit   dlv: [ '1.1.3' ],
64 silly audit   doctrine: [ '2.1.0', '3.0.0' ],
64 silly audit   dotenv: [ '17.4.2' ],
64 silly audit   'dunder-proto': [ '1.0.1' ],
64 silly audit   'ecdsa-sig-formatter': [ '1.0.11' ],
64 silly audit   'electron-to-chromium': [ '1.5.336' ],
64 silly audit   'emoji-regex': [ '9.2.2' ],
64 silly audit   'es-abstract': [ '1.24.2' ],
64 silly audit   'es-define-property': [ '1.0.1' ],
64 silly audit   'es-errors': [ '1.3.0' ],
64 silly audit   'es-iterator-helpers': [ '1.3.2' ],
64 silly audit   'es-object-atoms': [ '1.1.1' ],
64 silly audit   'es-set-tostringtag': [ '2.1.0' ],
64 silly audit   'es-shim-unscopables': [ '1.1.0' ],
64 silly audit   'es-to-primitive': [ '1.3.0' ],
64 silly audit   esbuild: [ '0.27.7' ],
64 silly audit   escalade: [ '3.2.0' ],
64 silly audit   'escape-string-regexp': [ '4.0.0' ],
64 silly audit   eslint: [ '8.57.1' ],
64 silly audit   'eslint-config-next': [ '15.5.15' ],
64 silly audit   'eslint-import-resolver-node': [ '0.3.10' ],
64 silly audit   'eslint-import-resolver-typescript': [ '3.10.1' ],
64 silly audit   'eslint-module-utils': [ '2.12.1' ],
64 silly audit   'eslint-plugin-import': [ '2.32.0' ],
64 silly audit   semver: [ '6.3.1', '7.7.4' ],
64 silly audit   'eslint-plugin-jsx-a11y': [ '6.10.2' ],
64 silly audit   'eslint-plugin-react': [ '7.37.5' ],
64 silly audit   'eslint-plugin-react-hooks': [ '5.2.0' ],
64 silly audit   'eslint-scope': [ '7.2.2' ],
64 silly audit   espree: [ '9.6.1' ],
64 silly audit   esquery: [ '1.7.0' ],
64 silly audit   esrecurse: [ '4.3.0' ],
64 silly audit   estraverse: [ '5.3.0' ],
64 silly audit   esutils: [ '2.0.3' ],
64 silly audit   'fast-deep-equal': [ '3.1.3' ],
64 silly audit   'fast-glob': [ '3.3.1', '3.3.3' ],
64 silly audit   'fast-json-stable-stringify': [ '2.1.0' ],
64 silly audit   'fast-levenshtein': [ '2.0.6' ],
64 silly audit   fastq: [ '1.20.1' ],
64 silly audit   'file-entry-cache': [ '6.0.1' ],
64 silly audit   'fill-range': [ '7.1.1' ],
64 silly audit   'find-up': [ '5.0.0' ],
64 silly audit   'flat-cache': [ '3.2.0' ],
64 silly audit   flatted: [ '3.4.2' ],
64 silly audit   'for-each': [ '0.3.5' ],
64 silly audit   'fraction.js': [ '5.3.4' ],
64 silly audit   'fs.realpath': [ '1.0.0' ],
64 silly audit   fsevents: [ '2.3.3' ],
64 silly audit   'function-bind': [ '1.1.2' ],
64 silly audit   'function.prototype.name': [ '1.1.8' ],
64 silly audit   'functions-have-names': [ '1.2.3' ],
64 silly audit   'generator-function': [ '2.0.1' ],
64 silly audit   'get-intrinsic': [ '1.3.0' ],
64 silly audit   'get-proto': [ '1.0.1' ],
64 silly audit   'get-symbol-description': [ '1.1.0' ],
64 silly audit   'get-tsconfig': [ '4.14.0' ],
64 silly audit   glob: [ '7.2.3' ],
64 silly audit   globals: [ '13.24.0' ],
64 silly audit   globalthis: [ '1.0.4' ],
64 silly audit   gopd: [ '1.2.0' ],
64 silly audit   'graceful-fs': [ '4.2.11' ],
64 silly audit   graphemer: [ '1.4.0' ],
64 silly audit   'has-bigints': [ '1.1.0' ],
64 silly audit   'has-flag': [ '4.0.0' ],
64 silly audit   'has-property-descriptors': [ '1.0.2' ],
64 silly audit   'has-proto': [ '1.2.0' ],
64 silly audit   'has-symbols': [ '1.1.0' ],
64 silly audit   'has-tostringtag': [ '1.0.2' ],
64 silly audit   hasown: [ '2.0.2' ],
64 silly audit   'import-fresh': [ '3.3.1' ],
64 silly audit   imurmurhash: [ '0.1.4' ],
64 silly audit   inflight: [ '1.0.6' ],
64 silly audit   inherits: [ '2.0.4' ],
64 silly audit   'internal-slot': [ '1.1.0' ],
64 silly audit   'is-array-buffer': [ '3.0.5' ],
64 silly audit   'is-async-function': [ '2.1.1' ],
64 silly audit   'is-bigint': [ '1.1.0' ],
64 silly audit   'is-binary-path': [ '2.1.0' ],
64 silly audit   'is-boolean-object': [ '1.2.2' ],
64 silly audit   'is-bun-module': [ '2.0.0' ],
64 silly audit   'is-callable': [ '1.2.7' ],
64 silly audit   'is-core-module': [ '2.16.1' ],
64 silly audit   'is-data-view': [ '1.0.2' ],
64 silly audit   'is-date-object': [ '1.1.0' ],
64 silly audit   'is-extglob': [ '2.1.1' ],
64 silly audit   'is-finalizationregistry': [ '1.1.1' ],
64 silly audit   'is-generator-function': [ '1.1.2' ],
64 silly audit   'is-glob': [ '4.0.3' ],
64 silly audit   'is-map': [ '2.0.3' ],
64 silly audit   'is-negative-zero': [ '2.0.3' ],
64 silly audit   'is-number': [ '7.0.0' ],
64 silly audit   'is-number-object': [ '1.1.1' ],
64 silly audit   'is-path-inside': [ '3.0.3' ],
64 silly audit   'is-regex': [ '1.2.1' ],
64 silly audit   'is-set': [ '2.0.3' ],
64 silly audit   'is-shared-array-buffer': [ '1.0.4' ],
64 silly audit   'is-string': [ '1.1.1' ],
64 silly audit   'is-symbol': [ '1.1.1' ],
64 silly audit   'is-typed-array': [ '1.1.15' ],
64 silly audit   'is-weakmap': [ '2.0.2' ],
64 silly audit   'is-weakref': [ '1.1.1' ],
64 silly audit   'is-weakset': [ '2.0.4' ],
64 silly audit   isarray: [ '2.0.5' ],
64 silly audit   isexe: [ '2.0.0' ],
64 silly audit   'iterator.prototype': [ '1.1.5' ],
64 silly audit   jiti: [ '1.21.7' ],
64 silly audit   jose: [ '6.2.2', '4.15.9' ],
64 silly audit   'js-tokens': [ '4.0.0' ],
64 silly audit   'js-yaml': [ '4.1.1' ],
64 silly audit   'json-buffer': [ '3.0.1' ],
64 silly audit   'json-schema-traverse': [ '0.4.1' ],
64 silly audit   'json-stable-stringify-without-jsonify': [ '1.0.1' ],
64 silly audit   jsonwebtoken: [ '9.0.3' ],
64 silly audit   'jsx-ast-utils': [ '3.3.5' ],
64 silly audit   jwa: [ '2.0.1' ],
64 silly audit   jws: [ '4.0.1' ],
64 silly audit   keyv: [ '4.5.4' ],
64 silly audit   'language-subtag-registry': [ '0.3.23' ],
64 silly audit   'language-tags': [ '1.0.9' ],
64 silly audit   levn: [ '0.4.1' ],
64 silly audit   lilconfig: [ '3.1.3' ],
64 silly audit   'lines-and-columns': [ '1.2.4' ],
64 silly audit   'locate-path': [ '6.0.0' ],
64 silly audit   'lodash.includes': [ '4.3.0' ],
64 silly audit   'lodash.isboolean': [ '3.0.3' ],
64 silly audit   'lodash.isinteger': [ '4.0.4' ],
64 silly audit   'lodash.isnumber': [ '3.0.3' ],
64 silly audit   'lodash.isplainobject': [ '4.0.6' ],
64 silly audit   'lodash.isstring': [ '4.0.1' ],
64 silly audit   'lodash.merge': [ '4.6.2' ],
64 silly audit   'lodash.once': [ '4.1.1' ],
64 silly audit   'loose-envify': [ '1.4.0' ],
64 silly audit   'lru-cache': [ '6.0.0' ],
64 silly audit   'math-intrinsics': [ '1.1.0' ],
64 silly audit   merge2: [ '1.4.1' ],
64 silly audit   micromatch: [ '4.0.8' ],
64 silly audit   minimist: [ '1.2.8' ],
64 silly audit   ms: [ '2.1.3' ],
64 silly audit   mz: [ '2.7.0' ],
64 silly audit   nanoid: [ '3.3.11' ],
64 silly audit   'napi-postinstall': [ '0.3.4' ],
64 silly audit   'natural-compare': [ '1.4.0' ],
64 silly audit   next: [ '14.2.35' ],
64 silly audit   'next-auth': [ '4.24.14' ],
64 silly audit   postcss: [ '8.4.31', '8.5.9' ],
64 silly audit   'node-exports-info': [ '1.6.0' ],
64 silly audit   'node-releases': [ '2.0.37' ],
64 silly audit   nodemailer: [ '7.0.13' ],
64 silly audit   'normalize-path': [ '3.0.0' ],
64 silly audit   oauth: [ '0.9.15' ],
64 silly audit   'object-assign': [ '4.1.1' ],
64 silly audit   'object-hash': [ '2.2.0', '3.0.0' ],
64 silly audit   'object-inspect': [ '1.13.4' ],
64 silly audit   'object-keys': [ '1.1.1' ],
64 silly audit   'object.assign': [ '4.1.7' ],
64 silly audit   'object.entries': [ '1.1.9' ],
64 silly audit   'object.fromentries': [ '2.0.8' ],
64 silly audit   'object.groupby': [ '1.0.3' ],
64 silly audit   'object.values': [ '1.2.1' ],
64 silly audit   'oidc-token-hash': [ '5.2.0' ],
64 silly audit   once: [ '1.4.0' ],
64 silly audit   'openid-client': [ '5.7.1' ],
64 silly audit   optionator: [ '0.9.4' ],
64 silly audit   'own-keys': [ '1.0.1' ],
64 silly audit   'p-limit': [ '3.1.0' ],
64 silly audit   'p-locate': [ '5.0.0' ],
64 silly audit   'parent-module': [ '1.0.1' ],
64 silly audit   'path-exists': [ '4.0.0' ],
64 silly audit   'path-is-absolute': [ '1.0.1' ],
64 silly audit   'path-key': [ '3.1.1' ],
64 silly audit   'path-parse': [ '1.0.7' ],
64 silly audit   pg: [ '8.20.0' ],
64 silly audit   'pg-cloudflare': [ '1.3.0' ],
64 silly audit   'pg-connection-string': [ '2.12.0' ],
64 silly audit   'pg-int8': [ '1.0.1' ],
64 silly audit   'pg-pool': [ '3.13.0' ],
64 silly audit   'pg-protocol': [ '1.13.0' ],
64 silly audit   'pg-types': [ '2.2.0' ],
64 silly audit   pgpass: [ '1.0.5' ],
64 silly audit   picocolors: [ '1.1.1' ],
64 silly audit   picomatch: [ '2.3.2', '4.0.4' ],
64 silly audit   pify: [ '2.3.0' ],
64 silly audit   pirates: [ '4.0.7' ],
64 silly audit   'possible-typed-array-names': [ '1.1.0' ],
64 silly audit   'postcss-import': [ '15.1.0' ],
64 silly audit   resolve: [ '1.22.12', '2.0.0-next.6' ],
64 silly audit   'postcss-js': [ '4.1.0' ],
64 silly audit   'postcss-nested': [ '6.2.0' ],
64 silly audit   'postcss-selector-parser': [ '6.1.2' ],
64 silly audit   'postcss-value-parser': [ '4.2.0' ],
64 silly audit   'postgres-array': [ '2.0.0' ],
64 silly audit   'postgres-bytea': [ '1.0.1' ],
64 silly audit   'postgres-date': [ '1.0.7' ],
64 silly audit   'postgres-interval': [ '1.2.0' ],
64 silly audit   preact: [ '10.29.1' ],
64 silly audit   'preact-render-to-string': [ '5.2.6' ],
64 silly audit   'prelude-ls': [ '1.2.1' ],
64 silly audit   'pretty-format': [ '3.8.0' ],
64 silly audit   'prop-types': [ '15.8.1' ],
64 silly audit   punycode: [ '2.3.1' ],
64 silly audit   'queue-microtask': [ '1.2.3' ],
64 silly audit   react: [ '18.3.1' ],
64 silly audit   'react-dom': [ '18.3.1' ],
64 silly audit   'react-is': [ '16.13.1' ],
64 silly audit   'read-cache': [ '1.0.0' ],
64 silly audit   readdirp: [ '3.6.0' ],
64 silly audit   'reflect.getprototypeof': [ '1.0.10' ],
64 silly audit   'regexp.prototype.flags': [ '1.5.4' ],
64 silly audit   'resolve-from': [ '4.0.0' ],
64 silly audit   'resolve-pkg-maps': [ '1.0.0' ],
64 silly audit   reusify: [ '1.1.0' ],
64 silly audit   rimraf: [ '3.0.2' ],
64 silly audit   'run-parallel': [ '1.2.0' ],
64 silly audit   'safe-array-concat': [ '1.1.3' ],
64 silly audit   'safe-buffer': [ '5.2.1' ],
64 silly audit   'safe-push-apply': [ '1.0.0' ],
64 silly audit   'safe-regex-test': [ '1.1.0' ],
64 silly audit   scheduler: [ '0.23.2' ],
64 silly audit   'set-function-length': [ '1.2.2' ],
64 silly audit   'set-function-name': [ '2.0.2' ],
64 silly audit   'set-proto': [ '1.0.0' ],
64 silly audit   'shebang-command': [ '2.0.0' ],
64 silly audit   'shebang-regex': [ '3.0.0' ],
64 silly audit   'side-channel': [ '1.1.0' ],
64 silly audit   'side-channel-list': [ '1.0.1' ],
64 silly audit   'side-channel-map': [ '1.0.1' ],
64 silly audit   'side-channel-weakmap': [ '1.0.2' ],
64 silly audit   'source-map-js': [ '1.2.1' ],
64 silly audit   split2: [ '4.2.0' ],
64 silly audit   'stable-hash': [ '0.0.5' ],
64 silly audit   'stop-iteration-iterator': [ '1.1.0' ],
64 silly audit   streamsearch: [ '1.1.0' ],
64 silly audit   'string.prototype.includes': [ '2.0.1' ],
64 silly audit   'string.prototype.matchall': [ '4.0.12' ],
64 silly audit   'string.prototype.repeat': [ '1.0.0' ],
64 silly audit   'string.prototype.trim': [ '1.2.10' ],
64 silly audit   'string.prototype.trimend': [ '1.0.9' ],
64 silly audit   'string.prototype.trimstart': [ '1.0.8' ],
64 silly audit   'strip-ansi': [ '6.0.1' ],
64 silly audit   'strip-bom': [ '3.0.0' ],
64 silly audit   'strip-json-comments': [ '3.1.1' ],
64 silly audit   'styled-jsx': [ '5.1.1' ],
64 silly audit   sucrase: [ '3.35.1' ],
64 silly audit   'supports-color': [ '7.2.0' ],
64 silly audit   'supports-preserve-symlinks-flag': [ '1.0.0' ],
64 silly audit   tailwindcss: [ '3.4.17' ],
64 silly audit   'postcss-load-config': [ '4.0.2' ],
64 silly audit   'text-table': [ '0.2.0' ],
64 silly audit   thenify: [ '3.3.1' ],
64 silly audit   'thenify-all': [ '1.6.0' ],
64 silly audit   tinyglobby: [ '0.2.16' ],
64 silly audit   fdir: [ '6.5.0' ],
64 silly audit   'to-regex-range': [ '5.0.1' ],
64 silly audit   'ts-api-utils': [ '2.5.0' ],
64 silly audit   'ts-interface-checker': [ '0.1.13' ],
64 silly audit   'tsconfig-paths': [ '3.15.0' ],
64 silly audit   json5: [ '1.0.2' ],
64 silly audit   tslib: [ '2.8.1' ],
64 silly audit   tsx: [ '4.21.0' ],
64 silly audit   'type-check': [ '0.4.0' ],
64 silly audit   'type-fest': [ '0.20.2' ],
64 silly audit   'typed-array-buffer': [ '1.0.3' ],
64 silly audit   'typed-array-byte-length': [ '1.0.3' ],
64 silly audit   'typed-array-byte-offset': [ '1.0.4' ],
64 silly audit   'typed-array-length': [ '1.0.7' ],
64 silly audit   typescript: [ '5.9.3' ],
64 silly audit   'unbox-primitive': [ '1.1.0' ],
64 silly audit   'undici-types': [ '7.16.0' ],
64 silly audit   'unrs-resolver': [ '1.11.1' ],
64 silly audit   'update-browserslist-db': [ '1.2.3' ],
64 silly audit   'uri-js': [ '4.4.1' ],
64 silly audit   'util-deprecate': [ '1.0.2' ],
64 silly audit   uuid: [ '8.3.2' ],
64 silly audit   which: [ '2.0.2' ],
64 silly audit   'which-boxed-primitive': [ '1.1.1' ],
64 silly audit   'which-builtin-type': [ '1.2.1' ],
64 silly audit   'which-collection': [ '1.0.2' ],
64 silly audit   'which-typed-array': [ '1.1.20' ],
64 silly audit   'word-wrap': [ '1.2.5' ],
64 silly audit   wrappy: [ '1.0.2' ],
64 silly audit   xtend: [ '4.0.2' ],
64 silly audit   yallist: [ '4.0.0' ],
64 silly audit   yaml: [ '2.8.3' ],
64 silly audit   'yocto-queue': [ '0.1.0' ],
64 silly audit   zod: [ '4.3.6' ],
64 silly audit   xlsx: [ '0.18.5' ],
64 silly audit   'adler-32': [ '1.3.1' ],
64 silly audit   cfb: [ '1.2.2' ],
64 silly audit   codepage: [ '1.15.0' ],
64 silly audit   'crc-32': [ '1.2.2' ],
64 silly audit   ssf: [ '0.11.2' ],
64 silly audit   wmf: [ '1.0.2' ],
64 silly audit   word: [ '0.3.0' ],
64 silly audit   frac: [ '1.1.2' ]
64 silly audit }
65 http cache frac@https://registry.npmjs.org/frac/-/frac-1.1.2.tgz 0ms (cache hit)
66 http cache wmf@https://registry.npmjs.org/wmf/-/wmf-1.0.2.tgz 0ms (cache hit)
67 http cache word@https://registry.npmjs.org/word/-/word-0.3.0.tgz 0ms (cache hit)
68 http cache crc-32@https://registry.npmjs.org/crc-32/-/crc-32-1.2.2.tgz 0ms (cache hit)
69 http cache ssf@https://registry.npmjs.org/ssf/-/ssf-0.11.2.tgz 0ms (cache hit)
70 http cache codepage@https://registry.npmjs.org/codepage/-/codepage-1.15.0.tgz 0ms (cache hit)
71 silly tarball no local data for frac@https://registry.npmjs.org/frac/-/frac-1.1.2.tgz. Extracting by manifest.
72 silly tarball no local data for wmf@https://registry.npmjs.org/wmf/-/wmf-1.0.2.tgz. Extracting by manifest.
73 silly tarball no local data for word@https://registry.npmjs.org/word/-/word-0.3.0.tgz. Extracting by manifest.
74 silly tarball no local data for crc-32@https://registry.npmjs.org/crc-32/-/crc-32-1.2.2.tgz. Extracting by manifest.
75 silly tarball no local data for ssf@https://registry.npmjs.org/ssf/-/ssf-0.11.2.tgz. Extracting by manifest.
76 silly tarball no local data for codepage@https://registry.npmjs.org/codepage/-/codepage-1.15.0.tgz. Extracting by manifest.
77 http cache cfb@https://registry.npmjs.org/cfb/-/cfb-1.2.2.tgz 1ms (cache hit)
78 http cache adler-32@https://registry.npmjs.org/adler-32/-/adler-32-1.3.1.tgz 1ms (cache hit)
79 http cache xlsx@https://registry.npmjs.org/xlsx/-/xlsx-0.18.5.tgz 0ms (cache hit)
80 silly tarball no local data for cfb@https://registry.npmjs.org/cfb/-/cfb-1.2.2.tgz. Extracting by manifest.
81 silly tarball no local data for adler-32@https://registry.npmjs.org/adler-32/-/adler-32-1.3.1.tgz. Extracting by manifest.
82 silly tarball no local data for xlsx@https://registry.npmjs.org/xlsx/-/xlsx-0.18.5.tgz. Extracting by manifest.
83 http fetch GET 200 https://registry.npmjs.org/frac/-/frac-1.1.2.tgz 289ms (cache miss)
84 http fetch GET 200 https://registry.npmjs.org/word/-/word-0.3.0.tgz 300ms (cache miss)
85 http fetch POST 200 https://registry.npmjs.org/-/npm/v1/security/advisories/bulk 377ms
86 silly audit report {
86 silly audit report   next: [
86 silly audit report     {
86 silly audit report       id: 1112593,
86 silly audit report       url: 'https://github.com/advisories/GHSA-9g9p-9gw9-jx7f',
86 silly audit report       title: 'Next.js self-hosted applications vulnerable to DoS via Image Optimizer remotePatterns configuration',
86 silly audit report       severity: 'moderate',
86 silly audit report       vulnerable_versions: '>=10.0.0 <15.5.10',
86 silly audit report       cwe: [Array],
86 silly audit report       cvss: [Object]
86 silly audit report     },
86 silly audit report     {
86 silly audit report       id: 1112653,
86 silly audit report       url: 'https://github.com/advisories/GHSA-h25m-26qc-wcjf',
86 silly audit report       title: 'Next.js HTTP request deserialization can lead to DoS when using insecure React Server Components',
86 silly audit report       severity: 'high',
86 silly audit report       vulnerable_versions: '>=13.0.0 <15.0.8',
86 silly audit report       cwe: [Array],
86 silly audit report       cvss: [Object]
86 silly audit report     },
86 silly audit report     {
86 silly audit report       id: 1114897,
86 silly audit report       url: 'https://github.com/advisories/GHSA-ggv3-7p47-pfv8',
86 silly audit report       title: 'Next.js: HTTP request smuggling in rewrites',
86 silly audit report       severity: 'moderate',
86 silly audit report       vulnerable_versions: '>=9.5.0 <15.5.13',
86 silly audit report       cwe: [Array],
86 silly audit report       cvss: [Object]
86 silly audit report     },
86 silly audit report     {
86 silly audit report       id: 1114940,
86 silly audit report       url: 'https://github.com/advisories/GHSA-3x4c-7xq6-9pq8',
86 silly audit report       title: 'Next.js: Unbounded next/image disk cache growth can exhaust storage',
86 silly audit report       severity: 'moderate',
86 silly audit report       vulnerable_versions: '>=10.0.0 <15.5.14',
86 silly audit report       cwe: [Array],
86 silly audit report       cvss: [Object]
86 silly audit report     },
86 silly audit report     {
86 silly audit report       id: 1116376,
86 silly audit report       url: 'https://github.com/advisories/GHSA-q4gf-8mx6-v5v3',
86 silly audit report       title: 'Next.js has a Denial of Service with Server Components',
86 silly audit report       severity: 'high',
86 silly audit report       vulnerable_versions: '>=13.0.0 <15.5.15',
86 silly audit report       cwe: [Array],
86 silly audit report       cvss: [Object]
86 silly audit report     }
86 silly audit report   ],
86 silly audit report   nodemailer: [
86 silly audit report     {
86 silly audit report       id: 1115470,
86 silly audit report       url: 'https://github.com/advisories/GHSA-c7w3-x93f-qmm8',
86 silly audit report       title: 'Nodemailer has SMTP command injection due to unsanitized `envelope.size` parameter',
86 silly audit report       severity: 'low',
86 silly audit report       vulnerable_versions: '<8.0.4',
86 silly audit report       cwe: [Array],
86 silly audit report       cvss: [Object]
86 silly audit report     },
86 silly audit report     {
86 silly audit report       id: 1116270,
86 silly audit report       url: 'https://github.com/advisories/GHSA-vvjj-xcjg-gr5g',
86 silly audit report       title: 'Nodemailer Vulnerable to SMTP Command Injection via CRLF in Transport name Option (EHLO/HELO) ',
86 silly audit report       severity: 'moderate',
86 silly audit report       vulnerable_versions: '<=8.0.4',
86 silly audit report       cwe: [Array],
86 silly audit report       cvss: [Object]
86 silly audit report     }
86 silly audit report   ],
86 silly audit report   xlsx: [
86 silly audit report     {
86 silly audit report       id: 1108110,
86 silly audit report       url: 'https://github.com/advisories/GHSA-4r6h-8v6p-xvw6',
86 silly audit report       title: 'Prototype Pollution in sheetJS',
86 silly audit report       severity: 'high',
86 silly audit report       vulnerable_versions: '<0.19.3',
86 silly audit report       cwe: [Array],
86 silly audit report       cvss: [Object]
86 silly audit report     },
86 silly audit report     {
86 silly audit report       id: 1108111,
86 silly audit report       url: 'https://github.com/advisories/GHSA-5pgg-2g8v-p4x9',
86 silly audit report       title: 'SheetJS Regular Expression Denial of Service (ReDoS)',
86 silly audit report       severity: 'high',
86 silly audit report       vulnerable_versions: '<0.20.2',
86 silly audit report       cwe: [Array],
86 silly audit report       cvss: [Object]
86 silly audit report     }
86 silly audit report   ]
86 silly audit report }
87 silly packumentCache corgi:https://registry.npmjs.org/next cache-miss
88 silly packumentCache corgi:https://registry.npmjs.org/nodemailer cache-miss
89 silly packumentCache corgi:https://registry.npmjs.org/xlsx cache-miss
90 http fetch GET 200 https://registry.npmjs.org/crc-32/-/crc-32-1.2.2.tgz 442ms (cache miss)
91 http fetch GET 200 https://registry.npmjs.org/ssf/-/ssf-0.11.2.tgz 450ms (cache miss)
92 http fetch GET 200 https://registry.npmjs.org/adler-32/-/adler-32-1.3.1.tgz 528ms (cache miss)
93 http fetch GET 200 https://registry.npmjs.org/wmf/-/wmf-1.0.2.tgz 610ms (cache miss)
94 http fetch GET 200 https://registry.npmjs.org/next 637ms (cache revalidated)
95 silly packumentCache corgi:https://registry.npmjs.org/next set size:24722204 disposed:false
96 http fetch GET 200 https://registry.npmjs.org/xlsx 3289ms (cache miss)
97 silly packumentCache corgi:https://registry.npmjs.org/xlsx set size:undefined disposed:false
98 http fetch GET 200 https://registry.npmjs.org/nodemailer 3336ms (cache revalidated)
99 silly packumentCache corgi:https://registry.npmjs.org/nodemailer set size:309772 disposed:false
100 silly packumentCache corgi:https://registry.npmjs.org/next-auth cache-miss
101 http fetch GET 200 https://registry.npmjs.org/cfb/-/cfb-1.2.2.tgz 3914ms (cache miss)
102 http fetch GET 200 https://registry.npmjs.org/next-auth 279ms (cache revalidated)
103 silly packumentCache corgi:https://registry.npmjs.org/next-auth set size:1814253 disposed:false
104 http fetch GET 200 https://registry.npmjs.org/xlsx/-/xlsx-0.18.5.tgz 4921ms (cache miss)
105 http fetch GET 200 https://registry.npmjs.org/codepage/-/codepage-1.15.0.tgz 5338ms (cache miss)
106 silly ADD node_modules/frac
107 silly ADD node_modules/word
108 silly ADD node_modules/wmf
109 silly ADD node_modules/ssf
110 silly ADD node_modules/crc-32
111 silly ADD node_modules/codepage
112 silly ADD node_modules/cfb
113 silly ADD node_modules/adler-32
114 silly ADD node_modules/xlsx
115 verbose cwd /Users/mucellabilican/myfrAIm
116 verbose os Darwin 24.6.0
117 verbose node v24.14.1
118 verbose npm  v11.11.0
119 verbose exit 0
120 info ok
