0 verbose cli /usr/local/bin/node /usr/local/bin/npm
1 info using npm@11.11.0
2 info using node@v24.14.1
3 silly config load:file:/usr/local/lib/node_modules/npm/npmrc
4 silly config load:file:/Users/mucellabilican/myfrAIm/.npmrc
5 silly config load:file:/Users/mucellabilican/.npmrc
6 silly config load:file:/usr/local/etc/npmrc
7 verbose title npm install eslint@8.57.1
8 verbose argv "install" "--save-dev" "eslint@8.57.1"
9 verbose logfile logs-max:10 dir:/Users/mucellabilican/myfrAIm/.npm-cache/_logs/2026-04-15T10_16_38_952Z-
10 verbose logfile /Users/mucellabilican/myfrAIm/.npm-cache/_logs/2026-04-15T10_16_38_952Z-debug-0.log
11 silly logfile done cleaning log files
12 silly packumentCache heap:2348810240 maxSize:587202560 maxEntrySize:293601280
13 silly idealTree buildDeps
14 silly fetch manifest eslint@8.57.1
15 silly packumentCache full:https://registry.npmjs.org/eslint cache-miss
16 http cache https://registry.npmjs.org/eslint 172ms (cache hit)
17 silly packumentCache full:https://registry.npmjs.org/eslint set size:1976900 disposed:false
18 silly placeDep ROOT eslint@8.57.1 REPLACE for: myfraim@0.1.0 want: 8.57.1
19 silly fetch manifest ajv@^6.12.4
20 silly packumentCache full:https://registry.npmjs.org/ajv cache-miss
21 silly fetch manifest espree@^9.6.1
22 silly packumentCache full:https://registry.npmjs.org/espree cache-miss
23 silly fetch manifest globals@^13.19.0
24 silly packumentCache full:https://registry.npmjs.org/globals cache-miss
25 silly fetch manifest js-yaml@^4.1.0
26 silly packumentCache full:https://registry.npmjs.org/js-yaml cache-miss
27 silly fetch manifest doctrine@^3.0.0
28 silly packumentCache full:https://registry.npmjs.org/doctrine cache-miss
29 silly fetch manifest graphemer@^1.4.0
30 silly packumentCache full:https://registry.npmjs.org/graphemer cache-miss
31 silly fetch manifest @eslint/js@8.57.1
32 silly packumentCache full:https://registry.npmjs.org/@eslint%2fjs cache-miss
33 http cache https://registry.npmjs.org/espree 93ms (cache hit)
34 silly packumentCache full:https://registry.npmjs.org/espree set size:326080 disposed:false
35 silly fetch manifest strip-ansi@^6.0.1
36 silly packumentCache full:https://registry.npmjs.org/strip-ansi cache-miss
37 http cache https://registry.npmjs.org/doctrine 104ms (cache hit)
38 silly packumentCache full:https://registry.npmjs.org/doctrine set size:64052 disposed:false
39 silly fetch manifest text-table@^0.2.0
40 silly packumentCache full:https://registry.npmjs.org/text-table cache-miss
41 http cache https://registry.npmjs.org/ajv 120ms (cache hit)
42 silly packumentCache full:https://registry.npmjs.org/ajv set size:1120197 disposed:false
43 silly fetch manifest eslint-scope@^7.2.2
44 silly packumentCache full:https://registry.npmjs.org/eslint-scope cache-miss
45 http cache https://registry.npmjs.org/globals 153ms (cache hit)
46 silly packumentCache full:https://registry.npmjs.org/globals set size:312297 disposed:false
47 silly fetch manifest is-path-inside@^3.0.3
48 silly packumentCache full:https://registry.npmjs.org/is-path-inside cache-miss
49 http cache https://registry.npmjs.org/@eslint%2fjs 166ms (cache hit)
50 silly packumentCache full:https://registry.npmjs.org/@eslint%2fjs set size:140022 disposed:false
51 silly fetch manifest fast-deep-equal@^3.1.3
52 silly packumentCache full:https://registry.npmjs.org/fast-deep-equal cache-miss
53 http cache https://registry.npmjs.org/js-yaml 176ms (cache hit)
54 silly packumentCache full:https://registry.npmjs.org/js-yaml set size:152232 disposed:false
55 silly fetch manifest @eslint/eslintrc@^2.1.4
56 silly packumentCache full:https://registry.npmjs.org/@eslint%2feslintrc cache-miss
57 http cache https://registry.npmjs.org/eslint-scope 177ms (cache hit)
58 silly packumentCache full:https://registry.npmjs.org/eslint-scope set size:98867 disposed:false
59 silly fetch manifest file-entry-cache@^6.0.1
60 silly packumentCache full:https://registry.npmjs.org/file-entry-cache cache-miss
61 http cache https://registry.npmjs.org/@eslint%2feslintrc 147ms (cache hit)
62 silly packumentCache full:https://registry.npmjs.org/@eslint%2feslintrc set size:168674 disposed:false
63 silly fetch manifest @ungap/structured-clone@^1.2.0
64 silly packumentCache full:https://registry.npmjs.org/@ungap%2fstructured-clone cache-miss
65 http cache https://registry.npmjs.org/fast-deep-equal 161ms (cache hit)
66 silly packumentCache full:https://registry.npmjs.org/fast-deep-equal set size:48634 disposed:false
67 silly fetch manifest @humanwhocodes/config-array@^0.13.0
68 silly packumentCache full:https://registry.npmjs.org/@humanwhocodes%2fconfig-array cache-miss
69 http cache https://registry.npmjs.org/file-entry-cache 59ms (cache hit)
70 silly packumentCache full:https://registry.npmjs.org/file-entry-cache set size:151480 disposed:false
71 http fetch GET 200 https://registry.npmjs.org/text-table 439ms (cache miss)
72 silly packumentCache full:https://registry.npmjs.org/text-table set size:undefined disposed:false
73 http fetch GET 200 https://registry.npmjs.org/is-path-inside 386ms (cache miss)
74 silly packumentCache full:https://registry.npmjs.org/is-path-inside set size:undefined disposed:false
75 http fetch GET 200 https://registry.npmjs.org/strip-ansi 476ms (cache miss)
76 silly packumentCache full:https://registry.npmjs.org/strip-ansi set size:undefined disposed:false
77 http fetch GET 200 https://registry.npmjs.org/@humanwhocodes%2fconfig-array 310ms (cache miss)
78 silly packumentCache full:https://registry.npmjs.org/@humanwhocodes%2fconfig-array set size:undefined disposed:false
79 http fetch GET 200 https://registry.npmjs.org/@ungap%2fstructured-clone 458ms (cache miss)
80 silly packumentCache full:https://registry.npmjs.org/@ungap%2fstructured-clone set size:undefined disposed:false
81 http fetch GET 200 https://registry.npmjs.org/graphemer 984ms (cache miss)
82 silly packumentCache full:https://registry.npmjs.org/graphemer set size:undefined disposed:false
83 silly placeDep ROOT @eslint/eslintrc@2.1.4 OK for: eslint@8.57.1 want: ^2.1.4
84 silly placeDep ROOT @eslint/js@8.57.1 OK for: eslint@8.57.1 want: 8.57.1
85 silly placeDep ROOT @humanwhocodes/config-array@0.13.0 OK for: eslint@8.57.1 want: ^0.13.0
86 silly placeDep ROOT @ungap/structured-clone@1.3.0 OK for: eslint@8.57.1 want: ^1.2.0
87 silly placeDep ROOT ajv@6.14.0 OK for: eslint@8.57.1 want: ^6.12.4
88 silly placeDep node_modules/eslint doctrine@3.0.0 OK for: eslint@8.57.1 want: ^3.0.0
89 silly placeDep ROOT eslint-scope@7.2.2 OK for: eslint@8.57.1 want: ^7.2.2
90 silly placeDep ROOT espree@9.6.1 OK for: eslint@8.57.1 want: ^9.6.1
91 silly placeDep ROOT fast-deep-equal@3.1.3 OK for: eslint@8.57.1 want: ^3.1.3
92 silly placeDep ROOT file-entry-cache@6.0.1 OK for: eslint@8.57.1 want: ^6.0.1
93 silly placeDep ROOT globals@13.24.0 OK for: eslint@8.57.1 want: ^13.19.0
94 silly placeDep ROOT graphemer@1.4.0 OK for: eslint@8.57.1 want: ^1.4.0
95 silly placeDep ROOT is-path-inside@3.0.3 OK for: eslint@8.57.1 want: ^3.0.3
96 silly placeDep ROOT js-yaml@4.1.1 OK for: eslint@8.57.1 want: ^4.1.0
97 silly placeDep ROOT strip-ansi@6.0.1 OK for: eslint@8.57.1 want: ^6.0.1
98 silly placeDep ROOT text-table@0.2.0 OK for: eslint@8.57.1 want: ^0.2.0
99 silly fetch manifest espree@^9.6.0
100 silly packumentCache full:https://registry.npmjs.org/espree cache-hit
101 silly fetch manifest ignore@^5.2.0
102 silly packumentCache full:https://registry.npmjs.org/ignore cache-miss
103 silly fetch manifest minimatch@^3.1.2
104 silly packumentCache full:https://registry.npmjs.org/minimatch cache-miss
105 silly fetch manifest import-fresh@^3.2.1
106 silly packumentCache full:https://registry.npmjs.org/import-fresh cache-miss
107 silly fetch manifest strip-json-comments@^3.1.1
108 silly packumentCache full:https://registry.npmjs.org/strip-json-comments cache-miss
109 silly fetch manifest minimatch@^3.0.5
110 silly packumentCache full:https://registry.npmjs.org/minimatch cache-miss
111 silly fetch manifest @humanwhocodes/object-schema@^2.0.3
112 silly packumentCache full:https://registry.npmjs.org/@humanwhocodes%2fobject-schema cache-miss
113 silly fetch manifest fast-deep-equal@^3.1.1
114 silly packumentCache full:https://registry.npmjs.org/fast-deep-equal cache-hit
115 silly fetch manifest fast-json-stable-stringify@^2.0.0
116 silly packumentCache full:https://registry.npmjs.org/fast-json-stable-stringify cache-miss
117 http cache https://registry.npmjs.org/minimatch 52ms (cache hit)
118 silly packumentCache full:https://registry.npmjs.org/minimatch set size:375282 disposed:false
119 silly fetch manifest json-schema-traverse@^0.4.1
120 silly packumentCache full:https://registry.npmjs.org/json-schema-traverse cache-miss
121 http cache https://registry.npmjs.org/minimatch 54ms (cache hit)
122 silly packumentCache full:https://registry.npmjs.org/minimatch set size:375282 disposed:false
123 silly packumentCache full:https://registry.npmjs.org/minimatch dispose
124 silly fetch manifest uri-js@^4.2.2
125 silly packumentCache full:https://registry.npmjs.org/uri-js cache-miss
126 http cache https://registry.npmjs.org/ignore 74ms (cache hit)
127 silly packumentCache full:https://registry.npmjs.org/ignore set size:237380 disposed:false
128 silly fetch manifest esrecurse@^4.3.0
129 silly packumentCache full:https://registry.npmjs.org/esrecurse cache-miss
130 http cache https://registry.npmjs.org/import-fresh 91ms (cache hit)
131 silly packumentCache full:https://registry.npmjs.org/import-fresh set size:24604 disposed:false
132 silly fetch manifest acorn@^8.9.0
133 silly packumentCache full:https://registry.npmjs.org/acorn cache-miss
134 http cache https://registry.npmjs.org/strip-json-comments 85ms (cache hit)
135 silly packumentCache full:https://registry.npmjs.org/strip-json-comments set size:43569 disposed:false
136 silly fetch manifest acorn-jsx@^5.3.2
137 silly packumentCache full:https://registry.npmjs.org/acorn-jsx cache-miss
138 http cache https://registry.npmjs.org/fast-json-stable-stringify 87ms (cache hit)
139 silly packumentCache full:https://registry.npmjs.org/fast-json-stable-stringify set size:11337 disposed:false
140 silly fetch manifest flat-cache@^3.0.4
141 silly packumentCache full:https://registry.npmjs.org/flat-cache cache-miss
142 http cache https://registry.npmjs.org/json-schema-traverse 80ms (cache hit)
143 silly packumentCache full:https://registry.npmjs.org/json-schema-traverse set size:23537 disposed:false
144 silly fetch manifest type-fest@^0.20.2
145 silly packumentCache full:https://registry.npmjs.org/type-fest cache-miss
146 http cache https://registry.npmjs.org/uri-js 77ms (cache hit)
147 silly packumentCache full:https://registry.npmjs.org/uri-js set size:42559 disposed:false
148 silly fetch manifest argparse@^2.0.1
149 silly packumentCache full:https://registry.npmjs.org/argparse cache-miss
150 http cache https://registry.npmjs.org/esrecurse 74ms (cache hit)
151 silly packumentCache full:https://registry.npmjs.org/esrecurse set size:29005 disposed:false
152 silly fetch manifest ansi-regex@^5.0.1
153 silly packumentCache full:https://registry.npmjs.org/ansi-regex cache-miss
154 http cache https://registry.npmjs.org/acorn 66ms (cache hit)
155 silly packumentCache full:https://registry.npmjs.org/acorn set size:379626 disposed:false
156 http cache https://registry.npmjs.org/acorn-jsx 69ms (cache hit)
157 silly packumentCache full:https://registry.npmjs.org/acorn-jsx set size:71068 disposed:false
158 http cache https://registry.npmjs.org/flat-cache 71ms (cache hit)
159 silly packumentCache full:https://registry.npmjs.org/flat-cache set size:169582 disposed:false
160 http cache https://registry.npmjs.org/argparse 43ms (cache hit)
161 silly packumentCache full:https://registry.npmjs.org/argparse set size:49266 disposed:false
162 http fetch GET 200 https://registry.npmjs.org/ansi-regex 93ms (cache miss)
163 silly packumentCache full:https://registry.npmjs.org/ansi-regex set size:undefined disposed:false
164 http fetch GET 200 https://registry.npmjs.org/@humanwhocodes%2fobject-schema 239ms (cache miss)
165 silly packumentCache full:https://registry.npmjs.org/@humanwhocodes%2fobject-schema set size:undefined disposed:false
166 http fetch GET 200 https://registry.npmjs.org/type-fest 649ms (cache miss)
167 silly packumentCache full:https://registry.npmjs.org/type-fest set size:undefined disposed:false
168 silly placeDep node_modules/@eslint/eslintrc ignore@5.3.2 OK for: @eslint/eslintrc@2.1.4 want: ^5.2.0
169 silly placeDep ROOT import-fresh@3.3.1 OK for: @eslint/eslintrc@2.1.4 want: ^3.2.1
170 silly placeDep node_modules/@eslint/eslintrc minimatch@3.1.5 OK for: @eslint/eslintrc@2.1.4 want: ^3.1.2
171 silly placeDep ROOT strip-json-comments@3.1.1 OK for: @eslint/eslintrc@2.1.4 want: ^3.1.1
172 silly fetch manifest resolve-from@^4.0.0
173 silly packumentCache full:https://registry.npmjs.org/resolve-from cache-miss
174 silly fetch manifest parent-module@^1.0.0
175 silly packumentCache full:https://registry.npmjs.org/parent-module cache-miss
176 silly fetch manifest brace-expansion@^1.1.7
177 silly packumentCache full:https://registry.npmjs.org/brace-expansion cache-miss
178 http cache https://registry.npmjs.org/parent-module 27ms (cache hit)
179 silly packumentCache full:https://registry.npmjs.org/parent-module set size:18255 disposed:false
180 http cache https://registry.npmjs.org/resolve-from 29ms (cache hit)
181 silly packumentCache full:https://registry.npmjs.org/resolve-from set size:12911 disposed:false
182 http cache https://registry.npmjs.org/brace-expansion 31ms (cache hit)
183 silly packumentCache full:https://registry.npmjs.org/brace-expansion set size:65768 disposed:false
184 silly placeDep ROOT @humanwhocodes/object-schema@2.0.3 OK for: @humanwhocodes/config-array@0.13.0 want: ^2.0.3
185 silly placeDep node_modules/@humanwhocodes/config-array minimatch@3.1.5 OK for: @humanwhocodes/config-array@0.13.0 want: ^3.0.5
186 silly placeDep ROOT fast-json-stable-stringify@2.1.0 OK for: ajv@6.14.0 want: ^2.0.0
187 silly placeDep ROOT json-schema-traverse@0.4.1 OK for: ajv@6.14.0 want: ^0.4.1
188 silly placeDep ROOT uri-js@4.4.1 OK for: ajv@6.14.0 want: ^4.2.2
189 silly fetch manifest punycode@^2.1.0
190 silly packumentCache full:https://registry.npmjs.org/punycode cache-miss
191 http cache https://registry.npmjs.org/punycode 30ms (cache hit)
192 silly packumentCache full:https://registry.npmjs.org/punycode set size:61302 disposed:false
193 silly placeDep ROOT esrecurse@4.3.0 OK for: eslint-scope@7.2.2 want: ^4.3.0
194 silly placeDep ROOT acorn@8.16.0 OK for: espree@9.6.1 want: ^8.9.0
195 silly placeDep ROOT acorn-jsx@5.3.2 OK for: espree@9.6.1 want: ^5.3.2
196 silly placeDep ROOT flat-cache@3.2.0 OK for: file-entry-cache@6.0.1 want: ^3.0.4
197 silly fetch manifest keyv@^4.5.3
198 silly packumentCache full:https://registry.npmjs.org/keyv cache-miss
199 silly fetch manifest rimraf@^3.0.2
200 silly packumentCache full:https://registry.npmjs.org/rimraf cache-miss
201 silly fetch manifest flatted@^3.2.9
202 silly packumentCache full:https://registry.npmjs.org/flatted cache-miss
203 http cache https://registry.npmjs.org/flatted 29ms (cache hit)
204 silly packumentCache full:https://registry.npmjs.org/flatted set size:137347 disposed:false
205 http cache https://registry.npmjs.org/keyv 37ms (cache hit)
206 silly packumentCache full:https://registry.npmjs.org/keyv set size:215840 disposed:false
207 http fetch GET 200 https://registry.npmjs.org/rimraf 79ms (cache miss)
208 silly packumentCache full:https://registry.npmjs.org/rimraf set size:undefined disposed:false
209 silly placeDep ROOT flatted@3.4.2 OK for: flat-cache@3.2.0 want: ^3.2.9
210 silly placeDep ROOT keyv@4.5.4 OK for: flat-cache@3.2.0 want: ^4.5.3
211 silly placeDep ROOT rimraf@3.0.2 OK for: flat-cache@3.2.0 want: ^3.0.2
212 silly fetch manifest json-buffer@3.0.1
213 silly packumentCache full:https://registry.npmjs.org/json-buffer cache-miss
214 silly fetch manifest glob@^7.1.3
215 silly packumentCache full:https://registry.npmjs.org/glob cache-miss
216 http cache https://registry.npmjs.org/json-buffer 33ms (cache hit)
217 silly packumentCache full:https://registry.npmjs.org/json-buffer set size:23474 disposed:false
218 http fetch GET 200 https://registry.npmjs.org/glob 122ms (cache miss)
219 silly packumentCache full:https://registry.npmjs.org/glob set size:undefined disposed:false
220 silly placeDep ROOT type-fest@0.20.2 OK for: globals@13.24.0 want: ^0.20.2
221 silly placeDep ROOT parent-module@1.0.1 OK for: import-fresh@3.3.1 want: ^1.0.0
222 silly placeDep ROOT resolve-from@4.0.0 OK for: import-fresh@3.3.1 want: ^4.0.0
223 silly fetch manifest callsites@^3.0.0
224 silly packumentCache full:https://registry.npmjs.org/callsites cache-miss
225 http cache https://registry.npmjs.org/callsites 36ms (cache hit)
226 silly packumentCache full:https://registry.npmjs.org/callsites set size:21349 disposed:false
227 silly placeDep ROOT argparse@2.0.1 OK for: js-yaml@4.1.1 want: ^2.0.1
228 silly placeDep ROOT json-buffer@3.0.1 OK for: keyv@4.5.4 want: 3.0.1
229 silly placeDep ROOT callsites@3.1.0 OK for: parent-module@1.0.1 want: ^3.0.0
230 silly placeDep ROOT glob@7.2.3 OK for: rimraf@3.0.2 want: ^7.1.3
231 silly fetch manifest once@^1.3.0
232 silly packumentCache full:https://registry.npmjs.org/once cache-miss
233 silly fetch manifest inflight@^1.0.4
234 silly packumentCache full:https://registry.npmjs.org/inflight cache-miss
235 silly fetch manifest inherits@2
236 silly packumentCache full:https://registry.npmjs.org/inherits cache-miss
237 silly fetch manifest minimatch@^3.1.1
238 silly packumentCache full:https://registry.npmjs.org/minimatch cache-hit
239 silly fetch manifest fs.realpath@^1.0.0
240 silly packumentCache full:https://registry.npmjs.org/fs.realpath cache-miss
241 silly fetch manifest path-is-absolute@^1.0.0
242 silly packumentCache full:https://registry.npmjs.org/path-is-absolute cache-miss
243 http fetch GET 200 https://registry.npmjs.org/fs.realpath 77ms (cache miss)
244 silly packumentCache full:https://registry.npmjs.org/fs.realpath set size:undefined disposed:false
245 http fetch GET 200 https://registry.npmjs.org/path-is-absolute 78ms (cache miss)
246 silly packumentCache full:https://registry.npmjs.org/path-is-absolute set size:undefined disposed:false
247 http fetch GET 200 https://registry.npmjs.org/inflight 82ms (cache miss)
248 silly packumentCache full:https://registry.npmjs.org/inflight set size:undefined disposed:false
249 http fetch GET 200 https://registry.npmjs.org/inherits 85ms (cache miss)
250 silly packumentCache full:https://registry.npmjs.org/inherits set size:undefined disposed:false
251 http fetch GET 200 https://registry.npmjs.org/once 572ms (cache miss)
252 silly packumentCache full:https://registry.npmjs.org/once set size:undefined disposed:false
253 silly placeDep ROOT fs.realpath@1.0.0 OK for: glob@7.2.3 want: ^1.0.0
254 silly placeDep ROOT inflight@1.0.6 OK for: glob@7.2.3 want: ^1.0.4
255 silly placeDep ROOT inherits@2.0.4 OK for: glob@7.2.3 want: 2
256 silly placeDep node_modules/glob minimatch@3.1.5 OK for: glob@7.2.3 want: ^3.1.1
257 silly placeDep ROOT once@1.4.0 OK for: glob@7.2.3 want: ^1.3.0
258 silly placeDep ROOT path-is-absolute@1.0.1 OK for: glob@7.2.3 want: ^1.0.0
259 silly fetch manifest wrappy@1
260 silly packumentCache full:https://registry.npmjs.org/wrappy cache-miss
261 silly fetch manifest wrappy@1
262 silly packumentCache full:https://registry.npmjs.org/wrappy cache-miss
263 http fetch GET 200 https://registry.npmjs.org/wrappy 82ms (cache miss)
264 silly packumentCache full:https://registry.npmjs.org/wrappy set size:undefined disposed:false
265 http fetch GET 200 https://registry.npmjs.org/wrappy 83ms (cache miss)
266 silly packumentCache full:https://registry.npmjs.org/wrappy set size:undefined disposed:false
267 silly placeDep ROOT wrappy@1.0.2 OK for: inflight@1.0.6 want: 1
268 silly placeDep ROOT ansi-regex@5.0.1 OK for: strip-ansi@6.0.1 want: ^5.0.1
269 silly placeDep ROOT punycode@2.3.1 OK for: uri-js@4.4.1 want: ^2.1.0
270 silly placeDep node_modules/@eslint/eslintrc brace-expansion@1.1.14 OK for: minimatch@3.1.5 want: ^1.1.7
271 silly fetch manifest balanced-match@^1.0.0
272 silly packumentCache full:https://registry.npmjs.org/balanced-match cache-miss
273 http cache https://registry.npmjs.org/balanced-match 35ms (cache hit)
274 silly packumentCache full:https://registry.npmjs.org/balanced-match set size:39082 disposed:false
275 silly placeDep node_modules/@eslint/eslintrc balanced-match@1.0.2 OK for: brace-expansion@1.1.14 want: ^1.0.0
276 silly placeDep node_modules/@humanwhocodes/config-array brace-expansion@1.1.14 OK for: minimatch@3.1.5 want: ^1.1.7
277 silly placeDep node_modules/@humanwhocodes/config-array balanced-match@1.0.2 OK for: brace-expansion@1.1.14 want: ^1.0.0
278 silly placeDep node_modules/glob brace-expansion@1.1.14 OK for: minimatch@3.1.5 want: ^1.1.7
279 silly placeDep node_modules/glob balanced-match@1.0.2 OK for: brace-expansion@1.1.14 want: ^1.0.0
280 silly reify mark retired [ '/Users/mucellabilican/myfrAIm/node_modules/@eslint/config-array' ]
281 silly reify mark retired [ '/Users/mucellabilican/myfrAIm/node_modules/@eslint/config-helpers' ]
282 silly reify mark retired [ '/Users/mucellabilican/myfrAIm/node_modules/@eslint/core' ]
283 silly reify mark retired [ '/Users/mucellabilican/myfrAIm/node_modules/@eslint/eslintrc' ]
284 silly reify mark retired [ '/Users/mucellabilican/myfrAIm/node_modules/@eslint/js' ]
285 silly reify mark retired [ '/Users/mucellabilican/myfrAIm/node_modules/@eslint/object-schema' ]
286 silly reify mark retired [ '/Users/mucellabilican/myfrAIm/node_modules/@eslint/plugin-kit' ]
287 silly reify mark retired [ '/Users/mucellabilican/myfrAIm/node_modules/@humanfs/core' ]
288 silly reify mark retired [ '/Users/mucellabilican/myfrAIm/node_modules/@humanfs/node' ]
289 silly reify mark retired [ '/Users/mucellabilican/myfrAIm/node_modules/@humanwhocodes/retry' ]
290 silly reify mark retired [ '/Users/mucellabilican/myfrAIm/node_modules/@types/estree' ]
291 silly reify mark retired [ '/Users/mucellabilican/myfrAIm/node_modules/@types/json-schema' ]
292 silly reify mark retired [
292 silly reify   '/Users/mucellabilican/myfrAIm/node_modules/eslint',
292 silly reify   '/Users/mucellabilican/myfrAIm/node_modules/.bin/eslint'
292 silly reify ]
293 silly reify mark retired [ '/Users/mucellabilican/myfrAIm/node_modules/eslint-scope' ]
294 silly reify mark retired [ '/Users/mucellabilican/myfrAIm/node_modules/espree' ]
295 silly reify mark retired [ '/Users/mucellabilican/myfrAIm/node_modules/file-entry-cache' ]
296 silly reify mark retired [ '/Users/mucellabilican/myfrAIm/node_modules/flat-cache' ]
297 silly reify moves {
297 silly reify   '/Users/mucellabilican/myfrAIm/node_modules/@eslint/config-array': '/Users/mucellabilican/myfrAIm/node_modules/@eslint/.config-array-bHBat9jA',
297 silly reify   '/Users/mucellabilican/myfrAIm/node_modules/@eslint/config-helpers': '/Users/mucellabilican/myfrAIm/node_modules/@eslint/.config-helpers-Qjyp4sTy',
297 silly reify   '/Users/mucellabilican/myfrAIm/node_modules/@eslint/core': '/Users/mucellabilican/myfrAIm/node_modules/@eslint/.core-dvXymbPf',
297 silly reify   '/Users/mucellabilican/myfrAIm/node_modules/@eslint/eslintrc': '/Users/mucellabilican/myfrAIm/node_modules/@eslint/.eslintrc-Dwrk9FPo',
297 silly reify   '/Users/mucellabilican/myfrAIm/node_modules/@eslint/js': '/Users/mucellabilican/myfrAIm/node_modules/@eslint/.js-CTetsh9b',
297 silly reify   '/Users/mucellabilican/myfrAIm/node_modules/@eslint/object-schema': '/Users/mucellabilican/myfrAIm/node_modules/@eslint/.object-schema-0zZJ1rA2',
297 silly reify   '/Users/mucellabilican/myfrAIm/node_modules/@eslint/plugin-kit': '/Users/mucellabilican/myfrAIm/node_modules/@eslint/.plugin-kit-EPc0smt2',
297 silly reify   '/Users/mucellabilican/myfrAIm/node_modules/@humanfs/core': '/Users/mucellabilican/myfrAIm/node_modules/@humanfs/.core-TAj6uUCn',
297 silly reify   '/Users/mucellabilican/myfrAIm/node_modules/@humanfs/node': '/Users/mucellabilican/myfrAIm/node_modules/@humanfs/.node-O7ywhCVx',
297 silly reify   '/Users/mucellabilican/myfrAIm/node_modules/@humanwhocodes/retry': '/Users/mucellabilican/myfrAIm/node_modules/@humanwhocodes/.retry-q7WSeiZy',
297 silly reify   '/Users/mucellabilican/myfrAIm/node_modules/@types/estree': '/Users/mucellabilican/myfrAIm/node_modules/@types/.estree-YqJCIvLf',
297 silly reify   '/Users/mucellabilican/myfrAIm/node_modules/@types/json-schema': '/Users/mucellabilican/myfrAIm/node_modules/@types/.json-schema-mOR5OyjN',
297 silly reify   '/Users/mucellabilican/myfrAIm/node_modules/eslint': '/Users/mucellabilican/myfrAIm/node_modules/.eslint-qXDyDl3x',
297 silly reify   '/Users/mucellabilican/myfrAIm/node_modules/.bin/eslint': '/Users/mucellabilican/myfrAIm/node_modules/.bin/.eslint-AFk3Dggr',
297 silly reify   '/Users/mucellabilican/myfrAIm/node_modules/eslint-scope': '/Users/mucellabilican/myfrAIm/node_modules/.eslint-scope-nkDvFmmc',
297 silly reify   '/Users/mucellabilican/myfrAIm/node_modules/espree': '/Users/mucellabilican/myfrAIm/node_modules/.espree-lLgkgPJZ',
297 silly reify   '/Users/mucellabilican/myfrAIm/node_modules/file-entry-cache': '/Users/mucellabilican/myfrAIm/node_modules/.file-entry-cache-FjmNlbjC',
297 silly reify   '/Users/mucellabilican/myfrAIm/node_modules/flat-cache': '/Users/mucellabilican/myfrAIm/node_modules/.flat-cache-i30ciTy1'
297 silly reify }
298 silly audit bulk request {
298 silly audit   '@alloc/quick-lru': [ '5.2.0' ],
298 silly audit   '@babel/runtime': [ '7.29.2' ],
298 silly audit   '@emnapi/core': [ '1.9.2' ],
298 silly audit   '@emnapi/runtime': [ '1.9.2' ],
298 silly audit   '@emnapi/wasi-threads': [ '1.2.1' ],
298 silly audit   '@eslint-community/eslint-utils': [ '4.9.1' ],
298 silly audit   '@eslint-community/regexpp': [ '4.12.2' ],
298 silly audit   'balanced-match': [ '4.0.4', '1.0.2' ],
298 silly audit   'brace-expansion': [ '5.0.5', '1.1.14' ],
298 silly audit   minimatch: [ '3.1.5', '10.2.5' ],
298 silly audit   ignore: [ '7.0.5', '5.3.2' ],
298 silly audit   '@humanwhocodes/module-importer': [ '1.0.1' ],
298 silly audit   '@jridgewell/gen-mapping': [ '0.3.13' ],
298 silly audit   '@jridgewell/resolve-uri': [ '3.1.2' ],
298 silly audit   '@jridgewell/sourcemap-codec': [ '1.5.5' ],
298 silly audit   '@jridgewell/trace-mapping': [ '0.3.31' ],
298 silly audit   '@napi-rs/wasm-runtime': [ '0.2.12' ],
298 silly audit   '@next/env': [ '14.2.35' ],
298 silly audit   '@next/eslint-plugin-next': [ '15.5.15' ],
298 silly audit   '@next/swc-darwin-arm64': [ '14.2.33' ],
298 silly audit   '@next/swc-darwin-x64': [ '14.2.33' ],
298 silly audit   '@next/swc-linux-arm64-gnu': [ '14.2.33' ],
298 silly audit   '@next/swc-linux-arm64-musl': [ '14.2.33' ],
298 silly audit   '@next/swc-linux-x64-gnu': [ '14.2.33' ],
298 silly audit   '@next/swc-linux-x64-musl': [ '14.2.33' ],
298 silly audit   '@next/swc-win32-arm64-msvc': [ '14.2.33' ],
298 silly audit   '@next/swc-win32-ia32-msvc': [ '14.2.33' ],
298 silly audit   '@next/swc-win32-x64-msvc': [ '14.2.33' ],
298 silly audit   '@nodelib/fs.scandir': [ '2.1.5' ],
298 silly audit   '@nodelib/fs.stat': [ '2.0.5' ],
298 silly audit   '@nodelib/fs.walk': [ '1.2.8' ],
298 silly audit   '@nolyfill/is-core-module': [ '1.0.39' ],
298 silly audit   '@panva/hkdf': [ '1.2.1' ],
298 silly audit   '@rtsao/scc': [ '1.1.0' ],
298 silly audit   '@rushstack/eslint-patch': [ '1.16.1' ],
298 silly audit   '@swc/counter': [ '0.1.3' ],
298 silly audit   '@swc/helpers': [ '0.5.5' ],
298 silly audit   '@tybys/wasm-util': [ '0.10.1' ],
298 silly audit   '@types/json5': [ '0.0.29' ],
298 silly audit   '@types/node': [ '24.12.2' ],
298 silly audit   '@types/nodemailer': [ '8.0.0' ],
298 silly audit   '@types/pg': [ '8.20.0' ],
298 silly audit   '@types/react': [ '19.2.14' ],
298 silly audit   '@types/react-dom': [ '19.2.3' ],
298 silly audit   '@typescript-eslint/eslint-plugin': [ '8.58.2' ],
298 silly audit   '@typescript-eslint/parser': [ '8.58.2' ],
298 silly audit   '@typescript-eslint/project-service': [ '8.58.2' ],
298 silly audit   '@typescript-eslint/scope-manager': [ '8.58.2' ],
298 silly audit   '@typescript-eslint/tsconfig-utils': [ '8.58.2' ],
298 silly audit   '@typescript-eslint/type-utils': [ '8.58.2' ],
298 silly audit   '@typescript-eslint/types': [ '8.58.2' ],
298 silly audit   '@typescript-eslint/typescript-estree': [ '8.58.2' ],
298 silly audit   '@typescript-eslint/utils': [ '8.58.2' ],
298 silly audit   '@typescript-eslint/visitor-keys': [ '8.58.2' ],
298 silly audit   'eslint-visitor-keys': [ '5.0.1', '3.4.3' ],
298 silly audit   '@unrs/resolver-binding-android-arm-eabi': [ '1.11.1' ],
298 silly audit   '@unrs/resolver-binding-android-arm64': [ '1.11.1' ],
298 silly audit   '@unrs/resolver-binding-darwin-arm64': [ '1.11.1' ],
298 silly audit   '@unrs/resolver-binding-darwin-x64': [ '1.11.1' ],
298 silly audit   '@unrs/resolver-binding-freebsd-x64': [ '1.11.1' ],
298 silly audit   '@unrs/resolver-binding-linux-arm-gnueabihf': [ '1.11.1' ],
298 silly audit   '@unrs/resolver-binding-linux-arm-musleabihf': [ '1.11.1' ],
298 silly audit   '@unrs/resolver-binding-linux-arm64-gnu': [ '1.11.1' ],
298 silly audit   '@unrs/resolver-binding-linux-arm64-musl': [ '1.11.1' ],
298 silly audit   '@unrs/resolver-binding-linux-ppc64-gnu': [ '1.11.1' ],
298 silly audit   '@unrs/resolver-binding-linux-riscv64-gnu': [ '1.11.1' ],
298 silly audit   '@unrs/resolver-binding-linux-riscv64-musl': [ '1.11.1' ],
298 silly audit   '@unrs/resolver-binding-linux-s390x-gnu': [ '1.11.1' ],
298 silly audit   '@unrs/resolver-binding-linux-x64-gnu': [ '1.11.1' ],
298 silly audit   '@unrs/resolver-binding-linux-x64-musl': [ '1.11.1' ],
298 silly audit   '@unrs/resolver-binding-wasm32-wasi': [ '1.11.1' ],
298 silly audit   '@unrs/resolver-binding-win32-arm64-msvc': [ '1.11.1' ],
298 silly audit   '@unrs/resolver-binding-win32-ia32-msvc': [ '1.11.1' ],
298 silly audit   '@unrs/resolver-binding-win32-x64-msvc': [ '1.11.1' ],
298 silly audit   'ansi-styles': [ '4.3.0' ],
298 silly audit   'any-promise': [ '1.3.0' ],
298 silly audit   anymatch: [ '3.1.3' ],
298 silly audit   arg: [ '5.0.2' ],
298 silly audit   'aria-query': [ '5.3.2' ],
298 silly audit   'array-buffer-byte-length': [ '1.0.2' ],
298 silly audit   'array-includes': [ '3.1.9' ],
298 silly audit   'array.prototype.findlast': [ '1.2.5' ],
298 silly audit   'array.prototype.findlastindex': [ '1.2.6' ],
298 silly audit   'array.prototype.flat': [ '1.3.3' ],
298 silly audit   'array.prototype.flatmap': [ '1.3.3' ],
298 silly audit   'array.prototype.tosorted': [ '1.1.4' ],
298 silly audit   'arraybuffer.prototype.slice': [ '1.0.4' ],
298 silly audit   'ast-types-flow': [ '0.0.8' ],
298 silly audit   'async-function': [ '1.0.0' ],
298 silly audit   autoprefixer: [ '10.5.0' ],
298 silly audit   'available-typed-arrays': [ '1.0.7' ],
298 silly audit   'axe-core': [ '4.11.3' ],
298 silly audit   'axobject-query': [ '4.1.0' ],
298 silly audit   'baseline-browser-mapping': [ '2.10.19' ],
298 silly audit   bcryptjs: [ '3.0.3' ],
298 silly audit   'binary-extensions': [ '2.3.0' ],
298 silly audit   braces: [ '3.0.3' ],
298 silly audit   browserslist: [ '4.28.2' ],
298 silly audit   'buffer-equal-constant-time': [ '1.0.1' ],
298 silly audit   busboy: [ '1.6.0' ],
298 silly audit   'call-bind': [ '1.0.9' ],
298 silly audit   'call-bind-apply-helpers': [ '1.0.2' ],
298 silly audit   'call-bound': [ '1.0.4' ],
298 silly audit   'camelcase-css': [ '2.0.1' ],
298 silly audit   'caniuse-lite': [ '1.0.30001788' ],
298 silly audit   chalk: [ '4.1.2' ],
298 silly audit   chokidar: [ '3.6.0' ],
298 silly audit   'glob-parent': [ '5.1.2', '6.0.2' ],
298 silly audit   'client-only': [ '0.0.1' ],
298 silly audit   'color-convert': [ '2.0.1' ],
298 silly audit   'color-name': [ '1.1.4' ],
298 silly audit   commander: [ '4.1.1' ],
298 silly audit   'concat-map': [ '0.0.1' ],
298 silly audit   cookie: [ '0.7.2' ],
298 silly audit   'cross-spawn': [ '7.0.6' ],
298 silly audit   cssesc: [ '3.0.0' ],
298 silly audit   csstype: [ '3.2.3' ],
298 silly audit   'damerau-levenshtein': [ '1.0.8' ],
298 silly audit   'data-view-buffer': [ '1.0.2' ],
298 silly audit   'data-view-byte-length': [ '1.0.2' ],
298 silly audit   'data-view-byte-offset': [ '1.0.1' ],
298 silly audit   debug: [ '4.4.3', '3.2.7' ],
298 silly audit   'deep-is': [ '0.1.4' ],
298 silly audit   'define-data-property': [ '1.1.4' ],
298 silly audit   'define-properties': [ '1.2.1' ],
298 silly audit   didyoumean: [ '1.2.2' ],
298 silly audit   dlv: [ '1.1.3' ],
298 silly audit   doctrine: [ '2.1.0', '3.0.0' ],
298 silly audit   dotenv: [ '17.4.2' ],
298 silly audit   'dunder-proto': [ '1.0.1' ],
298 silly audit   'ecdsa-sig-formatter': [ '1.0.11' ],
298 silly audit   'electron-to-chromium': [ '1.5.336' ],
298 silly audit   'emoji-regex': [ '9.2.2' ],
298 silly audit   'es-abstract': [ '1.24.2' ],
298 silly audit   'es-define-property': [ '1.0.1' ],
298 silly audit   'es-errors': [ '1.3.0' ],
298 silly audit   'es-iterator-helpers': [ '1.3.2' ],
298 silly audit   'es-object-atoms': [ '1.1.1' ],
298 silly audit   'es-set-tostringtag': [ '2.1.0' ],
298 silly audit   'es-shim-unscopables': [ '1.1.0' ],
298 silly audit   'es-to-primitive': [ '1.3.0' ],
298 silly audit   escalade: [ '3.2.0' ],
298 silly audit   'escape-string-regexp': [ '4.0.0' ],
298 silly audit   'eslint-config-next': [ '15.5.15' ],
298 silly audit   'eslint-import-resolver-node': [ '0.3.10' ],
298 silly audit   'eslint-import-resolver-typescript': [ '3.10.1' ],
298 silly audit   'eslint-module-utils': [ '2.12.1' ],
298 silly audit   'eslint-plugin-import': [ '2.32.0' ],
298 silly audit   semver: [ '6.3.1', '7.7.4' ],
298 silly audit   'eslint-plugin-jsx-a11y': [ '6.10.2' ],
298 silly audit   'eslint-plugin-react': [ '7.37.5' ],
298 silly audit   'eslint-plugin-react-hooks': [ '5.2.0' ],
298 silly audit   esquery: [ '1.7.0' ],
298 silly audit   estraverse: [ '5.3.0' ],
298 silly audit   esutils: [ '2.0.3' ],
298 silly audit   'fast-glob': [ '3.3.1', '3.3.3' ],
298 silly audit   'fast-levenshtein': [ '2.0.6' ],
298 silly audit   fastq: [ '1.20.1' ],
298 silly audit   'fill-range': [ '7.1.1' ],
298 silly audit   'find-up': [ '5.0.0' ],
298 silly audit   'for-each': [ '0.3.5' ],
298 silly audit   'fraction.js': [ '5.3.4' ],
298 silly audit   fsevents: [ '2.3.3' ],
298 silly audit   'function-bind': [ '1.1.2' ],
298 silly audit   'function.prototype.name': [ '1.1.8' ],
298 silly audit   'functions-have-names': [ '1.2.3' ],
298 silly audit   'generator-function': [ '2.0.1' ],
298 silly audit   'get-intrinsic': [ '1.3.0' ],
298 silly audit   'get-proto': [ '1.0.1' ],
298 silly audit   'get-symbol-description': [ '1.1.0' ],
298 silly audit   'get-tsconfig': [ '4.14.0' ],
298 silly audit   globalthis: [ '1.0.4' ],
298 silly audit   gopd: [ '1.2.0' ],
298 silly audit   'graceful-fs': [ '4.2.11' ],
298 silly audit   'has-bigints': [ '1.1.0' ],
298 silly audit   'has-flag': [ '4.0.0' ],
298 silly audit   'has-property-descriptors': [ '1.0.2' ],
298 silly audit   'has-proto': [ '1.2.0' ],
298 silly audit   'has-symbols': [ '1.1.0' ],
298 silly audit   'has-tostringtag': [ '1.0.2' ],
298 silly audit   hasown: [ '2.0.2' ],
298 silly audit   imurmurhash: [ '0.1.4' ],
298 silly audit   'internal-slot': [ '1.1.0' ],
298 silly audit   'is-array-buffer': [ '3.0.5' ],
298 silly audit   'is-async-function': [ '2.1.1' ],
298 silly audit   'is-bigint': [ '1.1.0' ],
298 silly audit   'is-binary-path': [ '2.1.0' ],
298 silly audit   'is-boolean-object': [ '1.2.2' ],
298 silly audit   'is-bun-module': [ '2.0.0' ],
298 silly audit   'is-callable': [ '1.2.7' ],
298 silly audit   'is-core-module': [ '2.16.1' ],
298 silly audit   'is-data-view': [ '1.0.2' ],
298 silly audit   'is-date-object': [ '1.1.0' ],
298 silly audit   'is-extglob': [ '2.1.1' ],
298 silly audit   'is-finalizationregistry': [ '1.1.1' ],
298 silly audit   'is-generator-function': [ '1.1.2' ],
298 silly audit   'is-glob': [ '4.0.3' ],
298 silly audit   'is-map': [ '2.0.3' ],
298 silly audit   'is-negative-zero': [ '2.0.3' ],
298 silly audit   'is-number': [ '7.0.0' ],
298 silly audit   'is-number-object': [ '1.1.1' ],
298 silly audit   'is-regex': [ '1.2.1' ],
298 silly audit   'is-set': [ '2.0.3' ],
298 silly audit   'is-shared-array-buffer': [ '1.0.4' ],
298 silly audit   'is-string': [ '1.1.1' ],
298 silly audit   'is-symbol': [ '1.1.1' ],
298 silly audit   'is-typed-array': [ '1.1.15' ],
298 silly audit   'is-weakmap': [ '2.0.2' ],
298 silly audit   'is-weakref': [ '1.1.1' ],
298 silly audit   'is-weakset': [ '2.0.4' ],
298 silly audit   isarray: [ '2.0.5' ],
298 silly audit   isexe: [ '2.0.0' ],
298 silly audit   'iterator.prototype': [ '1.1.5' ],
298 silly audit   jiti: [ '1.21.7' ],
298 silly audit   jose: [ '6.2.2', '4.15.9' ],
298 silly audit   'js-tokens': [ '4.0.0' ],
298 silly audit   'json-stable-stringify-without-jsonify': [ '1.0.1' ],
298 silly audit   jsonwebtoken: [ '9.0.3' ],
298 silly audit   'jsx-ast-utils': [ '3.3.5' ],
298 silly audit   jwa: [ '2.0.1' ],
298 silly audit   jws: [ '4.0.1' ],
298 silly audit   'language-subtag-registry': [ '0.3.23' ],
298 silly audit   'language-tags': [ '1.0.9' ],
298 silly audit   levn: [ '0.4.1' ],
298 silly audit   lilconfig: [ '3.1.3' ],
298 silly audit   'lines-and-columns': [ '1.2.4' ],
298 silly audit   'locate-path': [ '6.0.0' ],
298 silly audit   'lodash.includes': [ '4.3.0' ],
298 silly audit   'lodash.isboolean': [ '3.0.3' ],
298 silly audit   'lodash.isinteger': [ '4.0.4' ],
298 silly audit   'lodash.isnumber': [ '3.0.3' ],
298 silly audit   'lodash.isplainobject': [ '4.0.6' ],
298 silly audit   'lodash.isstring': [ '4.0.1' ],
298 silly audit   'lodash.merge': [ '4.6.2' ],
298 silly audit   'lodash.once': [ '4.1.1' ],
298 silly audit   'loose-envify': [ '1.4.0' ],
298 silly audit   'lru-cache': [ '6.0.0' ],
298 silly audit   'math-intrinsics': [ '1.1.0' ],
298 silly audit   merge2: [ '1.4.1' ],
298 silly audit   micromatch: [ '4.0.8' ],
298 silly audit   minimist: [ '1.2.8' ],
298 silly audit   ms: [ '2.1.3' ],
298 silly audit   mz: [ '2.7.0' ],
298 silly audit   nanoid: [ '3.3.11' ],
298 silly audit   'napi-postinstall': [ '0.3.4' ],
298 silly audit   'natural-compare': [ '1.4.0' ],
298 silly audit   next: [ '14.2.35' ],
298 silly audit   'next-auth': [ '4.24.14' ],
298 silly audit   postcss: [ '8.4.31', '8.5.9' ],
298 silly audit   'node-exports-info': [ '1.6.0' ],
298 silly audit   'node-releases': [ '2.0.37' ],
298 silly audit   nodemailer: [ '7.0.13' ],
298 silly audit   'normalize-path': [ '3.0.0' ],
298 silly audit   oauth: [ '0.9.15' ],
298 silly audit   'object-assign': [ '4.1.1' ],
298 silly audit   'object-hash': [ '2.2.0', '3.0.0' ],
298 silly audit   'object-inspect': [ '1.13.4' ],
298 silly audit   'object-keys': [ '1.1.1' ],
298 silly audit   'object.assign': [ '4.1.7' ],
298 silly audit   'object.entries': [ '1.1.9' ],
298 silly audit   'object.fromentries': [ '2.0.8' ],
298 silly audit   'object.groupby': [ '1.0.3' ],
298 silly audit   'object.values': [ '1.2.1' ],
298 silly audit   'oidc-token-hash': [ '5.2.0' ],
298 silly audit   'openid-client': [ '5.7.1' ],
298 silly audit   optionator: [ '0.9.4' ],
298 silly audit   'own-keys': [ '1.0.1' ],
298 silly audit   'p-limit': [ '3.1.0' ],
298 silly audit   'p-locate': [ '5.0.0' ],
298 silly audit   'path-exists': [ '4.0.0' ],
298 silly audit   'path-key': [ '3.1.1' ],
298 silly audit   'path-parse': [ '1.0.7' ],
298 silly audit   pg: [ '8.20.0' ],
298 silly audit   'pg-cloudflare': [ '1.3.0' ],
298 silly audit   'pg-connection-string': [ '2.12.0' ],
298 silly audit   'pg-int8': [ '1.0.1' ],
298 silly audit   'pg-pool': [ '3.13.0' ],
298 silly audit   'pg-protocol': [ '1.13.0' ],
298 silly audit   'pg-types': [ '2.2.0' ],
298 silly audit   pgpass: [ '1.0.5' ],
298 silly audit   picocolors: [ '1.1.1' ],
298 silly audit   picomatch: [ '2.3.2', '4.0.4' ],
298 silly audit   pify: [ '2.3.0' ],
298 silly audit   pirates: [ '4.0.7' ],
298 silly audit   'possible-typed-array-names': [ '1.1.0' ],
298 silly audit   'postcss-import': [ '15.1.0' ],
298 silly audit   resolve: [ '1.22.12', '2.0.0-next.6' ],
298 silly audit   'postcss-js': [ '4.1.0' ],
298 silly audit   'postcss-nested': [ '6.2.0' ],
298 silly audit   'postcss-selector-parser': [ '6.1.2' ],
298 silly audit   'postcss-value-parser': [ '4.2.0' ],
298 silly audit   'postgres-array': [ '2.0.0' ],
298 silly audit   'postgres-bytea': [ '1.0.1' ],
298 silly audit   'postgres-date': [ '1.0.7' ],
298 silly audit   'postgres-interval': [ '1.2.0' ],
298 silly audit   preact: [ '10.29.1' ],
298 silly audit   'preact-render-to-string': [ '5.2.6' ],
298 silly audit   'prelude-ls': [ '1.2.1' ],
298 silly audit   'pretty-format': [ '3.8.0' ],
298 silly audit   'prop-types': [ '15.8.1' ],
298 silly audit   'queue-microtask': [ '1.2.3' ],
298 silly audit   react: [ '18.3.1' ],
298 silly audit   'react-dom': [ '18.3.1' ],
298 silly audit   'react-is': [ '16.13.1' ],
298 silly audit   'read-cache': [ '1.0.0' ],
298 silly audit   readdirp: [ '3.6.0' ],
298 silly audit   'reflect.getprototypeof': [ '1.0.10' ],
298 silly audit   'regexp.prototype.flags': [ '1.5.4' ],
298 silly audit   'resolve-pkg-maps': [ '1.0.0' ],
298 silly audit   reusify: [ '1.1.0' ],
298 silly audit   'run-parallel': [ '1.2.0' ],
298 silly audit   'safe-array-concat': [ '1.1.3' ],
298 silly audit   'safe-buffer': [ '5.2.1' ],
298 silly audit   'safe-push-apply': [ '1.0.0' ],
298 silly audit   'safe-regex-test': [ '1.1.0' ],
298 silly audit   scheduler: [ '0.23.2' ],
298 silly audit   'set-function-length': [ '1.2.2' ],
298 silly audit   'set-function-name': [ '2.0.2' ],
298 silly audit   'set-proto': [ '1.0.0' ],
298 silly audit   'shebang-command': [ '2.0.0' ],
298 silly audit   'shebang-regex': [ '3.0.0' ],
298 silly audit   'side-channel': [ '1.1.0' ],
298 silly audit   'side-channel-list': [ '1.0.1' ],
298 silly audit   'side-channel-map': [ '1.0.1' ],
298 silly audit   'side-channel-weakmap': [ '1.0.2' ],
298 silly audit   'source-map-js': [ '1.2.1' ],
298 silly audit   split2: [ '4.2.0' ],
298 silly audit   'stable-hash': [ '0.0.5' ],
298 silly audit   'stop-iteration-iterator': [ '1.1.0' ],
298 silly audit   streamsearch: [ '1.1.0' ],
298 silly audit   'string.prototype.includes': [ '2.0.1' ],
298 silly audit   'string.prototype.matchall': [ '4.0.12' ],
298 silly audit   'string.prototype.repeat': [ '1.0.0' ],
298 silly audit   'string.prototype.trim': [ '1.2.10' ],
298 silly audit   'string.prototype.trimend': [ '1.0.9' ],
298 silly audit   'string.prototype.trimstart': [ '1.0.8' ],
298 silly audit   'strip-bom': [ '3.0.0' ],
298 silly audit   'styled-jsx': [ '5.1.1' ],
298 silly audit   sucrase: [ '3.35.1' ],
298 silly audit   'supports-color': [ '7.2.0' ],
298 silly audit   'supports-preserve-symlinks-flag': [ '1.0.0' ],
298 silly audit   tailwindcss: [ '3.4.17' ],
298 silly audit   'postcss-load-config': [ '4.0.2' ],
298 silly audit   thenify: [ '3.3.1' ],
298 silly audit   'thenify-all': [ '1.6.0' ],
298 silly audit   tinyglobby: [ '0.2.16' ],
298 silly audit   fdir: [ '6.5.0' ],
298 silly audit   'to-regex-range': [ '5.0.1' ],
298 silly audit   'ts-api-utils': [ '2.5.0' ],
298 silly audit   'ts-interface-checker': [ '0.1.13' ],
298 silly audit   'tsconfig-paths': [ '3.15.0' ],
298 silly audit   json5: [ '1.0.2' ],
298 silly audit   tslib: [ '2.8.1' ],
298 silly audit   'type-check': [ '0.4.0' ],
298 silly audit   'typed-array-buffer': [ '1.0.3' ],
298 silly audit   'typed-array-byte-length': [ '1.0.3' ],
298 silly audit   'typed-array-byte-offset': [ '1.0.4' ],
298 silly audit   'typed-array-length': [ '1.0.7' ],
298 silly audit   typescript: [ '5.9.3' ],
298 silly audit   'unbox-primitive': [ '1.1.0' ],
298 silly audit   'undici-types': [ '7.16.0' ],
298 silly audit   'unrs-resolver': [ '1.11.1' ],
298 silly audit   'update-browserslist-db': [ '1.2.3' ],
298 silly audit   'util-deprecate': [ '1.0.2' ],
298 silly audit   uuid: [ '8.3.2' ],
298 silly audit   which: [ '2.0.2' ],
298 silly audit   'which-boxed-primitive': [ '1.1.1' ],
298 silly audit   'which-builtin-type': [ '1.2.1' ],
298 silly audit   'which-collection': [ '1.0.2' ],
298 silly audit   'which-typed-array': [ '1.1.20' ],
298 silly audit   'word-wrap': [ '1.2.5' ],
298 silly audit   xtend: [ '4.0.2' ],
298 silly audit   yallist: [ '4.0.0' ],
298 silly audit   yaml: [ '2.8.3' ],
298 silly audit   'yocto-queue': [ '0.1.0' ],
298 silly audit   zod: [ '4.3.6' ],
298 silly audit   eslint: [ '8.57.1' ],
298 silly audit   '@eslint/eslintrc': [ '2.1.4' ],
298 silly audit   '@eslint/js': [ '8.57.1' ],
298 silly audit   '@humanwhocodes/config-array': [ '0.13.0' ],
298 silly audit   '@ungap/structured-clone': [ '1.3.0' ],
298 silly audit   ajv: [ '6.14.0' ],
298 silly audit   'eslint-scope': [ '7.2.2' ],
298 silly audit   espree: [ '9.6.1' ],
298 silly audit   'fast-deep-equal': [ '3.1.3' ],
298 silly audit   'file-entry-cache': [ '6.0.1' ],
298 silly audit   globals: [ '13.24.0' ],
298 silly audit   graphemer: [ '1.4.0' ],
298 silly audit   'is-path-inside': [ '3.0.3' ],
298 silly audit   'js-yaml': [ '4.1.1' ],
298 silly audit   'strip-ansi': [ '6.0.1' ],
298 silly audit   'text-table': [ '0.2.0' ],
298 silly audit   'import-fresh': [ '3.3.1' ],
298 silly audit   'strip-json-comments': [ '3.1.1' ],
298 silly audit   '@humanwhocodes/object-schema': [ '2.0.3' ],
298 silly audit   'fast-json-stable-stringify': [ '2.1.0' ],
298 silly audit   'json-schema-traverse': [ '0.4.1' ],
298 silly audit   'uri-js': [ '4.4.1' ],
298 silly audit   esrecurse: [ '4.3.0' ],
298 silly audit   acorn: [ '8.16.0' ],
298 silly audit   'acorn-jsx': [ '5.3.2' ],
298 silly audit   'flat-cache': [ '3.2.0' ],
298 silly audit   flatted: [ '3.4.2' ],
298 silly audit   keyv: [ '4.5.4' ],
298 silly audit   rimraf: [ '3.0.2' ],
298 silly audit   'type-fest': [ '0.20.2' ],
298 silly audit   'parent-module': [ '1.0.1' ],
298 silly audit   'resolve-from': [ '4.0.0' ],
298 silly audit   argparse: [ '2.0.1' ],
298 silly audit   'json-buffer': [ '3.0.1' ],
298 silly audit   callsites: [ '3.1.0' ],
298 silly audit   glob: [ '7.2.3' ],
298 silly audit   'fs.realpath': [ '1.0.0' ],
298 silly audit   inflight: [ '1.0.6' ],
298 silly audit   inherits: [ '2.0.4' ],
298 silly audit   once: [ '1.4.0' ],
298 silly audit   'path-is-absolute': [ '1.0.1' ],
298 silly audit   wrappy: [ '1.0.2' ],
298 silly audit   'ansi-regex': [ '5.0.1' ],
298 silly audit   punycode: [ '2.3.1' ]
298 silly audit }
299 http cache ansi-regex@https://registry.npmjs.org/ansi-regex/-/ansi-regex-5.0.1.tgz 0ms (cache hit)
300 http cache path-is-absolute@https://registry.npmjs.org/path-is-absolute/-/path-is-absolute-1.0.1.tgz 0ms (cache hit)
301 http cache wrappy@https://registry.npmjs.org/wrappy/-/wrappy-1.0.2.tgz 0ms (cache hit)
302 http cache once@https://registry.npmjs.org/once/-/once-1.4.0.tgz 0ms (cache hit)
303 http cache inherits@https://registry.npmjs.org/inherits/-/inherits-2.0.4.tgz 0ms (cache hit)
304 http cache glob@https://registry.npmjs.org/glob/-/glob-7.2.3.tgz 0ms (cache hit)
305 http cache inflight@https://registry.npmjs.org/inflight/-/inflight-1.0.6.tgz 0ms (cache hit)
306 http cache fs.realpath@https://registry.npmjs.org/fs.realpath/-/fs.realpath-1.0.0.tgz 0ms (cache hit)
307 http cache type-fest@https://registry.npmjs.org/type-fest/-/type-fest-0.20.2.tgz 0ms (cache hit)
308 http cache rimraf@https://registry.npmjs.org/rimraf/-/rimraf-3.0.2.tgz 0ms (cache hit)
309 http cache @humanwhocodes/object-schema@https://registry.npmjs.org/@humanwhocodes/object-schema/-/object-schema-2.0.3.tgz 0ms (cache hit)
310 http cache text-table@https://registry.npmjs.org/text-table/-/text-table-0.2.0.tgz 0ms (cache hit)
311 http cache strip-ansi@https://registry.npmjs.org/strip-ansi/-/strip-ansi-6.0.1.tgz 0ms (cache hit)
312 http cache graphemer@https://registry.npmjs.org/graphemer/-/graphemer-1.4.0.tgz 0ms (cache hit)
313 http cache is-path-inside@https://registry.npmjs.org/is-path-inside/-/is-path-inside-3.0.3.tgz 0ms (cache hit)
314 http cache @ungap/structured-clone@https://registry.npmjs.org/@ungap/structured-clone/-/structured-clone-1.3.0.tgz 0ms (cache hit)
315 http cache @humanwhocodes/config-array@https://registry.npmjs.org/@humanwhocodes/config-array/-/config-array-0.13.0.tgz 0ms (cache hit)
316 http cache globals@https://registry.npmjs.org/globals/-/globals-13.24.0.tgz 0ms (cache hit)
317 http cache flat-cache@https://registry.npmjs.org/flat-cache/-/flat-cache-3.2.0.tgz 0ms (cache hit)
318 http cache file-entry-cache@https://registry.npmjs.org/file-entry-cache/-/file-entry-cache-6.0.1.tgz 0ms (cache hit)
319 http cache eslint-scope@https://registry.npmjs.org/eslint-scope/-/eslint-scope-7.2.2.tgz 0ms (cache hit)
320 http cache @eslint/js@https://registry.npmjs.org/@eslint/js/-/js-8.57.1.tgz 0ms (cache hit)
321 http cache eslint@https://registry.npmjs.org/eslint/-/eslint-8.57.1.tgz 0ms (cache hit)
322 http cache brace-expansion@https://registry.npmjs.org/brace-expansion/-/brace-expansion-1.1.14.tgz 0ms (cache hit)
323 http cache minimatch@https://registry.npmjs.org/minimatch/-/minimatch-3.1.5.tgz 0ms (cache hit)
324 http cache balanced-match@https://registry.npmjs.org/balanced-match/-/balanced-match-1.0.2.tgz 0ms (cache hit)
325 http cache balanced-match@https://registry.npmjs.org/balanced-match/-/balanced-match-1.0.2.tgz 0ms (cache hit)
326 http cache espree@https://registry.npmjs.org/espree/-/espree-9.6.1.tgz 0ms (cache hit)
327 http cache @eslint/eslintrc@https://registry.npmjs.org/@eslint/eslintrc/-/eslintrc-2.1.4.tgz 0ms (cache hit)
328 silly tarball no local data for ansi-regex@https://registry.npmjs.org/ansi-regex/-/ansi-regex-5.0.1.tgz. Extracting by manifest.
329 silly tarball no local data for path-is-absolute@https://registry.npmjs.org/path-is-absolute/-/path-is-absolute-1.0.1.tgz. Extracting by manifest.
330 silly tarball no local data for wrappy@https://registry.npmjs.org/wrappy/-/wrappy-1.0.2.tgz. Extracting by manifest.
331 silly tarball no local data for once@https://registry.npmjs.org/once/-/once-1.4.0.tgz. Extracting by manifest.
332 silly tarball no local data for inherits@https://registry.npmjs.org/inherits/-/inherits-2.0.4.tgz. Extracting by manifest.
333 silly tarball no local data for glob@https://registry.npmjs.org/glob/-/glob-7.2.3.tgz. Extracting by manifest.
334 silly tarball no local data for inflight@https://registry.npmjs.org/inflight/-/inflight-1.0.6.tgz. Extracting by manifest.
335 silly tarball no local data for fs.realpath@https://registry.npmjs.org/fs.realpath/-/fs.realpath-1.0.0.tgz. Extracting by manifest.
336 silly tarball no local data for type-fest@https://registry.npmjs.org/type-fest/-/type-fest-0.20.2.tgz. Extracting by manifest.
337 silly tarball no local data for rimraf@https://registry.npmjs.org/rimraf/-/rimraf-3.0.2.tgz. Extracting by manifest.
338 silly tarball no local data for @humanwhocodes/object-schema@https://registry.npmjs.org/@humanwhocodes/object-schema/-/object-schema-2.0.3.tgz. Extracting by manifest.
339 silly tarball no local data for text-table@https://registry.npmjs.org/text-table/-/text-table-0.2.0.tgz. Extracting by manifest.
340 silly tarball no local data for strip-ansi@https://registry.npmjs.org/strip-ansi/-/strip-ansi-6.0.1.tgz. Extracting by manifest.
341 silly tarball no local data for graphemer@https://registry.npmjs.org/graphemer/-/graphemer-1.4.0.tgz. Extracting by manifest.
342 http cache brace-expansion@https://registry.npmjs.org/brace-expansion/-/brace-expansion-1.1.14.tgz 0ms (cache hit)
343 silly tarball no local data for is-path-inside@https://registry.npmjs.org/is-path-inside/-/is-path-inside-3.0.3.tgz. Extracting by manifest.
344 silly tarball no local data for @ungap/structured-clone@https://registry.npmjs.org/@ungap/structured-clone/-/structured-clone-1.3.0.tgz. Extracting by manifest.
345 silly tarball no local data for @humanwhocodes/config-array@https://registry.npmjs.org/@humanwhocodes/config-array/-/config-array-0.13.0.tgz. Extracting by manifest.
346 http cache minimatch@https://registry.npmjs.org/minimatch/-/minimatch-3.1.5.tgz 0ms (cache hit)
347 silly tarball no local data for globals@https://registry.npmjs.org/globals/-/globals-13.24.0.tgz. Extracting by manifest.
348 silly tarball no local data for flat-cache@https://registry.npmjs.org/flat-cache/-/flat-cache-3.2.0.tgz. Extracting by manifest.
349 silly tarball no local data for file-entry-cache@https://registry.npmjs.org/file-entry-cache/-/file-entry-cache-6.0.1.tgz. Extracting by manifest.
350 silly tarball no local data for eslint-scope@https://registry.npmjs.org/eslint-scope/-/eslint-scope-7.2.2.tgz. Extracting by manifest.
351 silly tarball no local data for @eslint/js@https://registry.npmjs.org/@eslint/js/-/js-8.57.1.tgz. Extracting by manifest.
352 silly tarball no local data for eslint@https://registry.npmjs.org/eslint/-/eslint-8.57.1.tgz. Extracting by manifest.
353 silly tarball no local data for espree@https://registry.npmjs.org/espree/-/espree-9.6.1.tgz. Extracting by manifest.
354 silly tarball no local data for @eslint/eslintrc@https://registry.npmjs.org/@eslint/eslintrc/-/eslintrc-2.1.4.tgz. Extracting by manifest.
355 http cache doctrine@https://registry.npmjs.org/doctrine/-/doctrine-3.0.0.tgz 0ms (cache hit)
356 silly tarball no local data for doctrine@https://registry.npmjs.org/doctrine/-/doctrine-3.0.0.tgz. Extracting by manifest.
357 http fetch GET 200 https://registry.npmjs.org/once/-/once-1.4.0.tgz 92ms (cache miss)
358 http fetch GET 200 https://registry.npmjs.org/inherits/-/inherits-2.0.4.tgz 93ms (cache miss)
359 http fetch GET 200 https://registry.npmjs.org/wrappy/-/wrappy-1.0.2.tgz 96ms (cache miss)
360 http fetch GET 200 https://registry.npmjs.org/path-is-absolute/-/path-is-absolute-1.0.1.tgz 101ms (cache miss)
361 http fetch POST 200 https://registry.npmjs.org/-/npm/v1/security/advisories/bulk 244ms
362 silly audit report {
362 silly audit report   next: [
362 silly audit report     {
362 silly audit report       id: 1112593,
362 silly audit report       url: 'https://github.com/advisories/GHSA-9g9p-9gw9-jx7f',
362 silly audit report       title: 'Next.js self-hosted applications vulnerable to DoS via Image Optimizer remotePatterns configuration',
362 silly audit report       severity: 'moderate',
362 silly audit report       vulnerable_versions: '>=10.0.0 <15.5.10',
362 silly audit report       cwe: [Array],
362 silly audit report       cvss: [Object]
362 silly audit report     },
362 silly audit report     {
362 silly audit report       id: 1112653,
362 silly audit report       url: 'https://github.com/advisories/GHSA-h25m-26qc-wcjf',
362 silly audit report       title: 'Next.js HTTP request deserialization can lead to DoS when using insecure React Server Components',
362 silly audit report       severity: 'high',
362 silly audit report       vulnerable_versions: '>=13.0.0 <15.0.8',
362 silly audit report       cwe: [Array],
362 silly audit report       cvss: [Object]
362 silly audit report     },
362 silly audit report     {
362 silly audit report       id: 1114897,
362 silly audit report       url: 'https://github.com/advisories/GHSA-ggv3-7p47-pfv8',
362 silly audit report       title: 'Next.js: HTTP request smuggling in rewrites',
362 silly audit report       severity: 'moderate',
362 silly audit report       vulnerable_versions: '>=9.5.0 <15.5.13',
362 silly audit report       cwe: [Array],
362 silly audit report       cvss: [Object]
362 silly audit report     },
362 silly audit report     {
362 silly audit report       id: 1114940,
362 silly audit report       url: 'https://github.com/advisories/GHSA-3x4c-7xq6-9pq8',
362 silly audit report       title: 'Next.js: Unbounded next/image disk cache growth can exhaust storage',
362 silly audit report       severity: 'moderate',
362 silly audit report       vulnerable_versions: '>=10.0.0 <15.5.14',
362 silly audit report       cwe: [Array],
362 silly audit report       cvss: [Object]
362 silly audit report     },
362 silly audit report     {
362 silly audit report       id: 1116376,
362 silly audit report       url: 'https://github.com/advisories/GHSA-q4gf-8mx6-v5v3',
362 silly audit report       title: 'Next.js has a Denial of Service with Server Components',
362 silly audit report       severity: 'high',
362 silly audit report       vulnerable_versions: '>=13.0.0 <15.5.15',
362 silly audit report       cwe: [Array],
362 silly audit report       cvss: [Object]
362 silly audit report     }
362 silly audit report   ],
362 silly audit report   nodemailer: [
362 silly audit report     {
362 silly audit report       id: 1115470,
362 silly audit report       url: 'https://github.com/advisories/GHSA-c7w3-x93f-qmm8',
362 silly audit report       title: 'Nodemailer has SMTP command injection due to unsanitized `envelope.size` parameter',
362 silly audit report       severity: 'low',
362 silly audit report       vulnerable_versions: '<8.0.4',
362 silly audit report       cwe: [Array],
362 silly audit report       cvss: [Object]
362 silly audit report     },
362 silly audit report     {
362 silly audit report       id: 1116270,
362 silly audit report       url: 'https://github.com/advisories/GHSA-vvjj-xcjg-gr5g',
362 silly audit report       title: 'Nodemailer Vulnerable to SMTP Command Injection via CRLF in Transport name Option (EHLO/HELO) ',
362 silly audit report       severity: 'moderate',
362 silly audit report       vulnerable_versions: '<=8.0.4',
362 silly audit report       cwe: [Array],
362 silly audit report       cvss: [Object]
362 silly audit report     }
362 silly audit report   ]
362 silly audit report }
363 silly packumentCache corgi:https://registry.npmjs.org/next cache-miss
364 silly packumentCache corgi:https://registry.npmjs.org/nodemailer cache-miss
365 http fetch GET 200 https://registry.npmjs.org/ansi-regex/-/ansi-regex-5.0.1.tgz 247ms (cache miss)
366 http fetch GET 200 https://registry.npmjs.org/is-path-inside/-/is-path-inside-3.0.3.tgz 317ms (cache miss)
367 http fetch GET 200 https://registry.npmjs.org/globals/-/globals-13.24.0.tgz 318ms (cache miss)
368 http fetch GET 200 https://registry.npmjs.org/flat-cache/-/flat-cache-3.2.0.tgz 331ms (cache miss)
369 http fetch GET 200 https://registry.npmjs.org/strip-ansi/-/strip-ansi-6.0.1.tgz 343ms (cache miss)
370 http fetch GET 200 https://registry.npmjs.org/file-entry-cache/-/file-entry-cache-6.0.1.tgz 338ms (cache miss)
371 http cache https://registry.npmjs.org/nodemailer 192ms (cache hit)
372 silly packumentCache corgi:https://registry.npmjs.org/nodemailer set size:309772 disposed:false
373 http cache https://registry.npmjs.org/next 306ms (cache hit)
374 silly packumentCache corgi:https://registry.npmjs.org/next set size:24722204 disposed:false
375 silly packumentCache corgi:https://registry.npmjs.org/next-auth cache-miss
376 http fetch GET 200 https://registry.npmjs.org/inflight/-/inflight-1.0.6.tgz 1536ms (cache miss)
377 warn deprecated inflight@1.0.6: This module is not supported, and leaks memory. Do not use it. Check out lru-cache if you want a good and tested way to coalesce async requests by a key value, which is much more comprehensive and powerful.
378 http fetch GET 200 https://registry.npmjs.org/rimraf/-/rimraf-3.0.2.tgz 1625ms (cache miss)
379 warn deprecated rimraf@3.0.2: Rimraf versions prior to v4 are no longer supported
380 http fetch GET 200 https://registry.npmjs.org/@eslint/js/-/js-8.57.1.tgz 1622ms (cache miss)
381 http fetch GET 200 https://registry.npmjs.org/@humanwhocodes/config-array/-/config-array-0.13.0.tgz 1638ms (cache miss)
382 warn deprecated @humanwhocodes/config-array@0.13.0: Use @eslint/config-array instead
383 http fetch GET 200 https://registry.npmjs.org/@ungap/structured-clone/-/structured-clone-1.3.0.tgz 1663ms (cache miss)
384 http fetch GET 200 https://registry.npmjs.org/fs.realpath/-/fs.realpath-1.0.0.tgz 1672ms (cache miss)
385 http fetch GET 200 https://registry.npmjs.org/doctrine/-/doctrine-3.0.0.tgz 1637ms (cache miss)
386 http fetch GET 200 https://registry.npmjs.org/next-auth 503ms (cache revalidated)
387 silly packumentCache corgi:https://registry.npmjs.org/next-auth set size:1814253 disposed:false
388 http fetch GET 200 https://registry.npmjs.org/@humanwhocodes/object-schema/-/object-schema-2.0.3.tgz 1964ms (cache miss)
389 warn deprecated @humanwhocodes/object-schema@2.0.3: Use @eslint/object-schema instead
390 http fetch GET 200 https://registry.npmjs.org/espree/-/espree-9.6.1.tgz 1961ms (cache miss)
391 http fetch GET 200 https://registry.npmjs.org/text-table/-/text-table-0.2.0.tgz 1974ms (cache miss)
392 http fetch GET 200 https://registry.npmjs.org/eslint-scope/-/eslint-scope-7.2.2.tgz 1973ms (cache miss)
393 http fetch GET 200 https://registry.npmjs.org/glob/-/glob-7.2.3.tgz 1990ms (cache miss)
394 warn deprecated glob@7.2.3: Old versions of glob are not supported, and contain widely publicized security vulnerabilities, which have been fixed in the current version. Please update. Support for old versions may be purchased (at exorbitant rates) by contacting i@izs.me
395 http fetch GET 200 https://registry.npmjs.org/graphemer/-/graphemer-1.4.0.tgz 2218ms (cache miss)
396 http fetch GET 200 https://registry.npmjs.org/type-fest/-/type-fest-0.20.2.tgz 2321ms (cache miss)
397 http fetch GET 200 https://registry.npmjs.org/@eslint/eslintrc/-/eslintrc-2.1.4.tgz 2311ms (cache miss)
398 http fetch GET 200 https://registry.npmjs.org/eslint/-/eslint-8.57.1.tgz 3458ms (cache miss)
399 warn deprecated eslint@8.57.1: This version is no longer supported. Please see https://eslint.org/version-support for other options.
400 silly ADD node_modules/ansi-regex
401 silly ADD node_modules/wrappy
402 silly ADD node_modules/path-is-absolute
403 silly ADD node_modules/once
404 silly ADD node_modules/inherits
405 silly ADD node_modules/inflight
406 silly ADD node_modules/fs.realpath
407 silly ADD node_modules/glob
408 silly ADD node_modules/glob/node_modules/balanced-match
409 silly ADD node_modules/glob/node_modules/brace-expansion
410 silly ADD node_modules/glob/node_modules/minimatch
411 silly ADD node_modules/type-fest
412 silly ADD node_modules/rimraf
413 silly ADD node_modules/@humanwhocodes/object-schema
414 silly ADD node_modules/text-table
415 silly ADD node_modules/strip-ansi
416 silly ADD node_modules/is-path-inside
417 silly ADD node_modules/graphemer
418 silly ADD node_modules/globals
419 silly ADD node_modules/@ungap/structured-clone
420 silly ADD node_modules/@humanwhocodes/config-array
421 silly ADD node_modules/@humanwhocodes/config-array/node_modules/balanced-match
422 silly ADD node_modules/@humanwhocodes/config-array/node_modules/brace-expansion
423 silly ADD node_modules/@humanwhocodes/config-array/node_modules/minimatch
424 silly CHANGE node_modules/flat-cache
425 silly CHANGE node_modules/file-entry-cache
426 silly CHANGE node_modules/espree
427 silly REMOVE node_modules/espree/node_modules/eslint-visitor-keys
428 silly CHANGE node_modules/eslint-scope
429 silly CHANGE node_modules/eslint
430 silly ADD node_modules/eslint/node_modules/doctrine
431 silly REMOVE node_modules/eslint/node_modules/eslint-visitor-keys
432 silly REMOVE node_modules/@types/json-schema
433 silly REMOVE node_modules/@types/estree
434 silly REMOVE node_modules/@humanwhocodes/retry
435 silly REMOVE node_modules/@humanfs/node
436 silly REMOVE node_modules/@humanfs/core
437 silly REMOVE node_modules/@eslint/plugin-kit
438 silly REMOVE node_modules/@eslint/object-schema
439 silly CHANGE node_modules/@eslint/js
440 silly CHANGE node_modules/@eslint/eslintrc
441 silly REMOVE node_modules/@eslint/eslintrc/node_modules/globals
442 silly REMOVE node_modules/@eslint/core
443 silly REMOVE node_modules/@eslint/config-helpers
444 silly REMOVE node_modules/@eslint/config-array
445 silly REMOVE node_modules/@eslint/config-array/node_modules/minimatch
446 silly REMOVE node_modules/@eslint/config-array/node_modules/brace-expansion
447 silly REMOVE node_modules/@eslint/config-array/node_modules/balanced-match
448 verbose cwd /Users/mucellabilican/myfrAIm
449 verbose os Darwin 24.6.0
450 verbose node v24.14.1
451 verbose npm  v11.11.0
452 verbose exit 0
453 info ok
